[2015.07.15-06.35.07:051][  0]Log file open, 07/15/15 02:35:07
[2015.07.15-06.35.07:051][  0]LogInit:Display: Running engine for game: MyProject3
[2015.07.15-06.35.07:051][  0]LogInit:Display: RandInit(701148475) SRandInit(701148476).
[2015.07.15-06.35.07:051][  0]LogTaskGraph: Started task graph with 4 named threads and 7 total threads.
[2015.07.15-06.35.07:051][  0]LogStats: Stats thread started
[2015.07.15-06.35.07:051][  0]LogInit: Version: 4.8.1-2591939+++depot+UE4-Releases+4.8
[2015.07.15-06.35.07:051][  0]LogInit: API Version: 2579680
[2015.07.15-06.35.07:051][  0]LogInit: Compiled (64-bit): Jun 18 2015 11:02:04
[2015.07.15-06.35.07:051][  0]LogInit: Compiled with Visual C++: 18.00.21005.01
[2015.07.15-06.35.07:051][  0]LogInit: Build Configuration: Development
[2015.07.15-06.35.07:051][  0]LogInit: Branch Name: ++depot+UE4-Releases+4.8
[2015.07.15-06.35.07:051][  0]LogInit: Command line:  /Temp/Autosaves/Game/FlyingBP/Maps/UEDPCFlyingExampleMap -game -PIEVIACONSOLE -ResX=1280 -ResY=720  -Multiprocess -featureleveles2 -faketouches 
[2015.07.15-06.35.07:051][  0]LogInit: Base directory: C:/Program Files/Epic Games/4.8/Engine/Binaries/Win64/
[2015.07.15-06.35.07:051][  0]LogInit: Rocket: 1
[2015.07.15-06.35.07:064][  0]LogInit: Using libcurl 7.41.0
[2015.07.15-06.35.07:064][  0]LogInit:  - built for x86_64-pc-win32
[2015.07.15-06.35.07:064][  0]LogInit:  - supports SSL with WinSSL
[2015.07.15-06.35.07:064][  0]LogInit:  - other features:
[2015.07.15-06.35.07:064][  0]LogInit:      CURL_VERSION_SSL
[2015.07.15-06.35.07:064][  0]LogInit:      CURL_VERSION_IPV6
[2015.07.15-06.35.07:064][  0]LogInit:      CURL_VERSION_ASYNCHDNS
[2015.07.15-06.35.07:064][  0]LogInit:      CURL_VERSION_LARGEFILE
[2015.07.15-06.35.07:064][  0]LogInit:      CURL_VERSION_IDN
[2015.07.15-06.35.07:064][  0]LogInit:  CurlRequestOptions (configurable via config and command line):
[2015.07.15-06.35.07:064][  0]LogInit:  - bVerifyPeer = true  - Libcurl will verify peer certificate
[2015.07.15-06.35.07:064][  0]LogInit:  - bUseHttpProxy = false  - Libcurl will NOT use HTTP proxy
[2015.07.15-06.35.07:064][  0]LogInit:  - bDontReuseConnections = false  - Libcurl will reuse connections
[2015.07.15-06.35.07:064][  0]LogInit:  - CertBundlePath = nullptr  - Libcurl will use whatever was configured at build time.
[2015.07.15-06.35.07:077][  0]LogOnline:Warning: No default platform service specified for OnlineSubsystem
[2015.07.15-06.35.07:092][  0]LogInit: Presizing for 0 objects not considered by GC, pre-allocating 0 bytes.
[2015.07.15-06.35.07:099][  0]LogInit: Object subsystem initialized
[2015.07.15-06.35.07:100][  0]LogConsoleResponse:Warning: Skipping Unknown console variable: 'TranslucentSortAxis = (X=0.000000,Y=-1.000000,Z=0.000000)'
[2015.07.15-06.35.07:100][  0]LogConsoleResponse:Warning:   Found in ini file 'C:/Users/Zane/Documents/Unreal Projects/MyProject3/Saved/Config/Windows/Engine.ini', in section '[/Script/Engine.RendererSettings]'
[2015.07.15-06.35.07:100][  0]LogConsoleResponse:Warning: Skipping Unknown console variable: 'UIScaleRule = ShortestSide'
[2015.07.15-06.35.07:100][  0]LogConsoleResponse:Warning:   Found in ini file 'C:/Users/Zane/Documents/Unreal Projects/MyProject3/Saved/Config/Windows/Engine.ini', in section '[/Script/Engine.RendererSettings]'
[2015.07.15-06.35.07:100][  0]LogConsoleResponse:Warning: Skipping Unknown console variable: 'UIScaleCurve = (EditorCurveData=(Keys=),ExternalCurve=None)'
[2015.07.15-06.35.07:100][  0]LogConsoleResponse:Warning:   Found in ini file 'C:/Users/Zane/Documents/Unreal Projects/MyProject3/Saved/Config/Windows/Engine.ini', in section '[/Script/Engine.RendererSettings]'
[2015.07.15-06.35.07:100][  0]LogInit: Selected Device Profile: [Windows]
[2015.07.15-06.35.07:100][  0]LogInit: Applying CVar settings loaded from the selected device profile: [Windows]
[2015.07.15-06.35.07:102][  0]LogInit: Computer: LOKI
[2015.07.15-06.35.07:102][  0]LogInit: User: Zane
[2015.07.15-06.35.07:102][  0]LogInit: CPU Page size=4096, Cores=4
[2015.07.15-06.35.07:102][  0]LogInit: High frequency timer resolution =2.338342 MHz
[2015.07.15-06.35.07:102][  0]LogMemory: Memory total: Physical=7.9GB (8GB approx)
[2015.07.15-06.35.07:103][  0]LogMemory: Platform Memory Stats for Windows
[2015.07.15-06.35.07:103][  0]LogMemory: Process Physical Memory: 49.41 MB used, 49.41 MB peak
[2015.07.15-06.35.07:103][  0]LogMemory: Process Virtual Memory: 22.45 MB used, 22.45 MB peak
[2015.07.15-06.35.07:103][  0]LogMemory: Physical Memory: 5919.14 MB used, 8100.97 MB total
[2015.07.15-06.35.07:103][  0]LogMemory: Virtual Memory: 293.14 MB used, 134217728.00 MB total
[2015.07.15-06.35.07:150][  0]LogTextLocalizationManager: The requested culture ('en_US') has no localization data; parent culture's ('en') localization data will be used.
[2015.07.15-06.35.07:376][  0]LogTextLocalizationManager:Warning: Loaded localization resources contain conflicting entries for (Namespace:ContentBrowser, Key:ImportAssetToolTip):
Localization Resource: (C:/Program Files/Epic Games/4.8/Engine/Content/Localization/Editor/en/Editor.locres) Source String Hash: (-630476809) Localized String: (Import to {0}...)
Localization Resource: (C:/Program Files/Epic Games/4.8/Engine/Content/Localization/Editor/en/Editor.locres) Source String Hash: (1271782899) Localized String: (Imports an asset from file to this folder.)
[2015.07.15-06.35.07:769][  0]LogD3D11RHI: Found D3D11 adapter 0: Intel(R) HD Graphics 4600 (Feature Level 11_0)
[2015.07.15-06.35.07:769][  0]LogD3D11RHI: Adapter has 0MB of dedicated video memory, 0MB of dedicated system memory, and 1792MB of shared system memory, 2 output[s]
[2015.07.15-06.35.07:782][  0]LogD3D11RHI: Found D3D11 adapter 1: NVIDIA GeForce GTX 765M  (Feature Level 11_0)
[2015.07.15-06.35.07:782][  0]LogD3D11RHI: Adapter has 1988MB of dedicated video memory, 0MB of dedicated system memory, and 2048MB of shared system memory, 0 output[s]
[2015.07.15-06.35.07:783][  0]LogD3D11RHI: Found D3D11 adapter 2: Microsoft Basic Render Driver (Feature Level 11_0)
[2015.07.15-06.35.07:783][  0]LogD3D11RHI: Adapter has 0MB of dedicated video memory, 0MB of dedicated system memory, and 256MB of shared system memory, 0 output[s]
[2015.07.15-06.35.07:783][  0]LogD3D11RHI: Chosen D3D11 Adapter Id = 0
[2015.07.15-06.35.07:789][  0]LogRHI: Texture pool is 1361 MB (70% of 1945 MB)
[2015.07.15-06.35.07:801][  0]LogD3D11RHI: Async texture creation enabled
[2015.07.15-06.35.07:811][  0]LogShaderCompilers:Display: Using Local Shader Compiler.
[2015.07.15-06.35.08:514][  0]LogTemp:Display: Loaded TP DesktopTargetPlatform
[2015.07.15-06.35.08:527][  0]LogTemp:Display: Loaded TP WindowsClientTargetPlatform
[2015.07.15-06.35.08:540][  0]LogTemp:Display: Loaded TP WindowsNoEditorTargetPlatform
[2015.07.15-06.35.08:553][  0]LogTemp:Display: Loaded TP WindowsServerTargetPlatform
[2015.07.15-06.35.08:567][  0]LogTemp:Display: Loaded TP WindowsTargetPlatform
[2015.07.15-06.35.08:579][  0]LogTemp:Display: Loaded TP AndroidTargetPlatform
[2015.07.15-06.35.08:593][  0]LogTemp:Display: Loaded TP Android_ASTCTargetPlatform
[2015.07.15-06.35.08:605][  0]LogTemp:Display: Loaded TP Android_ATCTargetPlatform
[2015.07.15-06.35.08:617][  0]LogTemp:Display: Loaded TP Android_DXTTargetPlatform
[2015.07.15-06.35.08:629][  0]LogTemp:Display: Loaded TP Android_ETC1TargetPlatform
[2015.07.15-06.35.08:641][  0]LogTemp:Display: Loaded TP Android_ETC2TargetPlatform
[2015.07.15-06.35.08:652][  0]LogTemp:Display: Loaded TP Android_PVRTCTargetPlatform
[2015.07.15-06.35.08:696][  0]LogTemp:Display: Loaded TP IOSTargetPlatform
[2015.07.15-06.35.08:708][  0]LogTemp:Display: Loaded TP LinuxNoEditorTargetPlatform
[2015.07.15-06.35.08:721][  0]LogTemp:Display: Loaded TP LinuxServerTargetPlatform
[2015.07.15-06.35.08:734][  0]LogTemp:Display: Loaded TP LinuxTargetPlatform
[2015.07.15-06.35.08:734][  0]LogTargetPlatformManager:Display: Building Assets For Windows
[2015.07.15-06.35.08:908][  0]LogDerivedDataCache:Display: Max Cache Size: 512 MB
[2015.07.15-06.35.08:976][  0]LogDerivedDataCache: Loaded boot cache 0.07s 53MB C:/Users/Zane/AppData/Local/UnrealEngine/4.8/DerivedDataCache/Boot.ddc.
[2015.07.15-06.35.08:976][  0]LogDerivedDataCache:Display: Loaded Boot cache: C:/Users/Zane/AppData/Local/UnrealEngine/4.8/DerivedDataCache/Boot.ddc
[2015.07.15-06.35.08:976][  0]LogDerivedDataCache: FDerivedDataBackendGraph:  Pak pak cache file ../../../../../../Users/Zane/Documents/Unreal Projects/MyProject3/DerivedDataCache/DDC.ddp not found, will not use a pak cache.
[2015.07.15-06.35.08:976][  0]LogDerivedDataCache: Unable to find inner node Pak for hierarchical cache Hierarchy.
[2015.07.15-06.35.08:976][  0]LogDerivedDataCache: FDerivedDataBackendGraph:  CompressedPak pak cache file ../../../../../../Users/Zane/Documents/Unreal Projects/MyProject3/DerivedDataCache/Compressed.ddp not found, will not use a pak cache.
[2015.07.15-06.35.08:976][  0]LogDerivedDataCache: Unable to find inner node CompressedPak for hierarchical cache Hierarchy.
[2015.07.15-06.35.09:123][  0]LogDerivedDataCache:Display: Pak cache opened for reading ../../../Engine/DerivedDataCache/Compressed.ddp.
[2015.07.15-06.35.09:135][  0]LogDerivedDataCache: Using Local data cache path C:/Users/Zane/AppData/Local/UnrealEngine/Common/DerivedDataCache: Writable
[2015.07.15-06.35.09:313][  0]LogInit: Selected Device Profile: [Windows]
[2015.07.15-06.35.09:371][  0]ImportText (ComponentSweepMultiTests): Missing closing parenthesis: (RootShapeAsset="/Engine/BasicShapes/Cube.Cube",ShapeType="TriggerCapsule",HitResult=(Time=0.50,Location=(X=-100.000015,Y=0.0,Z=100.000015),ImpactPoint=(X=-50.0,Y=0.0,Z=50.0),Normal=(X=-1.0,Y=-0.0,Z=0.0),ImpactNormal=(X=0.0,Y=0.0,Z=1.0),TraceStart=(X=-200.0,Y=0.0,Z=200.0),TraceEnd=(X=0.0,Y=0.0,Z=0.0))
[2015.07.15-06.35.09:371][  0]ImportText (LineTraceSingleByChannelTests): Missing closing parenthesis: (RootShapeAsset="/Engine/BasicShapes/Cube.Cube",HitResult=(Time=0.50,Location=(X=-100.000015,Y=0.0,Z=100.000015),ImpactPoint=(X=-50.0,Y=0.0,Z=50.0),Normal=(X=-1.0,Y=-0.0,Z=0.0),ImpactNormal=(X=0.0,Y=0.0,Z=1.0),TraceStart=(X=-200.0,Y=0.0,Z=200.0),TraceEnd=(X=0.0,Y=0.0,Z=0.0))
[2015.07.15-06.35.09:401][  0]LogMeshUtilities: No automatic mesh reduction module available
[2015.07.15-06.35.09:401][  0]LogMeshUtilities: No automatic mesh merging module available
[2015.07.15-06.35.09:746][  0]LogInit: WinSock: version 1.1 (2.2), MaxSocks=32767, MaxUdp=65467
[2015.07.15-06.35.10:128][  0]LogWindowsMoviePlayer: Unable to load movie: ../../../../../../Users/Zane/Documents/Unreal Projects/MyProject3/Content/Movies/Default_Startup.mp4
[2015.07.15-06.35.10:273][  0]SourceControl: Info Source control is disabled
[2015.07.15-06.35.10:273][  0]SourceControl: Info Source control is disabled
[2015.07.15-06.35.10:286][  0]SourceControl: Info Source control is disabled
[2015.07.15-06.35.10:466][  0]LogObj: 25781 objects as part of root set at end of initial load.
[2015.07.15-06.35.10:466][  0]LogUObjectAllocator: 5195968 out of 0 bytes used by permanent object pool.
[2015.07.15-06.35.10:530][  0]LogAutomationTest:Warning: ERR: Transient text cannot be serialized "Testing Transient serialization detection".
[2015.07.15-06.35.10:530][  0]LogEngine: Initializing Engine...
[2015.07.15-06.35.10:532][  0]LogHMD: Can't find Oculus library dev build: is proper Runtime installed? Version: 0.6.0.0
[2015.07.15-06.35.10:533][  0]LogHMD:Warning: SteamVR failed to initialize.  Error: 110
[2015.07.15-06.35.10:563][  0]LogMaterial: Missing cached shader map for material MAT_LevelColorationLitLightmapUV, compiling. Is special engine material.
[2015.07.15-06.35.10:563][  0]LogMaterial:Warning: Failed to compile Material /Engine/EngineDebugMaterials/MAT_LevelColorationLitLightmapUV.MAT_LevelColorationLitLightmapUV for platform PCD3D_ES2, Default Material will be used in game.
[2015.07.15-06.35.10:563][  0]LogMaterial:Warning: 	(Node LightmapUVs) Node not supported in feature level ES2
[2015.07.15-06.35.10:600][  0]LogInit: XAudio2 using 'Speakers (Realtek High Definition Audio)' : 2 channels at 48 kHz using 32 bits per sample (channel mask 0x3)
[2015.07.15-06.35.10:608][  0]LogInit: FAudioDevice initialized.
[2015.07.15-06.35.10:617][  0]LogInit: Texture streaming: Disabled
[2015.07.15-06.35.10:669][  0]LogNet: Browse: /Temp/Autosaves/Game/FlyingBP/Maps/UEDPCFlyingExampleMap?Name=Player
[2015.07.15-06.35.10:669][  0]LogLoad: LoadMap: /Temp/Autosaves/Game/FlyingBP/Maps/UEDPCFlyingExampleMap?Name=Player
[2015.07.15-06.35.10:678][  0]LogParticles: Destroying 0 GPU particle simulations for FXSystem 0x0000000617ADC4A0
[2015.07.15-06.35.10:686][  0]LogMemory: Platform Memory Stats for Windows
[2015.07.15-06.35.10:686][  0]LogMemory: Process Physical Memory: 356.19 MB used, 356.20 MB peak
[2015.07.15-06.35.10:686][  0]LogMemory: Process Virtual Memory: 295.49 MB used, 298.32 MB peak
[2015.07.15-06.35.10:686][  0]LogMemory: Physical Memory: 6188.35 MB used, 8100.97 MB total
[2015.07.15-06.35.10:686][  0]LogMemory: Virtual Memory: 840.39 MB used, 134217728.00 MB total
[2015.07.15-06.35.10:686][  0]LogMemory: 
[2015.07.15-06.35.10:686][  0]Allocator Stats for TBB: (not implemented)
[2015.07.15-06.35.11:016][  0]LogProperty:Warning: ERR: Transient text cannot be serialized "ReturnValue Z".
[2015.07.15-06.35.11:016][  0]LogProperty:Warning: ERR: Transient text cannot be serialized "ReturnValue Y".
[2015.07.15-06.35.11:016][  0]LogProperty:Warning: ERR: Transient text cannot be serialized "ReturnValue X".
[2015.07.15-06.35.11:016][  0]LogProperty:Warning: ERR: Transient text cannot be serialized "ReturnValue Y".
[2015.07.15-06.35.11:016][  0]LogProperty:Warning: ERR: Transient text cannot be serialized "ReturnValue Z".
[2015.07.15-06.35.11:016][  0]LogProperty:Warning: ERR: Transient text cannot be serialized "ReturnValue X".
[2015.07.15-06.35.11:017][  0]LogProperty:Warning: ERR: Transient text cannot be serialized "ReturnValue Roll".
[2015.07.15-06.35.11:017][  0]LogProperty:Warning: ERR: Transient text cannot be serialized "ReturnValue Yaw".
[2015.07.15-06.35.11:017][  0]LogProperty:Warning: ERR: Transient text cannot be serialized "ReturnValue Pitch".
[2015.07.15-06.35.11:017][  0]LogProperty:Warning: ERR: Transient text cannot be serialized "DeltaLocation Y".
[2015.07.15-06.35.11:017][  0]LogProperty:Warning: ERR: Transient text cannot be serialized "DeltaLocation Z".
[2015.07.15-06.35.11:017][  0]LogProperty:Warning: ERR: Transient text cannot be serialized "DeltaLocation X".
[2015.07.15-06.35.11:017][  0]LogProperty:Warning: ERR: Transient text cannot be serialized "ReturnValue Roll".
[2015.07.15-06.35.11:017][  0]LogProperty:Warning: ERR: Transient text cannot be serialized "ReturnValue Yaw".
[2015.07.15-06.35.11:017][  0]LogProperty:Warning: ERR: Transient text cannot be serialized "ReturnValue Pitch".
[2015.07.15-06.35.11:286][  0]LogProperty:Warning: ERR: Transient text cannot be serialized "ReturnValue Z".
[2015.07.15-06.35.11:286][  0]LogProperty:Warning: ERR: Transient text cannot be serialized "ReturnValue Y".
[2015.07.15-06.35.11:286][  0]LogProperty:Warning: ERR: Transient text cannot be serialized "ReturnValue X".
[2015.07.15-06.35.11:286][  0]LogProperty:Warning: ERR: Transient text cannot be serialized "ReturnValue Y".
[2015.07.15-06.35.11:286][  0]LogProperty:Warning: ERR: Transient text cannot be serialized "ReturnValue Z".
[2015.07.15-06.35.11:286][  0]LogProperty:Warning: ERR: Transient text cannot be serialized "ReturnValue X".
[2015.07.15-06.35.11:286][  0]LogProperty:Warning: ERR: Transient text cannot be serialized "ReturnValue Roll".
[2015.07.15-06.35.11:286][  0]LogProperty:Warning: ERR: Transient text cannot be serialized "ReturnValue Yaw".
[2015.07.15-06.35.11:286][  0]LogProperty:Warning: ERR: Transient text cannot be serialized "ReturnValue Pitch".
[2015.07.15-06.35.11:286][  0]LogProperty:Warning: ERR: Transient text cannot be serialized "DeltaLocation Y".
[2015.07.15-06.35.11:286][  0]LogProperty:Warning: ERR: Transient text cannot be serialized "DeltaLocation Z".
[2015.07.15-06.35.11:286][  0]LogProperty:Warning: ERR: Transient text cannot be serialized "DeltaLocation X".
[2015.07.15-06.35.11:287][  0]LogProperty:Warning: ERR: Transient text cannot be serialized "ReturnValue Roll".
[2015.07.15-06.35.11:287][  0]LogProperty:Warning: ERR: Transient text cannot be serialized "ReturnValue Yaw".
[2015.07.15-06.35.11:287][  0]LogProperty:Warning: ERR: Transient text cannot be serialized "ReturnValue Pitch".
[2015.07.15-06.35.11:748][  0]LogAIModule: Creating AISystem for world FlyingExampleMap
[2015.07.15-06.35.11:748][  0]LogWorld: Game class is 'FlyingGameMode_C'
[2015.07.15-06.35.11:758][  0]LogWorld: Bringing World /Temp/Autosaves/Game/FlyingBP/Maps/UEDPCFlyingExampleMap.FlyingExampleMap up for play (max tick rate 0) at 2015.07.15-02.35.11
[2015.07.15-06.35.11:758][  0]LogWorld: Bringing up level for play took: 0.002399
[2015.07.15-06.35.11:759][  0]LogLinker:Warning: Can't find file '/Game/NewTouchInterface'
[2015.07.15-06.35.11:759][  0]LogUObjectGlobals:Warning: Failed to load '/Game/NewTouchInterface': Can't find file '/Game/NewTouchInterface'
[2015.07.15-06.35.11:759][  0]LogLinker:Warning: Can't find file '/Game/NewTouchInterface'
[2015.07.15-06.35.11:759][  0]LogUObjectGlobals:Warning: Failed to load '/Game/NewTouchInterface': Can't find file '/Game/NewTouchInterface'
[2015.07.15-06.35.11:759][  0]LogLinker:Warning: Can't find file '/Game/NewTouchInterface'
[2015.07.15-06.35.11:759][  0]LogUObjectGlobals:Warning: Failed to load '/Game/NewTouchInterface': Can't find file '/Game/NewTouchInterface'
[2015.07.15-06.35.11:759][  0]LogUObjectGlobals:Warning: Failed to find object 'TouchInterface /Game/NewTouchInterface.NewTouchInterface'
[2015.07.15-06.35.11:786][  0]LogInit:Display: Game Engine Initialized.
[2015.07.15-06.35.12:018][  0]LogAssetRegistry: FAssetRegistry took 0.0002 seconds to start up
[2015.07.15-06.35.12:018][  0]LogLoad: Full Startup: 6.07 seconds (BP compile: 0.34 seconds)
[2015.07.15-06.35.12:037][  0]LogRenderer: Reallocating scene render targets to support 128x128 (Frame:1).
[2015.07.15-06.35.12:068][  0]LogContentStreaming: Texture pool size is 1000.000000MB
[2015.07.15-06.35.12:151][  1]LogRenderer: Reallocating scene render targets to support 1280x720 (Frame:2).
[2015.07.15-06.35.12:152][  1]LogScript:Warning: Divide by zero: Divide_FloatFloat
[2015.07.15-06.35.12:190][  2]LogScript:Warning: Divide by zero: Divide_FloatFloat
[2015.07.15-06.35.12:206][  3]LogScript:Warning: Divide by zero: Divide_FloatFloat
[2015.07.15-06.35.12:222][  4]LogScript:Warning: Divide by zero: Divide_FloatFloat
[2015.07.15-06.35.12:238][  5]LogScript:Warning: Divide by zero: Divide_FloatFloat
[2015.07.15-06.35.12:254][  6]LogScript:Warning: Divide by zero: Divide_FloatFloat
[2015.07.15-06.35.12:289][  7]LogScript:Warning: Divide by zero: Divide_FloatFloat
[2015.07.15-06.35.12:304][  8]LogScript:Warning: Divide by zero: Divide_FloatFloat
[2015.07.15-06.35.12:320][  9]LogScript:Warning: Divide by zero: Divide_FloatFloat
[2015.07.15-06.35.12:336][ 10]LogScript:Warning: Divide by zero: Divide_FloatFloat
[2015.07.15-06.35.12:354][ 11]LogScript:Warning: Divide by zero: Divide_FloatFloat
[2015.07.15-06.35.12:369][ 12]LogScript:Warning: Divide by zero: Divide_FloatFloat
[2015.07.15-06.35.12:384][ 13]LogScript:Warning: Divide by zero: Divide_FloatFloat
[2015.07.15-06.35.12:400][ 14]LogScript:Warning: Divide by zero: Divide_FloatFloat
[2015.07.15-06.35.12:417][ 15]LogScript:Warning: Divide by zero: Divide_FloatFloat
[2015.07.15-06.35.12:433][ 16]LogScript:Warning: Divide by zero: Divide_FloatFloat
[2015.07.15-06.35.12:449][ 17]LogScript:Warning: Divide by zero: Divide_FloatFloat
[2015.07.15-06.35.12:465][ 18]LogScript:Warning: Divide by zero: Divide_FloatFloat
[2015.07.15-06.35.12:482][ 19]LogScript:Warning: Divide by zero: Divide_FloatFloat
[2015.07.15-06.35.12:497][ 20]LogScript:Warning: Divide by zero: Divide_FloatFloat
[2015.07.15-06.35.12:513][ 21]LogScript:Warning: Divide by zero: Divide_FloatFloat
[2015.07.15-06.35.12:530][ 22]LogScript:Warning: Divide by zero: Divide_FloatFloat
[2015.07.15-06.35.12:546][ 23]LogScript:Warning: Divide by zero: Divide_FloatFloat
[2015.07.15-06.35.12:562][ 24]LogScript:Warning: Divide by zero: Divide_FloatFloat
[2015.07.15-06.35.12:578][ 25]LogScript:Warning: Divide by zero: Divide_FloatFloat
[2015.07.15-06.35.12:595][ 26]LogScript:Warning: Divide by zero: Divide_FloatFloat
[2015.07.15-06.35.12:611][ 27]LogScript:Warning: Divide by zero: Divide_FloatFloat
[2015.07.15-06.35.12:626][ 28]LogScript:Warning: Divide by zero: Divide_FloatFloat
[2015.07.15-06.35.12:643][ 29]LogScript:Warning: Divide by zero: Divide_FloatFloat
[2015.07.15-06.35.12:659][ 30]LogScript:Warning: Divide by zero: Divide_FloatFloat
[2015.07.15-06.35.12:675][ 31]LogScript:Warning: Divide by zero: Divide_FloatFloat
[2015.07.15-06.35.12:691][ 32]LogScript:Warning: Divide by zero: Divide_FloatFloat
[2015.07.15-06.35.12:707][ 33]LogScript:Warning: Divide by zero: Divide_FloatFloat
[2015.07.15-06.35.12:723][ 34]LogScript:Warning: Divide by zero: Divide_FloatFloat
[2015.07.15-06.35.12:739][ 35]LogScript:Warning: Divide by zero: Divide_FloatFloat
[2015.07.15-06.35.12:756][ 36]LogScript:Warning: Divide by zero: Divide_FloatFloat
[2015.07.15-06.35.12:772][ 37]LogScript:Warning: Divide by zero: Divide_FloatFloat
[2015.07.15-06.35.12:788][ 38]LogScript:Warning: Divide by zero: Divide_FloatFloat
[2015.07.15-06.35.12:804][ 39]LogScript:Warning: Divide by zero: Divide_FloatFloat
[2015.07.15-06.35.12:821][ 40]LogScript:Warning: Divide by zero: Divide_FloatFloat
[2015.07.15-06.35.12:837][ 41]LogScript:Warning: Divide by zero: Divide_FloatFloat
[2015.07.15-06.35.12:853][ 42]LogScript:Warning: Divide by zero: Divide_FloatFloat
[2015.07.15-06.35.12:869][ 43]LogScript:Warning: Divide by zero: Divide_FloatFloat
[2015.07.15-06.35.14:874][166]LogNet: Browse: /Temp/Autosaves/Game/FlyingBP/Maps/UEDPCFlyingExampleMap?Name=Player?restart
[2015.07.15-06.35.14:874][166]LogLoad: LoadMap: /Temp/Autosaves/Game/FlyingBP/Maps/UEDPCFlyingExampleMap?Name=Player
[2015.07.15-06.35.14:909][166]LogParticles: Destroying 0 GPU particle simulations for FXSystem 0x0000000610606020
[2015.07.15-06.35.14:998][166]LogMemory: Platform Memory Stats for Windows
[2015.07.15-06.35.14:998][166]LogMemory: Process Physical Memory: 379.30 MB used, 401.56 MB peak
[2015.07.15-06.35.14:998][166]LogMemory: Process Virtual Memory: 309.44 MB used, 338.63 MB peak
[2015.07.15-06.35.14:998][166]LogMemory: Physical Memory: 6202.84 MB used, 8100.97 MB total
[2015.07.15-06.35.14:998][166]LogMemory: Virtual Memory: 889.97 MB used, 134217728.00 MB total
[2015.07.15-06.35.14:998][166]LogMemory: 
[2015.07.15-06.35.14:998][166]Allocator Stats for TBB: (not implemented)
[2015.07.15-06.35.15:339][166]LogProperty:Warning: ERR: Transient text cannot be serialized "ReturnValue Z".
[2015.07.15-06.35.15:339][166]LogProperty:Warning: ERR: Transient text cannot be serialized "ReturnValue Y".
[2015.07.15-06.35.15:339][166]LogProperty:Warning: ERR: Transient text cannot be serialized "ReturnValue X".
[2015.07.15-06.35.15:339][166]LogProperty:Warning: ERR: Transient text cannot be serialized "ReturnValue Y".
[2015.07.15-06.35.15:339][166]LogProperty:Warning: ERR: Transient text cannot be serialized "ReturnValue Z".
[2015.07.15-06.35.15:339][166]LogProperty:Warning: ERR: Transient text cannot be serialized "ReturnValue X".
[2015.07.15-06.35.15:340][166]LogProperty:Warning: ERR: Transient text cannot be serialized "ReturnValue Roll".
[2015.07.15-06.35.15:340][166]LogProperty:Warning: ERR: Transient text cannot be serialized "ReturnValue Yaw".
[2015.07.15-06.35.15:340][166]LogProperty:Warning: ERR: Transient text cannot be serialized "ReturnValue Pitch".
[2015.07.15-06.35.15:340][166]LogProperty:Warning: ERR: Transient text cannot be serialized "DeltaLocation Y".
[2015.07.15-06.35.15:340][166]LogProperty:Warning: ERR: Transient text cannot be serialized "DeltaLocation Z".
[2015.07.15-06.35.15:340][166]LogProperty:Warning: ERR: Transient text cannot be serialized "DeltaLocation X".
[2015.07.15-06.35.15:340][166]LogProperty:Warning: ERR: Transient text cannot be serialized "ReturnValue Roll".
[2015.07.15-06.35.15:340][166]LogProperty:Warning: ERR: Transient text cannot be serialized "ReturnValue Yaw".
[2015.07.15-06.35.15:340][166]LogProperty:Warning: ERR: Transient text cannot be serialized "ReturnValue Pitch".
[2015.07.15-06.35.15:600][166]LogProperty:Warning: ERR: Transient text cannot be serialized "ReturnValue Z".
[2015.07.15-06.35.15:600][166]LogProperty:Warning: ERR: Transient text cannot be serialized "ReturnValue Y".
[2015.07.15-06.35.15:600][166]LogProperty:Warning: ERR: Transient text cannot be serialized "ReturnValue X".
[2015.07.15-06.35.15:600][166]LogProperty:Warning: ERR: Transient text cannot be serialized "ReturnValue Y".
[2015.07.15-06.35.15:600][166]LogProperty:Warning: ERR: Transient text cannot be serialized "ReturnValue Z".
[2015.07.15-06.35.15:600][166]LogProperty:Warning: ERR: Transient text cannot be serialized "ReturnValue X".
[2015.07.15-06.35.15:601][166]LogProperty:Warning: ERR: Transient text cannot be serialized "ReturnValue Roll".
[2015.07.15-06.35.15:601][166]LogProperty:Warning: ERR: Transient text cannot be serialized "ReturnValue Yaw".
[2015.07.15-06.35.15:601][166]LogProperty:Warning: ERR: Transient text cannot be serialized "ReturnValue Pitch".
[2015.07.15-06.35.15:601][166]LogProperty:Warning: ERR: Transient text cannot be serialized "DeltaLocation Y".
[2015.07.15-06.35.15:601][166]LogProperty:Warning: ERR: Transient text cannot be serialized "DeltaLocation Z".
[2015.07.15-06.35.15:601][166]LogProperty:Warning: ERR: Transient text cannot be serialized "DeltaLocation X".
[2015.07.15-06.35.15:601][166]LogProperty:Warning: ERR: Transient text cannot be serialized "ReturnValue Roll".
[2015.07.15-06.35.15:601][166]LogProperty:Warning: ERR: Transient text cannot be serialized "ReturnValue Yaw".
[2015.07.15-06.35.15:601][166]LogProperty:Warning: ERR: Transient text cannot be serialized "ReturnValue Pitch".
[2015.07.15-06.35.15:785][166]LogAIModule: Creating AISystem for world FlyingExampleMap
[2015.07.15-06.35.15:785][166]LogWorld: Game class is 'FlyingGameMode_C'
[2015.07.15-06.35.15:795][166]LogWorld: Bringing World /Temp/Autosaves/Game/FlyingBP/Maps/UEDPCFlyingExampleMap.FlyingExampleMap up for play (max tick rate 0) at 2015.07.15-02.35.15
[2015.07.15-06.35.15:795][166]LogWorld: Bringing up level for play took: 0.001845
[2015.07.15-06.35.15:795][166]LogLinker:Warning: Can't find file '/Game/NewTouchInterface'
[2015.07.15-06.35.15:795][166]LogUObjectGlobals:Warning: Failed to load '/Game/NewTouchInterface': Can't find file '/Game/NewTouchInterface'
[2015.07.15-06.35.15:795][166]LogLinker:Warning: Can't find file '/Game/NewTouchInterface'
[2015.07.15-06.35.15:795][166]LogUObjectGlobals:Warning: Failed to load '/Game/NewTouchInterface': Can't find file '/Game/NewTouchInterface'
[2015.07.15-06.35.15:795][166]LogLinker:Warning: Can't find file '/Game/NewTouchInterface'
[2015.07.15-06.35.15:795][166]LogUObjectGlobals:Warning: Failed to load '/Game/NewTouchInterface': Can't find file '/Game/NewTouchInterface'
[2015.07.15-06.35.15:795][166]LogUObjectGlobals:Warning: Failed to find object 'TouchInterface /Game/NewTouchInterface.NewTouchInterface'
[2015.07.15-06.35.15:846][166]LogScript:Warning: Divide by zero: Divide_FloatFloat
[2015.07.15-06.35.15:849][167]LogScript:Warning: Divide by zero: Divide_FloatFloat
[2015.07.15-06.35.15:868][168]LogScript:Warning: Divide by zero: Divide_FloatFloat
[2015.07.15-06.35.15:884][169]LogScript:Warning: Divide by zero: Divide_FloatFloat
[2015.07.15-06.35.15:901][170]LogScript:Warning: Divide by zero: Divide_FloatFloat
[2015.07.15-06.35.15:916][171]LogScript:Warning: Divide by zero: Divide_FloatFloat
[2015.07.15-06.35.15:933][172]LogScript:Warning: Divide by zero: Divide_FloatFloat
[2015.07.15-06.35.15:949][173]LogScript:Warning: Divide by zero: Divide_FloatFloat
[2015.07.15-06.35.15:966][174]LogScript:Warning: Divide by zero: Divide_FloatFloat
[2015.07.15-06.35.15:981][175]LogScript:Warning: Divide by zero: Divide_FloatFloat
[2015.07.15-06.35.15:997][176]LogScript:Warning: Divide by zero: Divide_FloatFloat
[2015.07.15-06.35.16:013][177]LogScript:Warning: Divide by zero: Divide_FloatFloat
[2015.07.15-06.35.16:030][178]LogScript:Warning: Divide by zero: Divide_FloatFloat
[2015.07.15-06.35.16:056][179]LogScript:Warning: Divide by zero: Divide_FloatFloat
[2015.07.15-06.35.16:072][180]LogScript:Warning: Divide by zero: Divide_FloatFloat
[2015.07.15-06.35.16:088][181]LogScript:Warning: Divide by zero: Divide_FloatFloat
[2015.07.15-06.35.16:104][182]LogScript:Warning: Divide by zero: Divide_FloatFloat
[2015.07.15-06.35.16:121][183]LogScript:Warning: Divide by zero: Divide_FloatFloat
[2015.07.15-06.35.16:137][184]LogScript:Warning: Divide by zero: Divide_FloatFloat
[2015.07.15-06.35.16:153][185]LogScript:Warning: Divide by zero: Divide_FloatFloat
[2015.07.15-06.35.16:168][186]LogScript:Warning: Divide by zero: Divide_FloatFloat
[2015.07.15-06.35.16:185][187]LogScript:Warning: Divide by zero: Divide_FloatFloat
[2015.07.15-06.35.16:201][188]LogScript:Warning: Divide by zero: Divide_FloatFloat
[2015.07.15-06.35.16:217][189]LogScript:Warning: Divide by zero: Divide_FloatFloat
[2015.07.15-06.35.16:233][190]LogScript:Warning: Divide by zero: Divide_FloatFloat
[2015.07.15-06.35.16:249][191]LogScript:Warning: Divide by zero: Divide_FloatFloat
[2015.07.15-06.35.16:265][192]LogScript:Warning: Divide by zero: Divide_FloatFloat
[2015.07.15-06.35.16:282][193]LogScript:Warning: Divide by zero: Divide_FloatFloat
[2015.07.15-06.35.16:299][194]LogScript:Warning: Divide by zero: Divide_FloatFloat
[2015.07.15-06.35.16:314][195]LogScript:Warning: Divide by zero: Divide_FloatFloat
[2015.07.15-06.35.16:330][196]LogScript:Warning: Divide by zero: Divide_FloatFloat
[2015.07.15-06.35.16:346][197]LogScript:Warning: Divide by zero: Divide_FloatFloat
[2015.07.15-06.35.16:362][198]LogScript:Warning: Divide by zero: Divide_FloatFloat
[2015.07.15-06.35.16:379][199]LogScript:Warning: Divide by zero: Divide_FloatFloat
[2015.07.15-06.35.16:394][200]LogScript:Warning: Divide by zero: Divide_FloatFloat
[2015.07.15-06.35.16:410][201]LogScript:Warning: Divide by zero: Divide_FloatFloat
[2015.07.15-06.35.16:427][202]LogScript:Warning: Divide by zero: Divide_FloatFloat
[2015.07.15-06.35.16:443][203]LogScript:Warning: Divide by zero: Divide_FloatFloat
[2015.07.15-06.35.16:459][204]LogScript:Warning: Divide by zero: Divide_FloatFloat
[2015.07.15-06.35.16:475][205]LogScript:Warning: Divide by zero: Divide_FloatFloat
[2015.07.15-06.35.16:491][206]LogScript:Warning: Divide by zero: Divide_FloatFloat
[2015.07.15-06.35.16:507][207]LogScript:Warning: Divide by zero: Divide_FloatFloat
[2015.07.15-06.35.16:524][208]LogScript:Warning: Divide by zero: Divide_FloatFloat
[2015.07.15-06.35.16:539][209]LogScript:Warning: Divide by zero: Divide_FloatFloat
[2015.07.15-06.35.16:555][210]LogScript:Warning: Divide by zero: Divide_FloatFloat
[2015.07.15-06.35.16:572][211]LogScript:Warning: Divide by zero: Divide_FloatFloat
[2015.07.15-06.35.16:588][212]LogScript:Warning: Divide by zero: Divide_FloatFloat
[2015.07.15-06.35.16:604][213]LogScript:Warning: Divide by zero: Divide_FloatFloat
[2015.07.15-06.35.16:620][214]LogScript:Warning: Divide by zero: Divide_FloatFloat
[2015.07.15-06.35.16:636][215]LogScript:Warning: Divide by zero: Divide_FloatFloat
[2015.07.15-06.35.16:652][216]LogScript:Warning: Divide by zero: Divide_FloatFloat
[2015.07.15-06.35.16:668][217]LogScript:Warning: Divide by zero: Divide_FloatFloat
[2015.07.15-06.35.16:684][218]LogScript:Warning: Divide by zero: Divide_FloatFloat
[2015.07.15-06.35.16:701][219]LogScript:Warning: Divide by zero: Divide_FloatFloat
[2015.07.15-06.35.16:717][220]LogScript:Warning: Divide by zero: Divide_FloatFloat
[2015.07.15-06.35.16:733][221]LogScript:Warning: Divide by zero: Divide_FloatFloat
[2015.07.15-06.35.16:749][222]LogScript:Warning: Divide by zero: Divide_FloatFloat
[2015.07.15-06.35.16:765][223]LogScript:Warning: Divide by zero: Divide_FloatFloat
[2015.07.15-06.35.16:782][224]LogScript:Warning: Divide by zero: Divide_FloatFloat
[2015.07.15-06.35.16:797][225]LogScript:Warning: Divide by zero: Divide_FloatFloat
[2015.07.15-06.35.16:813][226]LogScript:Warning: Divide by zero: Divide_FloatFloat
[2015.07.15-06.35.16:829][227]LogScript:Warning: Divide by zero: Divide_FloatFloat
[2015.07.15-06.35.16:846][228]LogScript:Warning: Divide by zero: Divide_FloatFloat
[2015.07.15-06.35.16:862][229]LogScript:Warning: Divide by zero: Divide_FloatFloat
[2015.07.15-06.35.16:878][230]LogScript:Warning: Divide by zero: Divide_FloatFloat
[2015.07.15-06.35.16:895][231]LogScript:Warning: Divide by zero: Divide_FloatFloat
[2015.07.15-06.35.16:910][232]LogScript:Warning: Divide by zero: Divide_FloatFloat
[2015.07.15-06.35.16:927][233]LogScript:Warning: Divide by zero: Divide_FloatFloat
[2015.07.15-06.35.16:943][234]LogScript:Warning: Divide by zero: Divide_FloatFloat
[2015.07.15-06.35.16:959][235]LogScript:Warning: Divide by zero: Divide_FloatFloat
[2015.07.15-06.35.16:975][236]LogScript:Warning: Divide by zero: Divide_FloatFloat
[2015.07.15-06.35.16:991][237]LogScript:Warning: Divide by zero: Divide_FloatFloat
[2015.07.15-06.35.17:007][238]LogScript:Warning: Divide by zero: Divide_FloatFloat
[2015.07.15-06.35.17:023][239]LogScript:Warning: Divide by zero: Divide_FloatFloat
[2015.07.15-06.35.17:039][240]LogScript:Warning: Divide by zero: Divide_FloatFloat
[2015.07.15-06.35.17:056][241]LogScript:Warning: Divide by zero: Divide_FloatFloat
[2015.07.15-06.35.17:072][242]LogScript:Warning: Divide by zero: Divide_FloatFloat
[2015.07.15-06.35.17:088][243]LogScript:Warning: Divide by zero: Divide_FloatFloat
[2015.07.15-06.35.17:104][244]LogScript:Warning: Divide by zero: Divide_FloatFloat
[2015.07.15-06.35.17:120][245]LogScript:Warning: Divide by zero: Divide_FloatFloat
[2015.07.15-06.35.17:136][246]LogScript:Warning: Divide by zero: Divide_FloatFloat
[2015.07.15-06.35.17:152][247]LogScript:Warning: Divide by zero: Divide_FloatFloat
[2015.07.15-06.35.17:168][248]LogScript:Warning: Divide by zero: Divide_FloatFloat
[2015.07.15-06.35.17:185][249]LogScript:Warning: Divide by zero: Divide_FloatFloat
[2015.07.15-06.35.17:201][250]LogScript:Warning: Divide by zero: Divide_FloatFloat
[2015.07.15-06.35.17:217][251]LogScript:Warning: Divide by zero: Divide_FloatFloat
[2015.07.15-06.35.17:233][252]LogScript:Warning: Divide by zero: Divide_FloatFloat
[2015.07.15-06.35.17:249][253]LogScript:Warning: Divide by zero: Divide_FloatFloat
[2015.07.15-06.35.17:266][254]LogScript:Warning: Divide by zero: Divide_FloatFloat
[2015.07.15-06.35.17:281][255]LogScript:Warning: Divide by zero: Divide_FloatFloat
[2015.07.15-06.35.17:297][256]LogScript:Warning: Divide by zero: Divide_FloatFloat
[2015.07.15-06.35.17:313][257]LogScript:Warning: Divide by zero: Divide_FloatFloat
[2015.07.15-06.35.17:330][258]LogScript:Warning: Divide by zero: Divide_FloatFloat
[2015.07.15-06.35.17:346][259]LogScript:Warning: Divide by zero: Divide_FloatFloat
[2015.07.15-06.35.17:362][260]LogScript:Warning: Divide by zero: Divide_FloatFloat
[2015.07.15-06.35.17:378][261]LogScript:Warning: Divide by zero: Divide_FloatFloat
[2015.07.15-06.35.17:394][262]LogScript:Warning: Divide by zero: Divide_FloatFloat
[2015.07.15-06.35.17:410][263]LogScript:Warning: Divide by zero: Divide_FloatFloat
[2015.07.15-06.35.17:426][264]LogScript:Warning: Divide by zero: Divide_FloatFloat
[2015.07.15-06.35.17:442][265]LogScript:Warning: Divide by zero: Divide_FloatFloat
[2015.07.15-06.35.17:458][266]LogScript:Warning: Divide by zero: Divide_FloatFloat
[2015.07.15-06.35.17:475][267]LogScript:Warning: Divide by zero: Divide_FloatFloat
[2015.07.15-06.35.17:491][268]LogScript:Warning: Divide by zero: Divide_FloatFloat
[2015.07.15-06.35.17:507][269]LogScript:Warning: Divide by zero: Divide_FloatFloat
[2015.07.15-06.35.17:523][270]LogScript:Warning: Divide by zero: Divide_FloatFloat
[2015.07.15-06.35.17:539][271]LogScript:Warning: Divide by zero: Divide_FloatFloat
[2015.07.15-06.35.17:555][272]LogScript:Warning: Divide by zero: Divide_FloatFloat
[2015.07.15-06.35.17:571][273]LogScript:Warning: Divide by zero: Divide_FloatFloat
[2015.07.15-06.35.17:587][274]LogScript:Warning: Divide by zero: Divide_FloatFloat
[2015.07.15-06.35.17:604][275]LogScript:Warning: Divide by zero: Divide_FloatFloat
[2015.07.15-06.35.17:621][276]LogScript:Warning: Divide by zero: Divide_FloatFloat
[2015.07.15-06.35.17:636][277]LogScript:Warning: Divide by zero: Divide_FloatFloat
[2015.07.15-06.35.17:652][278]LogScript:Warning: Divide by zero: Divide_FloatFloat
[2015.07.15-06.35.17:668][279]LogScript:Warning: Divide by zero: Divide_FloatFloat
[2015.07.15-06.35.17:684][280]LogScript:Warning: Divide by zero: Divide_FloatFloat
[2015.07.15-06.35.17:700][281]LogScript:Warning: Divide by zero: Divide_FloatFloat
[2015.07.15-06.35.17:716][282]LogScript:Warning: Divide by zero: Divide_FloatFloat
[2015.07.15-06.35.17:733][283]LogScript:Warning: Divide by zero: Divide_FloatFloat
[2015.07.15-06.35.17:749][284]LogScript:Warning: Divide by zero: Divide_FloatFloat
[2015.07.15-06.35.17:765][285]LogScript:Warning: Divide by zero: Divide_FloatFloat
[2015.07.15-06.35.19:769][409]LogNet: Browse: /Temp/Autosaves/Game/FlyingBP/Maps/UEDPCFlyingExampleMap?Name=Player?restart
[2015.07.15-06.35.19:769][409]LogLoad: LoadMap: /Temp/Autosaves/Game/FlyingBP/Maps/UEDPCFlyingExampleMap?Name=Player
[2015.07.15-06.35.19:801][409]LogParticles: Destroying 0 GPU particle simulations for FXSystem 0x00000006105AF4C0
[2015.07.15-06.35.19:867][409]LogMemory: Platform Memory Stats for Windows
[2015.07.15-06.35.19:867][409]LogMemory: Process Physical Memory: 406.78 MB used, 419.16 MB peak
[2015.07.15-06.35.19:867][409]LogMemory: Process Virtual Memory: 337.75 MB used, 349.99 MB peak
[2015.07.15-06.35.19:867][409]LogMemory: Physical Memory: 6225.84 MB used, 8100.97 MB total
[2015.07.15-06.35.19:867][409]LogMemory: Virtual Memory: 918.27 MB used, 134217728.00 MB total
[2015.07.15-06.35.19:867][409]LogMemory: 
[2015.07.15-06.35.19:867][409]Allocator Stats for TBB: (not implemented)
[2015.07.15-06.35.20:181][409]LogProperty:Warning: ERR: Transient text cannot be serialized "ReturnValue Z".
[2015.07.15-06.35.20:181][409]LogProperty:Warning: ERR: Transient text cannot be serialized "ReturnValue Y".
[2015.07.15-06.35.20:181][409]LogProperty:Warning: ERR: Transient text cannot be serialized "ReturnValue X".
[2015.07.15-06.35.20:181][409]LogProperty:Warning: ERR: Transient text cannot be serialized "ReturnValue Y".
[2015.07.15-06.35.20:181][409]LogProperty:Warning: ERR: Transient text cannot be serialized "ReturnValue Z".
[2015.07.15-06.35.20:181][409]LogProperty:Warning: ERR: Transient text cannot be serialized "ReturnValue X".
[2015.07.15-06.35.20:182][409]LogProperty:Warning: ERR: Transient text cannot be serialized "ReturnValue Roll".
[2015.07.15-06.35.20:182][409]LogProperty:Warning: ERR: Transient text cannot be serialized "ReturnValue Yaw".
[2015.07.15-06.35.20:182][409]LogProperty:Warning: ERR: Transient text cannot be serialized "ReturnValue Pitch".
[2015.07.15-06.35.20:182][409]LogProperty:Warning: ERR: Transient text cannot be serialized "DeltaLocation Y".
[2015.07.15-06.35.20:182][409]LogProperty:Warning: ERR: Transient text cannot be serialized "DeltaLocation Z".
[2015.07.15-06.35.20:182][409]LogProperty:Warning: ERR: Transient text cannot be serialized "DeltaLocation X".
[2015.07.15-06.35.20:182][409]LogProperty:Warning: ERR: Transient text cannot be serialized "ReturnValue Roll".
[2015.07.15-06.35.20:182][409]LogProperty:Warning: ERR: Transient text cannot be serialized "ReturnValue Yaw".
[2015.07.15-06.35.20:182][409]LogProperty:Warning: ERR: Transient text cannot be serialized "ReturnValue Pitch".
[2015.07.15-06.35.20:445][409]LogProperty:Warning: ERR: Transient text cannot be serialized "ReturnValue Z".
[2015.07.15-06.35.20:445][409]LogProperty:Warning: ERR: Transient text cannot be serialized "ReturnValue Y".
[2015.07.15-06.35.20:445][409]LogProperty:Warning: ERR: Transient text cannot be serialized "ReturnValue X".
[2015.07.15-06.35.20:445][409]LogProperty:Warning: ERR: Transient text cannot be serialized "ReturnValue Y".
[2015.07.15-06.35.20:445][409]LogProperty:Warning: ERR: Transient text cannot be serialized "ReturnValue Z".
[2015.07.15-06.35.20:445][409]LogProperty:Warning: ERR: Transient text cannot be serialized "ReturnValue X".
[2015.07.15-06.35.20:445][409]LogProperty:Warning: ERR: Transient text cannot be serialized "ReturnValue Roll".
[2015.07.15-06.35.20:445][409]LogProperty:Warning: ERR: Transient text cannot be serialized "ReturnValue Yaw".
[2015.07.15-06.35.20:445][409]LogProperty:Warning: ERR: Transient text cannot be serialized "ReturnValue Pitch".
[2015.07.15-06.35.20:446][409]LogProperty:Warning: ERR: Transient text cannot be serialized "DeltaLocation Y".
[2015.07.15-06.35.20:446][409]LogProperty:Warning: ERR: Transient text cannot be serialized "DeltaLocation Z".
[2015.07.15-06.35.20:446][409]LogProperty:Warning: ERR: Transient text cannot be serialized "DeltaLocation X".
[2015.07.15-06.35.20:446][409]LogProperty:Warning: ERR: Transient text cannot be serialized "ReturnValue Roll".
[2015.07.15-06.35.20:446][409]LogProperty:Warning: ERR: Transient text cannot be serialized "ReturnValue Yaw".
[2015.07.15-06.35.20:446][409]LogProperty:Warning: ERR: Transient text cannot be serialized "ReturnValue Pitch".
[2015.07.15-06.35.20:628][409]LogAIModule: Creating AISystem for world FlyingExampleMap
[2015.07.15-06.35.20:628][409]LogWorld: Game class is 'FlyingGameMode_C'
[2015.07.15-06.35.20:636][409]LogWorld: Bringing World /Temp/Autosaves/Game/FlyingBP/Maps/UEDPCFlyingExampleMap.FlyingExampleMap up for play (max tick rate 0) at 2015.07.15-02.35.20
[2015.07.15-06.35.20:637][409]LogWorld: Bringing up level for play took: 0.002143
[2015.07.15-06.35.20:637][409]LogLinker:Warning: Can't find file '/Game/NewTouchInterface'
[2015.07.15-06.35.20:637][409]LogUObjectGlobals:Warning: Failed to load '/Game/NewTouchInterface': Can't find file '/Game/NewTouchInterface'
[2015.07.15-06.35.20:637][409]LogLinker:Warning: Can't find file '/Game/NewTouchInterface'
[2015.07.15-06.35.20:637][409]LogUObjectGlobals:Warning: Failed to load '/Game/NewTouchInterface': Can't find file '/Game/NewTouchInterface'
[2015.07.15-06.35.20:637][409]LogLinker:Warning: Can't find file '/Game/NewTouchInterface'
[2015.07.15-06.35.20:638][409]LogUObjectGlobals:Warning: Failed to load '/Game/NewTouchInterface': Can't find file '/Game/NewTouchInterface'
[2015.07.15-06.35.20:638][409]LogUObjectGlobals:Warning: Failed to find object 'TouchInterface /Game/NewTouchInterface.NewTouchInterface'
[2015.07.15-06.35.20:685][409]LogScript:Warning: Divide by zero: Divide_FloatFloat
[2015.07.15-06.35.20:689][410]LogScript:Warning: Divide by zero: Divide_FloatFloat
[2015.07.15-06.35.20:707][411]LogScript:Warning: Divide by zero: Divide_FloatFloat
[2015.07.15-06.35.20:723][412]LogScript:Warning: Divide by zero: Divide_FloatFloat
[2015.07.15-06.35.20:739][413]LogScript:Warning: Divide by zero: Divide_FloatFloat
[2015.07.15-06.35.20:755][414]LogScript:Warning: Divide by zero: Divide_FloatFloat
[2015.07.15-06.35.20:772][415]LogScript:Warning: Divide by zero: Divide_FloatFloat
[2015.07.15-06.35.20:788][416]LogScript:Warning: Divide by zero: Divide_FloatFloat
[2015.07.15-06.35.20:803][417]LogScript:Warning: Divide by zero: Divide_FloatFloat
[2015.07.15-06.35.20:821][418]LogScript:Warning: Divide by zero: Divide_FloatFloat
[2015.07.15-06.35.20:836][419]LogScript:Warning: Divide by zero: Divide_FloatFloat
[2015.07.15-06.35.20:852][420]LogScript:Warning: Divide by zero: Divide_FloatFloat
[2015.07.15-06.35.20:868][421]LogScript:Warning: Divide by zero: Divide_FloatFloat
[2015.07.15-06.35.20:884][422]LogScript:Warning: Divide by zero: Divide_FloatFloat
[2015.07.15-06.35.20:901][423]LogScript:Warning: Divide by zero: Divide_FloatFloat
[2015.07.15-06.35.20:916][424]LogScript:Warning: Divide by zero: Divide_FloatFloat
[2015.07.15-06.35.20:932][425]LogScript:Warning: Divide by zero: Divide_FloatFloat
[2015.07.15-06.35.20:948][426]LogScript:Warning: Divide by zero: Divide_FloatFloat
[2015.07.15-06.35.20:964][427]LogScript:Warning: Divide by zero: Divide_FloatFloat
[2015.07.15-06.35.20:980][428]LogScript:Warning: Divide by zero: Divide_FloatFloat
[2015.07.15-06.35.20:996][429]LogScript:Warning: Divide by zero: Divide_FloatFloat
[2015.07.15-06.35.21:013][430]LogScript:Warning: Divide by zero: Divide_FloatFloat
[2015.07.15-06.35.21:030][431]LogScript:Warning: Divide by zero: Divide_FloatFloat
[2015.07.15-06.35.21:046][432]LogScript:Warning: Divide by zero: Divide_FloatFloat
[2015.07.15-06.35.21:062][433]LogScript:Warning: Divide by zero: Divide_FloatFloat
[2015.07.15-06.35.21:078][434]LogScript:Warning: Divide by zero: Divide_FloatFloat
[2015.07.15-06.35.21:094][435]LogScript:Warning: Divide by zero: Divide_FloatFloat
[2015.07.15-06.35.21:110][436]LogScript:Warning: Divide by zero: Divide_FloatFloat
[2015.07.15-06.35.23:122][560]LogNet: Browse: /Temp/Autosaves/Game/FlyingBP/Maps/UEDPCFlyingExampleMap?Name=Player?restart
[2015.07.15-06.35.23:122][560]LogLoad: LoadMap: /Temp/Autosaves/Game/FlyingBP/Maps/UEDPCFlyingExampleMap?Name=Player
[2015.07.15-06.35.23:210][560]LogParticles: Destroying 0 GPU particle simulations for FXSystem 0x00000006108423E0
[2015.07.15-06.35.23:219][560]LogMemory: Platform Memory Stats for Windows
[2015.07.15-06.35.23:219][560]LogMemory: Process Physical Memory: 407.97 MB used, 420.61 MB peak
[2015.07.15-06.35.23:219][560]LogMemory: Process Virtual Memory: 338.10 MB used, 353.57 MB peak
[2015.07.15-06.35.23:219][560]LogMemory: Physical Memory: 6225.27 MB used, 8100.97 MB total
[2015.07.15-06.35.23:219][560]LogMemory: Virtual Memory: 918.27 MB used, 134217728.00 MB total
[2015.07.15-06.35.23:219][560]LogMemory: 
[2015.07.15-06.35.23:219][560]Allocator Stats for TBB: (not implemented)
[2015.07.15-06.35.23:538][560]LogProperty:Warning: ERR: Transient text cannot be serialized "ReturnValue Z".
[2015.07.15-06.35.23:538][560]LogProperty:Warning: ERR: Transient text cannot be serialized "ReturnValue Y".
[2015.07.15-06.35.23:538][560]LogProperty:Warning: ERR: Transient text cannot be serialized "ReturnValue X".
[2015.07.15-06.35.23:538][560]LogProperty:Warning: ERR: Transient text cannot be serialized "ReturnValue Y".
[2015.07.15-06.35.23:538][560]LogProperty:Warning: ERR: Transient text cannot be serialized "ReturnValue Z".
[2015.07.15-06.35.23:538][560]LogProperty:Warning: ERR: Transient text cannot be serialized "ReturnValue X".
[2015.07.15-06.35.23:539][560]LogProperty:Warning: ERR: Transient text cannot be serialized "ReturnValue Roll".
[2015.07.15-06.35.23:539][560]LogProperty:Warning: ERR: Transient text cannot be serialized "ReturnValue Yaw".
[2015.07.15-06.35.23:539][560]LogProperty:Warning: ERR: Transient text cannot be serialized "ReturnValue Pitch".
[2015.07.15-06.35.23:539][560]LogProperty:Warning: ERR: Transient text cannot be serialized "DeltaLocation Y".
[2015.07.15-06.35.23:539][560]LogProperty:Warning: ERR: Transient text cannot be serialized "DeltaLocation Z".
[2015.07.15-06.35.23:539][560]LogProperty:Warning: ERR: Transient text cannot be serialized "DeltaLocation X".
[2015.07.15-06.35.23:539][560]LogProperty:Warning: ERR: Transient text cannot be serialized "ReturnValue Roll".
[2015.07.15-06.35.23:539][560]LogProperty:Warning: ERR: Transient text cannot be serialized "ReturnValue Yaw".
[2015.07.15-06.35.23:539][560]LogProperty:Warning: ERR: Transient text cannot be serialized "ReturnValue Pitch".
[2015.07.15-06.35.23:810][560]LogProperty:Warning: ERR: Transient text cannot be serialized "ReturnValue Z".
[2015.07.15-06.35.23:810][560]LogProperty:Warning: ERR: Transient text cannot be serialized "ReturnValue Y".
[2015.07.15-06.35.23:810][560]LogProperty:Warning: ERR: Transient text cannot be serialized "ReturnValue X".
[2015.07.15-06.35.23:810][560]LogProperty:Warning: ERR: Transient text cannot be serialized "ReturnValue Y".
[2015.07.15-06.35.23:810][560]LogProperty:Warning: ERR: Transient text cannot be serialized "ReturnValue Z".
[2015.07.15-06.35.23:810][560]LogProperty:Warning: ERR: Transient text cannot be serialized "ReturnValue X".
[2015.07.15-06.35.23:810][560]LogProperty:Warning: ERR: Transient text cannot be serialized "ReturnValue Roll".
[2015.07.15-06.35.23:810][560]LogProperty:Warning: ERR: Transient text cannot be serialized "ReturnValue Yaw".
[2015.07.15-06.35.23:810][560]LogProperty:Warning: ERR: Transient text cannot be serialized "ReturnValue Pitch".
[2015.07.15-06.35.23:810][560]LogProperty:Warning: ERR: Transient text cannot be serialized "DeltaLocation Y".
[2015.07.15-06.35.23:811][560]LogProperty:Warning: ERR: Transient text cannot be serialized "DeltaLocation Z".
[2015.07.15-06.35.23:811][560]LogProperty:Warning: ERR: Transient text cannot be serialized "DeltaLocation X".
[2015.07.15-06.35.23:811][560]LogProperty:Warning: ERR: Transient text cannot be serialized "ReturnValue Roll".
[2015.07.15-06.35.23:811][560]LogProperty:Warning: ERR: Transient text cannot be serialized "ReturnValue Yaw".
[2015.07.15-06.35.23:811][560]LogProperty:Warning: ERR: Transient text cannot be serialized "ReturnValue Pitch".
[2015.07.15-06.35.23:996][560]LogAIModule: Creating AISystem for world FlyingExampleMap
[2015.07.15-06.35.23:997][560]LogWorld: Game class is 'FlyingGameMode_C'
[2015.07.15-06.35.24:005][560]LogWorld: Bringing World /Temp/Autosaves/Game/FlyingBP/Maps/UEDPCFlyingExampleMap.FlyingExampleMap up for play (max tick rate 0) at 2015.07.15-02.35.24
[2015.07.15-06.35.24:005][560]LogWorld: Bringing up level for play took: 0.002143
[2015.07.15-06.35.24:005][560]LogLinker:Warning: Can't find file '/Game/NewTouchInterface'
[2015.07.15-06.35.24:005][560]LogUObjectGlobals:Warning: Failed to load '/Game/NewTouchInterface': Can't find file '/Game/NewTouchInterface'
[2015.07.15-06.35.24:006][560]LogLinker:Warning: Can't find file '/Game/NewTouchInterface'
[2015.07.15-06.35.24:006][560]LogUObjectGlobals:Warning: Failed to load '/Game/NewTouchInterface': Can't find file '/Game/NewTouchInterface'
[2015.07.15-06.35.24:006][560]LogLinker:Warning: Can't find file '/Game/NewTouchInterface'
[2015.07.15-06.35.24:006][560]LogUObjectGlobals:Warning: Failed to load '/Game/NewTouchInterface': Can't find file '/Game/NewTouchInterface'
[2015.07.15-06.35.24:006][560]LogUObjectGlobals:Warning: Failed to find object 'TouchInterface /Game/NewTouchInterface.NewTouchInterface'
[2015.07.15-06.35.24:049][560]LogScript:Warning: Divide by zero: Divide_FloatFloat
[2015.07.15-06.35.24:052][561]LogScript:Warning: Divide by zero: Divide_FloatFloat
[2015.07.15-06.35.24:068][562]LogScript:Warning: Divide by zero: Divide_FloatFloat
[2015.07.15-06.35.24:084][563]LogScript:Warning: Divide by zero: Divide_FloatFloat
[2015.07.15-06.35.24:101][564]LogScript:Warning: Divide by zero: Divide_FloatFloat
[2015.07.15-06.35.24:117][565]LogScript:Warning: Divide by zero: Divide_FloatFloat
[2015.07.15-06.35.24:133][566]LogScript:Warning: Divide by zero: Divide_FloatFloat
[2015.07.15-06.35.24:149][567]LogScript:Warning: Divide by zero: Divide_FloatFloat
[2015.07.15-06.35.24:166][568]LogScript:Warning: Divide by zero: Divide_FloatFloat
[2015.07.15-06.35.24:181][569]LogScript:Warning: Divide by zero: Divide_FloatFloat
[2015.07.15-06.35.24:197][570]LogScript:Warning: Divide by zero: Divide_FloatFloat
[2015.07.15-06.35.24:213][571]LogScript:Warning: Divide by zero: Divide_FloatFloat
[2015.07.15-06.35.24:229][572]LogScript:Warning: Divide by zero: Divide_FloatFloat
[2015.07.15-06.35.24:246][573]LogScript:Warning: Divide by zero: Divide_FloatFloat
[2015.07.15-06.35.24:263][574]LogScript:Warning: Divide by zero: Divide_FloatFloat
[2015.07.15-06.35.24:279][575]LogScript:Warning: Divide by zero: Divide_FloatFloat
[2015.07.15-06.35.24:294][576]LogScript:Warning: Divide by zero: Divide_FloatFloat
[2015.07.15-06.35.24:310][577]LogScript:Warning: Divide by zero: Divide_FloatFloat
[2015.07.15-06.35.24:326][578]LogScript:Warning: Divide by zero: Divide_FloatFloat
[2015.07.15-06.35.24:343][579]LogScript:Warning: Divide by zero: Divide_FloatFloat
[2015.07.15-06.35.24:359][580]LogScript:Warning: Divide by zero: Divide_FloatFloat
[2015.07.15-06.35.24:375][581]LogScript:Warning: Divide by zero: Divide_FloatFloat
[2015.07.15-06.35.24:391][582]LogScript:Warning: Divide by zero: Divide_FloatFloat
[2015.07.15-06.35.24:407][583]LogScript:Warning: Divide by zero: Divide_FloatFloat
[2015.07.15-06.35.24:423][584]LogScript:Warning: Divide by zero: Divide_FloatFloat
[2015.07.15-06.35.24:440][585]LogScript:Warning: Divide by zero: Divide_FloatFloat
[2015.07.15-06.35.24:456][586]LogScript:Warning: Divide by zero: Divide_FloatFloat
[2015.07.15-06.35.24:472][587]LogScript:Warning: Divide by zero: Divide_FloatFloat
[2015.07.15-06.35.24:488][588]LogScript:Warning: Divide by zero: Divide_FloatFloat
[2015.07.15-06.35.24:504][589]LogScript:Warning: Divide by zero: Divide_FloatFloat
[2015.07.15-06.35.24:520][590]LogScript:Warning: Divide by zero: Divide_FloatFloat
[2015.07.15-06.35.24:536][591]LogScript:Warning: Divide by zero: Divide_FloatFloat
[2015.07.15-06.35.24:552][592]LogScript:Warning: Divide by zero: Divide_FloatFloat
[2015.07.15-06.35.24:568][593]LogScript:Warning: Divide by zero: Divide_FloatFloat
[2015.07.15-06.35.24:584][594]LogScript:Warning: Divide by zero: Divide_FloatFloat
[2015.07.15-06.35.24:600][595]LogScript:Warning: Divide by zero: Divide_FloatFloat
[2015.07.15-06.35.24:616][596]LogScript:Warning: Divide by zero: Divide_FloatFloat
[2015.07.15-06.35.24:632][597]LogScript:Warning: Divide by zero: Divide_FloatFloat
[2015.07.15-06.35.24:648][598]LogScript:Warning: Divide by zero: Divide_FloatFloat
[2015.07.15-06.35.24:665][599]LogScript:Warning: Divide by zero: Divide_FloatFloat
[2015.07.15-06.35.24:681][600]LogScript:Warning: Divide by zero: Divide_FloatFloat
[2015.07.15-06.35.24:697][601]LogScript:Warning: Divide by zero: Divide_FloatFloat
[2015.07.15-06.35.24:713][602]LogScript:Warning: Divide by zero: Divide_FloatFloat
[2015.07.15-06.35.24:730][603]LogScript:Warning: Divide by zero: Divide_FloatFloat
[2015.07.15-06.35.24:745][604]LogScript:Warning: Divide by zero: Divide_FloatFloat
[2015.07.15-06.35.24:762][605]LogScript:Warning: Divide by zero: Divide_FloatFloat
[2015.07.15-06.35.24:778][606]LogScript:Warning: Divide by zero: Divide_FloatFloat
[2015.07.15-06.35.24:794][607]LogScript:Warning: Divide by zero: Divide_FloatFloat
[2015.07.15-06.35.24:810][608]LogScript:Warning: Divide by zero: Divide_FloatFloat
[2015.07.15-06.35.24:826][609]LogScript:Warning: Divide by zero: Divide_FloatFloat
[2015.07.15-06.35.24:843][610]LogScript:Warning: Divide by zero: Divide_FloatFloat
[2015.07.15-06.35.24:859][611]LogScript:Warning: Divide by zero: Divide_FloatFloat
[2015.07.15-06.35.24:875][612]LogScript:Warning: Divide by zero: Divide_FloatFloat
[2015.07.15-06.35.24:891][613]LogScript:Warning: Divide by zero: Divide_FloatFloat
[2015.07.15-06.35.24:907][614]LogScript:Warning: Divide by zero: Divide_FloatFloat
[2015.07.15-06.35.24:923][615]LogScript:Warning: Divide by zero: Divide_FloatFloat
[2015.07.15-06.35.24:939][616]LogScript:Warning: Divide by zero: Divide_FloatFloat
[2015.07.15-06.35.24:955][617]LogScript:Warning: Divide by zero: Divide_FloatFloat
[2015.07.15-06.35.24:971][618]LogScript:Warning: Divide by zero: Divide_FloatFloat
[2015.07.15-06.35.24:987][619]LogScript:Warning: Divide by zero: Divide_FloatFloat
[2015.07.15-06.35.25:003][620]LogScript:Warning: Divide by zero: Divide_FloatFloat
[2015.07.15-06.35.25:020][621]LogScript:Warning: Divide by zero: Divide_FloatFloat
[2015.07.15-06.35.25:036][622]LogScript:Warning: Divide by zero: Divide_FloatFloat
[2015.07.15-06.35.25:052][623]LogScript:Warning: Divide by zero: Divide_FloatFloat
[2015.07.15-06.35.25:068][624]LogScript:Warning: Divide by zero: Divide_FloatFloat
[2015.07.15-06.35.25:084][625]LogScript:Warning: Divide by zero: Divide_FloatFloat
[2015.07.15-06.35.25:100][626]LogScript:Warning: Divide by zero: Divide_FloatFloat
[2015.07.15-06.35.25:116][627]LogScript:Warning: Divide by zero: Divide_FloatFloat
[2015.07.15-06.35.25:133][628]LogScript:Warning: Divide by zero: Divide_FloatFloat
[2015.07.15-06.35.25:148][629]LogScript:Warning: Divide by zero: Divide_FloatFloat
[2015.07.15-06.35.25:165][630]LogScript:Warning: Divide by zero: Divide_FloatFloat
[2015.07.15-06.35.25:181][631]LogScript:Warning: Divide by zero: Divide_FloatFloat
[2015.07.15-06.35.25:197][632]LogScript:Warning: Divide by zero: Divide_FloatFloat
[2015.07.15-06.35.25:213][633]LogScript:Warning: Divide by zero: Divide_FloatFloat
[2015.07.15-06.35.25:229][634]LogScript:Warning: Divide by zero: Divide_FloatFloat
[2015.07.15-06.35.25:245][635]LogScript:Warning: Divide by zero: Divide_FloatFloat
[2015.07.15-06.35.25:261][636]LogScript:Warning: Divide by zero: Divide_FloatFloat
[2015.07.15-06.35.25:277][637]LogScript:Warning: Divide by zero: Divide_FloatFloat
[2015.07.15-06.35.25:293][638]LogScript:Warning: Divide by zero: Divide_FloatFloat
[2015.07.15-06.35.25:309][639]LogScript:Warning: Divide by zero: Divide_FloatFloat
[2015.07.15-06.35.25:326][640]LogScript:Warning: Divide by zero: Divide_FloatFloat
[2015.07.15-06.35.25:342][641]LogScript:Warning: Divide by zero: Divide_FloatFloat
[2015.07.15-06.35.25:358][642]LogScript:Warning: Divide by zero: Divide_FloatFloat
[2015.07.15-06.35.25:375][643]LogScript:Warning: Divide by zero: Divide_FloatFloat
[2015.07.15-06.35.25:392][644]LogScript:Warning: Divide by zero: Divide_FloatFloat
[2015.07.15-06.35.25:407][645]LogScript:Warning: Divide by zero: Divide_FloatFloat
[2015.07.15-06.35.25:424][646]LogScript:Warning: Divide by zero: Divide_FloatFloat
[2015.07.15-06.35.25:440][647]LogScript:Warning: Divide by zero: Divide_FloatFloat
[2015.07.15-06.35.25:455][648]LogScript:Warning: Divide by zero: Divide_FloatFloat
[2015.07.15-06.35.25:471][649]LogScript:Warning: Divide by zero: Divide_FloatFloat
[2015.07.15-06.35.25:488][650]LogScript:Warning: Divide by zero: Divide_FloatFloat
[2015.07.15-06.35.25:504][651]LogScript:Warning: Divide by zero: Divide_FloatFloat
[2015.07.15-06.35.25:520][652]LogScript:Warning: Divide by zero: Divide_FloatFloat
[2015.07.15-06.35.25:536][653]LogScript:Warning: Divide by zero: Divide_FloatFloat
[2015.07.15-06.35.25:552][654]LogScript:Warning: Divide by zero: Divide_FloatFloat
[2015.07.15-06.35.25:568][655]LogScript:Warning: Divide by zero: Divide_FloatFloat
[2015.07.15-06.35.25:584][656]LogScript:Warning: Divide by zero: Divide_FloatFloat
[2015.07.15-06.35.25:600][657]LogScript:Warning: Divide by zero: Divide_FloatFloat
[2015.07.15-06.35.25:616][658]LogScript:Warning: Divide by zero: Divide_FloatFloat
[2015.07.15-06.35.25:632][659]LogScript:Warning: Divide by zero: Divide_FloatFloat
[2015.07.15-06.35.25:648][660]LogScript:Warning: Divide by zero: Divide_FloatFloat
[2015.07.15-06.35.25:665][661]LogScript:Warning: Divide by zero: Divide_FloatFloat
[2015.07.15-06.35.25:681][662]LogScript:Warning: Divide by zero: Divide_FloatFloat
[2015.07.15-06.35.25:697][663]LogScript:Warning: Divide by zero: Divide_FloatFloat
[2015.07.15-06.35.25:713][664]LogScript:Warning: Divide by zero: Divide_FloatFloat
[2015.07.15-06.35.25:730][665]LogScript:Warning: Divide by zero: Divide_FloatFloat
[2015.07.15-06.35.25:745][666]LogScript:Warning: Divide by zero: Divide_FloatFloat
[2015.07.15-06.35.25:762][667]LogScript:Warning: Divide by zero: Divide_FloatFloat
[2015.07.15-06.35.25:778][668]LogScript:Warning: Divide by zero: Divide_FloatFloat
[2015.07.15-06.35.25:794][669]LogScript:Warning: Divide by zero: Divide_FloatFloat
[2015.07.15-06.35.25:810][670]LogScript:Warning: Divide by zero: Divide_FloatFloat
[2015.07.15-06.35.25:826][671]LogScript:Warning: Divide by zero: Divide_FloatFloat
[2015.07.15-06.35.25:842][672]LogScript:Warning: Divide by zero: Divide_FloatFloat
[2015.07.15-06.35.25:858][673]LogScript:Warning: Divide by zero: Divide_FloatFloat
[2015.07.15-06.35.25:874][674]LogScript:Warning: Divide by zero: Divide_FloatFloat
[2015.07.15-06.35.25:891][675]LogScript:Warning: Divide by zero: Divide_FloatFloat
[2015.07.15-06.35.25:907][676]LogScript:Warning: Divide by zero: Divide_FloatFloat
[2015.07.15-06.35.25:924][677]LogScript:Warning: Divide by zero: Divide_FloatFloat
[2015.07.15-06.35.25:939][678]LogScript:Warning: Divide by zero: Divide_FloatFloat
[2015.07.15-06.35.25:956][679]LogScript:Warning: Divide by zero: Divide_FloatFloat
[2015.07.15-06.35.25:972][680]LogScript:Warning: Divide by zero: Divide_FloatFloat
[2015.07.15-06.35.25:988][681]LogScript:Warning: Divide by zero: Divide_FloatFloat
[2015.07.15-06.35.26:004][682]LogScript:Warning: Divide by zero: Divide_FloatFloat
[2015.07.15-06.35.26:020][683]LogScript:Warning: Divide by zero: Divide_FloatFloat
[2015.07.15-06.35.26:036][684]LogScript:Warning: Divide by zero: Divide_FloatFloat
[2015.07.15-06.35.26:052][685]LogScript:Warning: Divide by zero: Divide_FloatFloat
[2015.07.15-06.35.26:068][686]LogScript:Warning: Divide by zero: Divide_FloatFloat
[2015.07.15-06.35.26:085][687]LogScript:Warning: Divide by zero: Divide_FloatFloat
[2015.07.15-06.35.26:101][688]LogScript:Warning: Divide by zero: Divide_FloatFloat
[2015.07.15-06.35.26:117][689]LogScript:Warning: Divide by zero: Divide_FloatFloat
[2015.07.15-06.35.26:133][690]LogScript:Warning: Divide by zero: Divide_FloatFloat
[2015.07.15-06.35.26:149][691]LogScript:Warning: Divide by zero: Divide_FloatFloat
[2015.07.15-06.35.26:165][692]LogScript:Warning: Divide by zero: Divide_FloatFloat
[2015.07.15-06.35.26:181][693]LogScript:Warning: Divide by zero: Divide_FloatFloat
[2015.07.15-06.35.26:197][694]LogScript:Warning: Divide by zero: Divide_FloatFloat
[2015.07.15-06.35.26:214][695]LogScript:Warning: Divide by zero: Divide_FloatFloat
[2015.07.15-06.35.26:230][696]LogScript:Warning: Divide by zero: Divide_FloatFloat
[2015.07.15-06.35.26:246][697]LogScript:Warning: Divide by zero: Divide_FloatFloat
[2015.07.15-06.35.26:262][698]LogScript:Warning: Divide by zero: Divide_FloatFloat
[2015.07.15-06.35.26:278][699]LogScript:Warning: Divide by zero: Divide_FloatFloat
[2015.07.15-06.35.26:294][700]LogScript:Warning: Divide by zero: Divide_FloatFloat
[2015.07.15-06.35.26:310][701]LogScript:Warning: Divide by zero: Divide_FloatFloat
[2015.07.15-06.35.26:326][702]LogScript:Warning: Divide by zero: Divide_FloatFloat
[2015.07.15-06.35.26:342][703]LogScript:Warning: Divide by zero: Divide_FloatFloat
[2015.07.15-06.35.26:358][704]LogScript:Warning: Divide by zero: Divide_FloatFloat
[2015.07.15-06.35.26:374][705]LogScript:Warning: Divide by zero: Divide_FloatFloat
[2015.07.15-06.35.26:392][706]LogScript:Warning: Divide by zero: Divide_FloatFloat
[2015.07.15-06.35.26:407][707]LogScript:Warning: Divide by zero: Divide_FloatFloat
[2015.07.15-06.35.26:423][708]LogScript:Warning: Divide by zero: Divide_FloatFloat
[2015.07.15-06.35.26:439][709]LogScript:Warning: Divide by zero: Divide_FloatFloat
[2015.07.15-06.35.26:455][710]LogScript:Warning: Divide by zero: Divide_FloatFloat
[2015.07.15-06.35.26:472][711]LogScript:Warning: Divide by zero: Divide_FloatFloat
[2015.07.15-06.35.26:488][712]LogScript:Warning: Divide by zero: Divide_FloatFloat
[2015.07.15-06.35.26:504][713]LogScript:Warning: Divide by zero: Divide_FloatFloat
[2015.07.15-06.35.26:520][714]LogScript:Warning: Divide by zero: Divide_FloatFloat
[2015.07.15-06.35.26:536][715]LogScript:Warning: Divide by zero: Divide_FloatFloat
[2015.07.15-06.35.26:552][716]LogScript:Warning: Divide by zero: Divide_FloatFloat
[2015.07.15-06.35.26:568][717]LogScript:Warning: Divide by zero: Divide_FloatFloat
[2015.07.15-06.35.26:584][718]LogScript:Warning: Divide by zero: Divide_FloatFloat
[2015.07.15-06.35.26:601][719]LogScript:Warning: Divide by zero: Divide_FloatFloat
[2015.07.15-06.35.26:617][720]LogScript:Warning: Divide by zero: Divide_FloatFloat
[2015.07.15-06.35.26:633][721]LogScript:Warning: Divide by zero: Divide_FloatFloat
[2015.07.15-06.35.26:649][722]LogScript:Warning: Divide by zero: Divide_FloatFloat
[2015.07.15-06.35.26:665][723]LogScript:Warning: Divide by zero: Divide_FloatFloat
[2015.07.15-06.35.26:681][724]LogScript:Warning: Divide by zero: Divide_FloatFloat
[2015.07.15-06.35.26:697][725]LogScript:Warning: Divide by zero: Divide_FloatFloat
[2015.07.15-06.35.26:714][726]LogScript:Warning: Divide by zero: Divide_FloatFloat
[2015.07.15-06.35.26:729][727]LogScript:Warning: Divide by zero: Divide_FloatFloat
[2015.07.15-06.35.26:746][728]LogScript:Warning: Divide by zero: Divide_FloatFloat
[2015.07.15-06.35.26:762][729]LogScript:Warning: Divide by zero: Divide_FloatFloat
[2015.07.15-06.35.26:778][730]LogScript:Warning: Divide by zero: Divide_FloatFloat
[2015.07.15-06.35.26:794][731]LogScript:Warning: Divide by zero: Divide_FloatFloat
[2015.07.15-06.35.26:810][732]LogScript:Warning: Divide by zero: Divide_FloatFloat
[2015.07.15-06.35.26:826][733]LogScript:Warning: Divide by zero: Divide_FloatFloat
[2015.07.15-06.35.26:842][734]LogScript:Warning: Divide by zero: Divide_FloatFloat
[2015.07.15-06.35.26:858][735]LogScript:Warning: Divide by zero: Divide_FloatFloat
[2015.07.15-06.35.26:875][736]LogScript:Warning: Divide by zero: Divide_FloatFloat
[2015.07.15-06.35.26:892][737]LogScript:Warning: Divide by zero: Divide_FloatFloat
[2015.07.15-06.35.26:907][738]LogScript:Warning: Divide by zero: Divide_FloatFloat
[2015.07.15-06.35.26:924][739]LogScript:Warning: Divide by zero: Divide_FloatFloat
[2015.07.15-06.35.26:939][740]LogScript:Warning: Divide by zero: Divide_FloatFloat
[2015.07.15-06.35.26:955][741]LogScript:Warning: Divide by zero: Divide_FloatFloat
[2015.07.15-06.35.26:971][742]LogScript:Warning: Divide by zero: Divide_FloatFloat
[2015.07.15-06.35.26:987][743]LogScript:Warning: Divide by zero: Divide_FloatFloat
[2015.07.15-06.35.27:003][744]LogScript:Warning: Divide by zero: Divide_FloatFloat
[2015.07.15-06.35.27:020][745]LogScript:Warning: Divide by zero: Divide_FloatFloat
[2015.07.15-06.35.27:036][746]LogScript:Warning: Divide by zero: Divide_FloatFloat
[2015.07.15-06.35.27:052][747]LogScript:Warning: Divide by zero: Divide_FloatFloat
[2015.07.15-06.35.27:068][748]LogScript:Warning: Divide by zero: Divide_FloatFloat
[2015.07.15-06.35.27:084][749]LogScript:Warning: Divide by zero: Divide_FloatFloat
[2015.07.15-06.35.27:100][750]LogScript:Warning: Divide by zero: Divide_FloatFloat
[2015.07.15-06.35.27:116][751]LogScript:Warning: Divide by zero: Divide_FloatFloat
[2015.07.15-06.35.27:132][752]LogScript:Warning: Divide by zero: Divide_FloatFloat
[2015.07.15-06.35.27:148][753]LogScript:Warning: Divide by zero: Divide_FloatFloat
[2015.07.15-06.35.27:165][754]LogScript:Warning: Divide by zero: Divide_FloatFloat
[2015.07.15-06.35.29:178][875]LogNet: Browse: /Temp/Autosaves/Game/FlyingBP/Maps/UEDPCFlyingExampleMap?Name=Player?restart
[2015.07.15-06.35.29:178][875]LogLoad: LoadMap: /Temp/Autosaves/Game/FlyingBP/Maps/UEDPCFlyingExampleMap?Name=Player
[2015.07.15-06.35.29:210][875]LogParticles: Destroying 0 GPU particle simulations for FXSystem 0x0000000626D6E3E0
[2015.07.15-06.35.29:291][875]LogMemory: Platform Memory Stats for Windows
[2015.07.15-06.35.29:291][875]LogMemory: Process Physical Memory: 408.59 MB used, 420.61 MB peak
[2015.07.15-06.35.29:291][875]LogMemory: Process Virtual Memory: 338.42 MB used, 353.57 MB peak
[2015.07.15-06.35.29:291][875]LogMemory: Physical Memory: 6224.25 MB used, 8100.97 MB total
[2015.07.15-06.35.29:291][875]LogMemory: Virtual Memory: 918.27 MB used, 134217728.00 MB total
[2015.07.15-06.35.29:291][875]LogMemory: 
[2015.07.15-06.35.29:291][875]Allocator Stats for TBB: (not implemented)
[2015.07.15-06.35.29:623][875]LogProperty:Warning: ERR: Transient text cannot be serialized "ReturnValue Z".
[2015.07.15-06.35.29:623][875]LogProperty:Warning: ERR: Transient text cannot be serialized "ReturnValue Y".
[2015.07.15-06.35.29:623][875]LogProperty:Warning: ERR: Transient text cannot be serialized "ReturnValue X".
[2015.07.15-06.35.29:623][875]LogProperty:Warning: ERR: Transient text cannot be serialized "ReturnValue Y".
[2015.07.15-06.35.29:623][875]LogProperty:Warning: ERR: Transient text cannot be serialized "ReturnValue Z".
[2015.07.15-06.35.29:623][875]LogProperty:Warning: ERR: Transient text cannot be serialized "ReturnValue X".
[2015.07.15-06.35.29:623][875]LogProperty:Warning: ERR: Transient text cannot be serialized "ReturnValue Roll".
[2015.07.15-06.35.29:623][875]LogProperty:Warning: ERR: Transient text cannot be serialized "ReturnValue Yaw".
[2015.07.15-06.35.29:623][875]LogProperty:Warning: ERR: Transient text cannot be serialized "ReturnValue Pitch".
[2015.07.15-06.35.29:624][875]LogProperty:Warning: ERR: Transient text cannot be serialized "DeltaLocation Y".
[2015.07.15-06.35.29:624][875]LogProperty:Warning: ERR: Transient text cannot be serialized "DeltaLocation Z".
[2015.07.15-06.35.29:624][875]LogProperty:Warning: ERR: Transient text cannot be serialized "DeltaLocation X".
[2015.07.15-06.35.29:624][875]LogProperty:Warning: ERR: Transient text cannot be serialized "ReturnValue Roll".
[2015.07.15-06.35.29:624][875]LogProperty:Warning: ERR: Transient text cannot be serialized "ReturnValue Yaw".
[2015.07.15-06.35.29:624][875]LogProperty:Warning: ERR: Transient text cannot be serialized "ReturnValue Pitch".
[2015.07.15-06.35.29:882][875]LogProperty:Warning: ERR: Transient text cannot be serialized "ReturnValue Z".
[2015.07.15-06.35.29:882][875]LogProperty:Warning: ERR: Transient text cannot be serialized "ReturnValue Y".
[2015.07.15-06.35.29:882][875]LogProperty:Warning: ERR: Transient text cannot be serialized "ReturnValue X".
[2015.07.15-06.35.29:882][875]LogProperty:Warning: ERR: Transient text cannot be serialized "ReturnValue Y".
[2015.07.15-06.35.29:882][875]LogProperty:Warning: ERR: Transient text cannot be serialized "ReturnValue Z".
[2015.07.15-06.35.29:882][875]LogProperty:Warning: ERR: Transient text cannot be serialized "ReturnValue X".
[2015.07.15-06.35.29:882][875]LogProperty:Warning: ERR: Transient text cannot be serialized "ReturnValue Roll".
[2015.07.15-06.35.29:882][875]LogProperty:Warning: ERR: Transient text cannot be serialized "ReturnValue Yaw".
[2015.07.15-06.35.29:882][875]LogProperty:Warning: ERR: Transient text cannot be serialized "ReturnValue Pitch".
[2015.07.15-06.35.29:883][875]LogProperty:Warning: ERR: Transient text cannot be serialized "DeltaLocation Y".
[2015.07.15-06.35.29:883][875]LogProperty:Warning: ERR: Transient text cannot be serialized "DeltaLocation Z".
[2015.07.15-06.35.29:883][875]LogProperty:Warning: ERR: Transient text cannot be serialized "DeltaLocation X".
[2015.07.15-06.35.29:883][875]LogProperty:Warning: ERR: Transient text cannot be serialized "ReturnValue Roll".
[2015.07.15-06.35.29:883][875]LogProperty:Warning: ERR: Transient text cannot be serialized "ReturnValue Yaw".
[2015.07.15-06.35.29:883][875]LogProperty:Warning: ERR: Transient text cannot be serialized "ReturnValue Pitch".
[2015.07.15-06.35.30:069][875]LogAIModule: Creating AISystem for world FlyingExampleMap
[2015.07.15-06.35.30:069][875]LogWorld: Game class is 'FlyingGameMode_C'
[2015.07.15-06.35.30:077][875]LogWorld: Bringing World /Temp/Autosaves/Game/FlyingBP/Maps/UEDPCFlyingExampleMap.FlyingExampleMap up for play (max tick rate 0) at 2015.07.15-02.35.30
[2015.07.15-06.35.30:077][875]LogWorld: Bringing up level for play took: 0.002286
[2015.07.15-06.35.30:078][875]LogLinker:Warning: Can't find file '/Game/NewTouchInterface'
[2015.07.15-06.35.30:078][875]LogUObjectGlobals:Warning: Failed to load '/Game/NewTouchInterface': Can't find file '/Game/NewTouchInterface'
[2015.07.15-06.35.30:078][875]LogLinker:Warning: Can't find file '/Game/NewTouchInterface'
[2015.07.15-06.35.30:078][875]LogUObjectGlobals:Warning: Failed to load '/Game/NewTouchInterface': Can't find file '/Game/NewTouchInterface'
[2015.07.15-06.35.30:078][875]LogLinker:Warning: Can't find file '/Game/NewTouchInterface'
[2015.07.15-06.35.30:078][875]LogUObjectGlobals:Warning: Failed to load '/Game/NewTouchInterface': Can't find file '/Game/NewTouchInterface'
[2015.07.15-06.35.30:078][875]LogUObjectGlobals:Warning: Failed to find object 'TouchInterface /Game/NewTouchInterface.NewTouchInterface'
[2015.07.15-06.35.30:112][875]LogScript:Warning: Divide by zero: Divide_FloatFloat
[2015.07.15-06.35.30:116][876]LogScript:Warning: Divide by zero: Divide_FloatFloat
[2015.07.15-06.35.30:133][877]LogScript:Warning: Divide by zero: Divide_FloatFloat
[2015.07.15-06.35.30:148][878]LogScript:Warning: Divide by zero: Divide_FloatFloat
[2015.07.15-06.35.30:164][879]LogScript:Warning: Divide by zero: Divide_FloatFloat
[2015.07.15-06.35.30:180][880]LogScript:Warning: Divide by zero: Divide_FloatFloat
[2015.07.15-06.35.30:196][881]LogScript:Warning: Divide by zero: Divide_FloatFloat
[2015.07.15-06.35.30:213][882]LogScript:Warning: Divide by zero: Divide_FloatFloat
[2015.07.15-06.35.30:229][883]LogScript:Warning: Divide by zero: Divide_FloatFloat
[2015.07.15-06.35.30:245][884]LogScript:Warning: Divide by zero: Divide_FloatFloat
[2015.07.15-06.35.30:261][885]LogScript:Warning: Divide by zero: Divide_FloatFloat
[2015.07.15-06.35.30:277][886]LogScript:Warning: Divide by zero: Divide_FloatFloat
[2015.07.15-06.35.30:292][887]LogScript:Warning: Divide by zero: Divide_FloatFloat
[2015.07.15-06.35.30:309][888]LogScript:Warning: Divide by zero: Divide_FloatFloat
[2015.07.15-06.35.30:325][889]LogScript:Warning: Divide by zero: Divide_FloatFloat
[2015.07.15-06.35.30:342][890]LogScript:Warning: Divide by zero: Divide_FloatFloat
[2015.07.15-06.35.30:358][891]LogScript:Warning: Divide by zero: Divide_FloatFloat
[2015.07.15-06.35.30:373][892]LogScript:Warning: Divide by zero: Divide_FloatFloat
[2015.07.15-06.35.30:389][893]LogScript:Warning: Divide by zero: Divide_FloatFloat
[2015.07.15-06.35.30:405][894]LogScript:Warning: Divide by zero: Divide_FloatFloat
[2015.07.15-06.35.30:421][895]LogScript:Warning: Divide by zero: Divide_FloatFloat
[2015.07.15-06.35.30:438][896]LogScript:Warning: Divide by zero: Divide_FloatFloat
[2015.07.15-06.35.30:454][897]LogScript:Warning: Divide by zero: Divide_FloatFloat
[2015.07.15-06.35.30:471][898]LogScript:Warning: Divide by zero: Divide_FloatFloat
[2015.07.15-06.35.30:487][899]LogScript:Warning: Divide by zero: Divide_FloatFloat
[2015.07.15-06.35.30:503][900]LogScript:Warning: Divide by zero: Divide_FloatFloat
[2015.07.15-06.35.30:520][901]LogScript:Warning: Divide by zero: Divide_FloatFloat
[2015.07.15-06.35.30:535][902]LogScript:Warning: Divide by zero: Divide_FloatFloat
[2015.07.15-06.35.30:552][903]LogScript:Warning: Divide by zero: Divide_FloatFloat
[2015.07.15-06.35.30:567][904]LogScript:Warning: Divide by zero: Divide_FloatFloat
[2015.07.15-06.35.30:584][905]LogScript:Warning: Divide by zero: Divide_FloatFloat
[2015.07.15-06.35.30:600][906]LogScript:Warning: Divide by zero: Divide_FloatFloat
[2015.07.15-06.35.30:616][907]LogScript:Warning: Divide by zero: Divide_FloatFloat
[2015.07.15-06.35.30:632][908]LogScript:Warning: Divide by zero: Divide_FloatFloat
[2015.07.15-06.35.30:648][909]LogScript:Warning: Divide by zero: Divide_FloatFloat
[2015.07.15-06.35.30:664][910]LogScript:Warning: Divide by zero: Divide_FloatFloat
[2015.07.15-06.35.30:680][911]LogScript:Warning: Divide by zero: Divide_FloatFloat
[2015.07.15-06.35.30:696][912]LogScript:Warning: Divide by zero: Divide_FloatFloat
[2015.07.15-06.35.30:713][913]LogScript:Warning: Divide by zero: Divide_FloatFloat
[2015.07.15-06.35.30:729][914]LogScript:Warning: Divide by zero: Divide_FloatFloat
[2015.07.15-06.35.30:856][915]LogWindowsTextInputMethodSystem:Display: IME system now deactivated.
[2015.07.15-06.35.30:859][915]LogEngine: All Windows Closed
[2015.07.15-06.35.30:859][915]LogWindows: FPlatformMisc::RequestExit(0)
[2015.07.15-06.35.31:545][916]LogExit: Preparing to exit.
[2015.07.15-06.35.31:604][916]LogExit: Game engine shut down
[2015.07.15-06.35.31:760][916]LogParticles: Destroying 0 GPU particle simulations for FXSystem 0x000000061387B560
[2015.07.15-06.35.31:760][916]LogExit: Object subsystem successfully closed.
[2015.07.15-06.35.31:829][916]LogModuleManager: Shutting down and abandoning module AndroidDeviceDetection (108)
[2015.07.15-06.35.32:601][916]LogModuleManager: Shutting down and abandoning module AssetRegistry (107)
[2015.07.15-06.35.32:601][916]LogModuleManager: Shutting down and abandoning module AutomationWorker (106)
[2015.07.15-06.35.32:601][916]LogModuleManager: Shutting down and abandoning module CharacterAI (105)
[2015.07.15-06.35.32:601][916]LogModuleManager: Shutting down and abandoning module AITestSuite (104)
[2015.07.15-06.35.32:601][916]LogModuleManager: Shutting down and abandoning module GameplayDebugger (103)
[2015.07.15-06.35.32:601][916]LogModuleManager: Shutting down and abandoning module AIModule (102)
[2015.07.15-06.35.32:601][916]LogModuleManager: Shutting down and abandoning module GameLiveStreaming (101)
[2015.07.15-06.35.32:601][916]LogModuleManager: Shutting down and abandoning module StreamingPauseRendering (100)
[2015.07.15-06.35.32:601][916]LogModuleManager: Shutting down and abandoning module ProfilerService (99)
[2015.07.15-06.35.32:777][916]LogModuleManager: Shutting down and abandoning module TaskGraph (98)
[2015.07.15-06.35.32:777][916]LogModuleManager: Shutting down and abandoning module SlateRemote (97)
[2015.07.15-06.35.32:777][916]LogModuleManager: Shutting down and abandoning module SteamVRController (96)
[2015.07.15-06.35.32:777][916]LogModuleManager: Shutting down and abandoning module SteamVR (95)
[2015.07.15-06.35.32:777][916]LogModuleManager: Shutting down and abandoning module ProceduralMeshComponent (94)
[2015.07.15-06.35.32:777][916]LogModuleManager: Shutting down and abandoning module OculusRift (93)
[2015.07.15-06.35.32:777][916]LogModuleManager: Shutting down and abandoning module LeapMotionController (92)
[2015.07.15-06.35.32:794][916]LogModuleManager: Shutting down and abandoning module CustomMeshComponent (91)
[2015.07.15-06.35.32:794][916]LogModuleManager: Shutting down and abandoning module CableComponent (90)
[2015.07.15-06.35.32:794][916]LogModuleManager: Shutting down and abandoning module DesktopPlatform (89)
[2015.07.15-06.35.32:794][916]LogModuleManager: Shutting down and abandoning module DirectoryWatcher (88)
[2015.07.15-06.35.32:794][916]LogModuleManager: Shutting down and abandoning module HotReload (87)
[2015.07.15-06.35.32:794][916]LogModuleManager: Shutting down and abandoning module VisualStudioSourceCodeAccess (86)
[2015.07.15-06.35.32:794][916]LogModuleManager: Shutting down and abandoning module UObjectPlugin (85)
[2015.07.15-06.35.32:794][916]LogModuleManager: Shutting down and abandoning module SubversionSourceControl (84)
[2015.07.15-06.35.32:794][916]LogModuleManager: Shutting down and abandoning module SourceControl (83)
[2015.07.15-06.35.32:794][916]LogModuleManager: Shutting down and abandoning module PerforceSourceControl (82)
[2015.07.15-06.35.32:794][916]LogModuleManager: Shutting down and abandoning module BlankPlugin (81)
[2015.07.15-06.35.32:794][916]LogModuleManager: Shutting down and abandoning module UdpMessaging (80)
[2015.07.15-06.35.32:794][916]LogModuleManager: Shutting down and abandoning module Paper2D (79)
[2015.07.15-06.35.32:794][916]LogModuleManager: Shutting down and abandoning module WindowsMoviePlayer (78)
[2015.07.15-06.35.32:795][916]LogModuleManager: Shutting down and abandoning module Media (77)
[2015.07.15-06.35.32:795][916]LogModuleManager: Shutting down and abandoning module WmfMedia (76)
[2015.07.15-06.35.32:795][916]LogModuleManager: Shutting down and abandoning module OnlineBlueprintSupport (75)
[2015.07.15-06.35.32:796][916]LogModuleManager: Shutting down and abandoning module PropertyEditor (74)
[2015.07.15-06.35.32:796][916]LogModuleManager: Shutting down and abandoning module BehaviorTreeEditor (73)
[2015.07.15-06.35.32:796][916]LogModuleManager: Shutting down and abandoning module FunctionalTesting (72)
[2015.07.15-06.35.32:796][916]LogModuleManager: Shutting down and abandoning module CollisionAnalyzer (71)
[2015.07.15-06.35.32:796][916]LogModuleManager: Shutting down and abandoning module WorkspaceMenuStructure (70)
[2015.07.15-06.35.32:796][916]LogModuleManager: Shutting down and abandoning module MessageLog (69)
[2015.07.15-06.35.32:796][916]LogModuleManager: Shutting down and abandoning module Sequencer (68)
[2015.07.15-06.35.32:796][916]LogModuleManager: Shutting down and abandoning module AssetTools (67)
[2015.07.15-06.35.32:796][916]LogModuleManager: Shutting down and abandoning module UMGEditor (66)
[2015.07.15-06.35.32:796][916]LogModuleManager: Shutting down and abandoning module UMG (65)
[2015.07.15-06.35.32:796][916]LogModuleManager: Shutting down and abandoning module Slate (64)
[2015.07.15-06.35.32:796][916]LogModuleManager: Shutting down and abandoning module EditorStyle (63)
[2015.07.15-06.35.32:798][916]LogModuleManager: Shutting down and abandoning module SessionServices (62)
[2015.07.15-06.35.32:798][916]LogModuleManager: Shutting down and abandoning module SourceCodeAccess (61)
[2015.07.15-06.35.32:798][916]LogModuleManager: Shutting down and abandoning module HeadMountedDisplay (60)
[2015.07.15-06.35.32:798][916]LogModuleManager: Shutting down and abandoning module XAudio2 (59)
[2015.07.15-06.35.32:798][916]LogModuleManager: Shutting down and abandoning module Networking (57)
[2015.07.15-06.35.32:798][916]LogModuleManager: Shutting down and abandoning module Core (56)
[2015.07.15-06.35.32:798][916]LogModuleManager: Shutting down and abandoning module KismetCompiler (55)
[2015.07.15-06.35.32:798][916]LogModuleManager: Shutting down and abandoning module PhysXFormats (54)
[2015.07.15-06.35.32:798][916]LogModuleManager: Shutting down and abandoning module MeshUtilities (53)
[2015.07.15-06.35.32:799][916]LogModuleManager: Shutting down and abandoning module DerivedDataCache (52)
[2015.07.15-06.35.33:149][916]LogDerivedDataCache: Shutdown
[2015.07.15-06.35.33:149][916]LogModuleManager: Shutting down and abandoning module ShaderFormatOpenGL (51)
[2015.07.15-06.35.33:149][916]LogModuleManager: Shutting down and abandoning module ShaderFormatD3D (50)
[2015.07.15-06.35.33:149][916]LogModuleManager: Shutting down and abandoning module MetalShaderFormat (49)
[2015.07.15-06.35.33:149][916]LogModuleManager: Shutting down and abandoning module TextureFormatUncompressed (48)
[2015.07.15-06.35.33:149][916]LogModuleManager: Shutting down and abandoning module TextureFormatPVR (47)
[2015.07.15-06.35.33:149][916]LogModuleManager: Shutting down and abandoning module TextureFormatIntelISPCTexComp (46)
[2015.07.15-06.35.33:149][916]LogModuleManager: Shutting down and abandoning module TextureFormatDXT (45)
[2015.07.15-06.35.33:149][916]LogModuleManager: Shutting down and abandoning module ImageWrapper (44)
[2015.07.15-06.35.33:149][916]LogModuleManager: Shutting down and abandoning module TextureFormatASTC (43)
[2015.07.15-06.35.33:149][916]LogModuleManager: Shutting down and abandoning module TextureFormatAndroid (42)
[2015.07.15-06.35.33:149][916]LogModuleManager: Shutting down and abandoning module AudioFormatOpus (41)
[2015.07.15-06.35.33:149][916]LogModuleManager: Shutting down and abandoning module AudioFormatOgg (40)
[2015.07.15-06.35.33:149][916]LogModuleManager: Shutting down and abandoning module AudioFormatADPCM (39)
[2015.07.15-06.35.33:149][916]LogModuleManager: Shutting down and abandoning module LinuxTargetPlatform (38)
[2015.07.15-06.35.33:149][916]LogModuleManager: Shutting down and abandoning module LinuxServerTargetPlatform (37)
[2015.07.15-06.35.33:149][916]LogModuleManager: Shutting down and abandoning module LinuxNoEditorTargetPlatform (36)
[2015.07.15-06.35.33:149][916]LogModuleManager: Shutting down and abandoning module Messaging (35)
[2015.07.15-06.35.33:149][916]LogModuleManager: Shutting down and abandoning module IOSTargetPlatform (34)
[2015.07.15-06.35.33:149][916]LogModuleManager: Shutting down and abandoning module HTML5TargetPlatform (33)
[2015.07.15-06.35.33:149][916]LogModuleManager: Shutting down and abandoning module Android_PVRTCTargetPlatform (32)
[2015.07.15-06.35.33:149][916]LogModuleManager: Shutting down and abandoning module Android_ETC2TargetPlatform (31)
[2015.07.15-06.35.33:149][916]LogModuleManager: Shutting down and abandoning module Android_ETC1TargetPlatform (30)
[2015.07.15-06.35.33:149][916]LogModuleManager: Shutting down and abandoning module Android_DXTTargetPlatform (29)
[2015.07.15-06.35.33:149][916]LogModuleManager: Shutting down and abandoning module Android_ATCTargetPlatform (28)
[2015.07.15-06.35.33:149][916]LogModuleManager: Shutting down and abandoning module Android_ASTCTargetPlatform (27)
[2015.07.15-06.35.33:149][916]LogModuleManager: Shutting down and abandoning module AndroidTargetPlatform (26)
[2015.07.15-06.35.33:149][916]LogModuleManager: Shutting down and abandoning module WindowsTargetPlatform (25)
[2015.07.15-06.35.33:149][916]LogModuleManager: Shutting down and abandoning module WindowsServerTargetPlatform (24)
[2015.07.15-06.35.33:149][916]LogModuleManager: Shutting down and abandoning module WindowsNoEditorTargetPlatform (23)
[2015.07.15-06.35.33:149][916]LogModuleManager: Shutting down and abandoning module WindowsClientTargetPlatform (22)
[2015.07.15-06.35.33:149][916]LogModuleManager: Shutting down and abandoning module DesktopTargetPlatform (21)
[2015.07.15-06.35.33:149][916]LogModuleManager: Shutting down and abandoning module TargetPlatform (20)
[2015.07.15-06.35.33:149][916]LogModuleManager: Shutting down and abandoning module InputCore (19)
[2015.07.15-06.35.33:149][916]LogModuleManager: Shutting down and abandoning module Settings (18)
[2015.07.15-06.35.33:149][916]LogModuleManager: Shutting down and abandoning module OnlineSubsystem (16)
[2015.07.15-06.35.33:149][916]LogModuleManager: Shutting down and abandoning module HTTP (15)
[2015.07.15-06.35.33:150][916]LogModuleManager: Shutting down and abandoning module ExampleDeviceProfileSelector (14)
[2015.07.15-06.35.33:150][916]LogModuleManager: Shutting down and abandoning module TextureCompressor (13)
[2015.07.15-06.35.33:150][916]LogModuleManager: Shutting down and abandoning module ShaderCore (12)
[2015.07.15-06.35.33:150][916]LogModuleManager: Shutting down and abandoning module Landscape (11)
[2015.07.15-06.35.33:150][916]LogModuleManager: Shutting down and abandoning module SlateRHIRenderer (10)
[2015.07.15-06.35.33:150][916]LogModuleManager: Shutting down and abandoning module OpenGLDrv (9)
[2015.07.15-06.35.33:150][916]LogModuleManager: Shutting down and abandoning module D3D11RHI (8)
[2015.07.15-06.35.33:150][916]LogModuleManager: Shutting down and abandoning module Renderer (7)
[2015.07.15-06.35.33:150][916]LogModuleManager: Shutting down and abandoning module Engine (6)
[2015.07.15-06.35.33:150][916]LogModuleManager: Shutting down and abandoning module CoreUObject (5)
[2015.07.15-06.35.33:150][916]LogModuleManager: Shutting down and abandoning module NetworkFile (4)
[2015.07.15-06.35.33:150][916]LogModuleManager: Shutting down and abandoning module StreamingFile (3)
[2015.07.15-06.35.33:150][916]LogModuleManager: Shutting down and abandoning module SandboxFile (2)
[2015.07.15-06.35.33:150][916]LogModuleManager: Shutting down and abandoning module PakFile (1)
[2015.07.15-06.35.33:152][916]LogExit: Exiting.
[2015.07.15-06.35.33:154][916]Log file closed, 07/15/15 02:35:33
