[2015.10.08-15.03.39:672][  0]Log file open, 10/08/15 11:03:39
[2015.10.08-15.03.39:672][  0]LogInit:Display: Running engine for game: MyProject3
[2015.10.08-15.03.39:672][  0]LogInit:Display: RandInit(1385910452) SRandInit(1385910453).
[2015.10.08-15.03.39:672][  0]LogTaskGraph: Started task graph with 4 named threads and 5 total threads.
[2015.10.08-15.03.39:672][  0]LogStats: Stats thread started
[2015.10.08-15.03.39:672][  0]LogInit: Version: 4.8.3-2634408+++depot+UE4-Releases+4.8
[2015.10.08-15.03.39:672][  0]LogInit: API Version: 2579680
[2015.10.08-15.03.39:672][  0]LogInit: Compiled (64-bit): Jul 27 2015 16:24:33
[2015.10.08-15.03.39:672][  0]LogInit: Compiled with Visual C++: 18.00.21005.01
[2015.10.08-15.03.39:672][  0]LogInit: Build Configuration: Development
[2015.10.08-15.03.39:672][  0]LogInit: Branch Name: ++depot+UE4-Releases+4.8
[2015.10.08-15.03.39:672][  0]LogInit: Command line:  
[2015.10.08-15.03.39:672][  0]LogInit: Base directory: C:/Program Files/Epic Games/4.8/Engine/Binaries/Win64/
[2015.10.08-15.03.39:672][  0]LogInit: Rocket: 1
[2015.10.08-15.03.39:860][  0]LogInit: Using libcurl 7.41.0
[2015.10.08-15.03.39:860][  0]LogInit:  - built for x86_64-pc-win32
[2015.10.08-15.03.39:860][  0]LogInit:  - supports SSL with WinSSL
[2015.10.08-15.03.39:860][  0]LogInit:  - other features:
[2015.10.08-15.03.39:860][  0]LogInit:      CURL_VERSION_SSL
[2015.10.08-15.03.39:860][  0]LogInit:      CURL_VERSION_IPV6
[2015.10.08-15.03.39:860][  0]LogInit:      CURL_VERSION_ASYNCHDNS
[2015.10.08-15.03.39:860][  0]LogInit:      CURL_VERSION_LARGEFILE
[2015.10.08-15.03.39:860][  0]LogInit:      CURL_VERSION_IDN
[2015.10.08-15.03.39:860][  0]LogInit:  CurlRequestOptions (configurable via config and command line):
[2015.10.08-15.03.39:860][  0]LogInit:  - bVerifyPeer = true  - Libcurl will verify peer certificate
[2015.10.08-15.03.39:860][  0]LogInit:  - bUseHttpProxy = false  - Libcurl will NOT use HTTP proxy
[2015.10.08-15.03.39:860][  0]LogInit:  - bDontReuseConnections = false  - Libcurl will reuse connections
[2015.10.08-15.03.39:860][  0]LogInit:  - CertBundlePath = nullptr  - Libcurl will use whatever was configured at build time.
[2015.10.08-15.03.40:037][  0]LogOnline:Warning: No default platform service specified for OnlineSubsystem
[2015.10.08-15.03.40:211][  0]LogInit: Presizing for 0 objects not considered by GC, pre-allocating 0 bytes.
[2015.10.08-15.03.40:218][  0]LogInit: Object subsystem initialized
[2015.10.08-15.03.40:219][  0]LogConsoleResponse:Warning: Skipping Unknown console variable: 'TranslucentSortAxis = (X=0.000000,Y=-1.000000,Z=0.000000)'
[2015.10.08-15.03.40:219][  0]LogConsoleResponse:Warning:   Found in ini file 'D:/Users/cxg8590/GitHub/SpaceRace/MyProject3/Saved/Config/Windows/Engine.ini', in section '[/Script/Engine.RendererSettings]'
[2015.10.08-15.03.40:219][  0]LogConsoleResponse:Warning: Skipping Unknown console variable: 'UIScaleRule = ShortestSide'
[2015.10.08-15.03.40:219][  0]LogConsoleResponse:Warning:   Found in ini file 'D:/Users/cxg8590/GitHub/SpaceRace/MyProject3/Saved/Config/Windows/Engine.ini', in section '[/Script/Engine.RendererSettings]'
[2015.10.08-15.03.40:219][  0]LogConsoleResponse:Warning: Skipping Unknown console variable: 'UIScaleCurve = (EditorCurveData=(Keys=),ExternalCurve=None)'
[2015.10.08-15.03.40:219][  0]LogConsoleResponse:Warning:   Found in ini file 'D:/Users/cxg8590/GitHub/SpaceRace/MyProject3/Saved/Config/Windows/Engine.ini', in section '[/Script/Engine.RendererSettings]'
[2015.10.08-15.03.40:220][  0]LogInit: Selected Device Profile: [Windows]
[2015.10.08-15.03.40:220][  0]LogInit: Applying CVar settings loaded from the selected device profile: [Windows]
[2015.10.08-15.03.40:237][  0]LogInit: Computer: OH1380-11
[2015.10.08-15.03.40:237][  0]LogInit: User: cxg8590
[2015.10.08-15.03.40:237][  0]LogInit: CPU Page size=4096, Cores=2
[2015.10.08-15.03.40:237][  0]LogInit: High frequency timer resolution =3.515631 MHz
[2015.10.08-15.03.40:238][  0]LogMemory: Memory total: Physical=15.9GB (16GB approx)
[2015.10.08-15.03.40:238][  0]LogMemory: Platform Memory Stats for Windows
[2015.10.08-15.03.40:238][  0]LogMemory: Process Physical Memory: 50.43 MB used, 50.43 MB peak
[2015.10.08-15.03.40:238][  0]LogMemory: Process Virtual Memory: 22.50 MB used, 22.50 MB peak
[2015.10.08-15.03.40:238][  0]LogMemory: Physical Memory: 3327.40 MB used, 16302.15 MB total
[2015.10.08-15.03.40:238][  0]LogMemory: Virtual Memory: 309.71 MB used, 134217728.00 MB total
[2015.10.08-15.03.40:506][  0]LogTextLocalizationManager: The requested culture ('en_US') has no localization data; parent culture's ('en') localization data will be used.
[2015.10.08-15.03.40:754][  0]LogTextLocalizationManager:Warning: Loaded localization resources contain conflicting entries for (Namespace:ContentBrowser, Key:ImportAssetToolTip):
Localization Resource: (C:/Program Files/Epic Games/4.8/Engine/Content/Localization/Editor/en/Editor.locres) Source String Hash: (-630476809) Localized String: (Import to {0}...)
Localization Resource: (C:/Program Files/Epic Games/4.8/Engine/Content/Localization/Editor/en/Editor.locres) Source String Hash: (1271782899) Localized String: (Imports an asset from file to this folder.)
[2015.10.08-15.03.41:592][  0]LogD3D11RHI: Found D3D11 adapter 0: NVIDIA GeForce GTX 680 (Feature Level 11_0)
[2015.10.08-15.03.41:592][  0]LogD3D11RHI: Adapter has 1989MB of dedicated video memory, 0MB of dedicated system memory, and 8151MB of shared system memory, 2 output[s]
[2015.10.08-15.03.41:593][  0]LogD3D11RHI: Found D3D11 adapter 1: Microsoft Basic Render Driver (Feature Level 11_0)
[2015.10.08-15.03.41:593][  0]LogD3D11RHI: Adapter has 0MB of dedicated video memory, 0MB of dedicated system memory, and 8151MB of shared system memory, 0 output[s]
[2015.10.08-15.03.41:593][  0]LogD3D11RHI: Chosen D3D11 Adapter Id = 0
[2015.10.08-15.03.41:596][  0]LogD3D11RHI: InitD3DDevice
[2015.10.08-15.03.41:596][  0]LogD3D11RHI: !Direct3DDevice
[2015.10.08-15.03.41:596][  0]LogRHI: Texture pool is 1361 MB (70% of 1945 MB)
[2015.10.08-15.03.41:608][  0]LogD3D11RHI: Async texture creation enabled
[2015.10.08-15.03.41:624][  0]LogShaderCompilers:Display: Using Local Shader Compiler.
[2015.10.08-15.03.43:135][  0]LogTemp:Display: Loaded TP DesktopTargetPlatform
[2015.10.08-15.03.43:282][  0]LogTemp:Display: Loaded TP WindowsClientTargetPlatform
[2015.10.08-15.03.43:428][  0]LogTemp:Display: Loaded TP WindowsNoEditorTargetPlatform
[2015.10.08-15.03.43:574][  0]LogTemp:Display: Loaded TP WindowsServerTargetPlatform
[2015.10.08-15.03.43:722][  0]LogTemp:Display: Loaded TP WindowsTargetPlatform
[2015.10.08-15.03.43:823][  0]LogTemp:Display: Loaded TP AndroidTargetPlatform
[2015.10.08-15.03.43:924][  0]LogTemp:Display: Loaded TP Android_ASTCTargetPlatform
[2015.10.08-15.03.44:024][  0]LogTemp:Display: Loaded TP Android_ATCTargetPlatform
[2015.10.08-15.03.44:125][  0]LogTemp:Display: Loaded TP Android_DXTTargetPlatform
[2015.10.08-15.03.44:227][  0]LogTemp:Display: Loaded TP Android_ETC1TargetPlatform
[2015.10.08-15.03.44:328][  0]LogTemp:Display: Loaded TP Android_ETC2TargetPlatform
[2015.10.08-15.03.44:429][  0]LogTemp:Display: Loaded TP Android_PVRTCTargetPlatform
[2015.10.08-15.03.44:786][  0]LogTemp:Display: Loaded TP IOSTargetPlatform
[2015.10.08-15.03.44:887][  0]LogTemp:Display: Loaded TP LinuxNoEditorTargetPlatform
[2015.10.08-15.03.44:988][  0]LogTemp:Display: Loaded TP LinuxServerTargetPlatform
[2015.10.08-15.03.45:092][  0]LogTemp:Display: Loaded TP LinuxTargetPlatform
[2015.10.08-15.03.45:092][  0]LogTargetPlatformManager:Display: Building Assets For Windows
[2015.10.08-15.03.47:443][  0]LogDerivedDataCache:Display: Max Cache Size: 512 MB
[2015.10.08-15.03.47:590][  0]LogDerivedDataCache: Loaded boot cache 0.15s 53MB D:/Users/cxg8590/AppData/Local/UnrealEngine/4.8/DerivedDataCache/Boot.ddc.
[2015.10.08-15.03.47:590][  0]LogDerivedDataCache:Display: Loaded Boot cache: D:/Users/cxg8590/AppData/Local/UnrealEngine/4.8/DerivedDataCache/Boot.ddc
[2015.10.08-15.03.47:590][  0]LogDerivedDataCache: FDerivedDataBackendGraph:  Pak pak cache file D:/Users/cxg8590/GitHub/SpaceRace/MyProject3/DerivedDataCache/DDC.ddp not found, will not use a pak cache.
[2015.10.08-15.03.47:590][  0]LogDerivedDataCache: Unable to find inner node Pak for hierarchical cache Hierarchy.
[2015.10.08-15.03.47:590][  0]LogDerivedDataCache: FDerivedDataBackendGraph:  CompressedPak pak cache file D:/Users/cxg8590/GitHub/SpaceRace/MyProject3/DerivedDataCache/Compressed.ddp not found, will not use a pak cache.
[2015.10.08-15.03.47:590][  0]LogDerivedDataCache: Unable to find inner node CompressedPak for hierarchical cache Hierarchy.
[2015.10.08-15.03.47:739][  0]LogDerivedDataCache:Display: Pak cache opened for reading ../../../Engine/DerivedDataCache/Compressed.ddp.
[2015.10.08-15.03.47:751][  0]LogDerivedDataCache: Using Local data cache path D:/Users/cxg8590/AppData/Local/UnrealEngine/Common/DerivedDataCache: Writable
[2015.10.08-15.03.48:676][  0]LogInit: Selected Device Profile: [Windows]
[2015.10.08-15.03.48:768][  0]ImportText (ComponentSweepMultiTests): Missing closing parenthesis: (RootShapeAsset="/Engine/BasicShapes/Cube.Cube",ShapeType="TriggerCapsule",HitResult=(Time=0.50,Location=(X=-100.000015,Y=0.0,Z=100.000015),ImpactPoint=(X=-50.0,Y=0.0,Z=50.0),Normal=(X=-1.0,Y=-0.0,Z=0.0),ImpactNormal=(X=0.0,Y=0.0,Z=1.0),TraceStart=(X=-200.0,Y=0.0,Z=200.0),TraceEnd=(X=0.0,Y=0.0,Z=0.0))
[2015.10.08-15.03.48:769][  0]ImportText (LineTraceSingleByChannelTests): Missing closing parenthesis: (RootShapeAsset="/Engine/BasicShapes/Cube.Cube",HitResult=(Time=0.50,Location=(X=-100.000015,Y=0.0,Z=100.000015),ImpactPoint=(X=-50.0,Y=0.0,Z=50.0),Normal=(X=-1.0,Y=-0.0,Z=0.0),ImpactNormal=(X=0.0,Y=0.0,Z=1.0),TraceStart=(X=-200.0,Y=0.0,Z=200.0),TraceEnd=(X=0.0,Y=0.0,Z=0.0))
[2015.10.08-15.03.49:024][  0]LogMeshUtilities: No automatic mesh reduction module available
[2015.10.08-15.03.49:024][  0]LogMeshUtilities: No automatic mesh merging module available
[2015.10.08-15.03.50:264][  0]LogInit: WinSock: version 1.1 (2.2), MaxSocks=32767, MaxUdp=65467
[2015.10.08-15.03.55:102][  0]UdpMessaging: Initializing bridge on interface 0.0.0.0:0 to multicast group 230.0.0.1:6666.
[2015.10.08-15.03.57:058][  0]SourceControl: Info Source control is disabled
[2015.10.08-15.03.57:066][  0]SourceControl: Info Source control is disabled
[2015.10.08-15.03.57:169][  0]SourceControl: Info Source control is disabled
[2015.10.08-15.03.57:270][  0]SourceControl: Info Source control is disabled
[2015.10.08-15.03.59:117][  0]LogObj: 26273 objects as part of root set at end of initial load.
[2015.10.08-15.03.59:117][  0]LogUObjectAllocator: 5409256 out of 0 bytes used by permanent object pool.
[2015.10.08-15.03.59:472][  0]LogEngine: Initializing Engine...
[2015.10.08-15.03.59:476][  0]LogHMD: Can't find Oculus library dev build: is proper Runtime installed? Version: 0.6.0.0
[2015.10.08-15.03.59:487][  0]LogHMD:Warning: SteamVR failed to initialize.  Error: 110
[2015.10.08-15.04.00:114][  0]LogAIModule: Creating AISystem for world NewWorld
[2015.10.08-15.04.00:123][  0]LogInit: XAudio2 using 'Realtek Digital Output (Realtek High Definition Audio)' : 2 channels at 48 kHz using 16 bits per sample (channel mask 0x3)
[2015.10.08-15.04.00:401][  0]LogInit: FAudioDevice initialized.
[2015.10.08-15.04.00:423][  0]LogDerivedDataCache: Saved boot cache 0.02s 53MB D:/Users/cxg8590/AppData/Local/UnrealEngine/4.8/DerivedDataCache/Boot.ddc.
[2015.10.08-15.04.00:430][  0]LogInit: Texture streaming: Disabled
[2015.10.08-15.04.00:716][  0]LogAnalytics: Creating configured Analytics provider AnalyticsET
[2015.10.08-15.04.00:716][  0]LogAnalytics: [UEEditor.Rocket.Release] APIServer = http://et2.epicgames.com/ET2/. AppVersion = 4.8.3-2634408+++depot+UE4-Releases+4.8
[2015.10.08-15.04.00:716][  0]LogAnalytics: [UEEditor.Rocket.Release] SetUserId 6721c715418f028d01111e9f71eedd7f||28f313b4-5acb-499d-8f9f-e1729882657c
[2015.10.08-15.04.00:716][  0]LogAnalytics: [UEEditor.Rocket.Release] AnalyticsET::StartSession
[2015.10.08-15.04.00:874][  0]LogInit: Transaction tracking system initialized
[2015.10.08-15.04.02:606][  0]BlueprintLog: New page: Editor Load
[2015.10.08-15.04.03:018][  0]LogAssetRegistry: FAssetRegistry took 0.0109 seconds to start up
[2015.10.08-15.04.03:018][  0]LogDirectoryWatcher:Warning: Failed to begin reading directory changes for ../../../Engine/Plugins/Experimental/CharacterAI/Content/. Error: 0
[2015.10.08-15.04.09:482][  0]LogConsoleManager:Warning: Console variable 'r.VSync' wasn't set ('GameSetting' has a lower priority than 'SystemSettingsIni')
[2015.10.08-15.04.09:482][  0]LogConsoleResponse:Display: 
[2015.10.08-15.04.09:814][  0]LogCook:Display: Done creating registry. It took  0.00s.
[2015.10.08-15.04.11:411][  0]SourceControl: Info Source control is disabled
[2015.10.08-15.04.11:411][  0]Cmd: MAP LOAD FILE="D:/Users/cxg8590/GitHub/SpaceRace/MyProject3/Content/FlyingBP/Maps/FlyingExampleMap.umap" TEMPLATE=0 SHOWPROGRESS=1 FEATURELEVEL=3
[2015.10.08-15.04.11:429][  0]LogD3D11RHI: InitD3DDevice
[2015.10.08-15.05.10:043][  0]LogWindowsTextInputMethodSystem:Display: IME system now deactivated.
[2015.10.08-15.05.10:045][  0]LightingResults: New page: Lighting Build
[2015.10.08-15.05.10:202][  0]MapCheck: New page: Map Check
[2015.10.08-15.05.10:202][  0]LightingResults: New page: Lighting Build
[2015.10.08-15.05.10:218][  0]LogParticles: Destroying 0 GPU particle simulations for FXSystem 0x0000007EC47BD300
[2015.10.08-15.05.10:219][  0]LogAIModule: Creating AISystem for world NewWorld
[2015.10.08-15.05.10:222][  0]LoadErrors: New page: New Map
[2015.10.08-15.05.10:569][  0]LogCollectionManager: Loaded 0 collections in 0.057546 seconds
[2015.10.08-15.05.10:577][  0]LogContentBrowser: Native class hierarchy populated in 0.0085 seconds. Added 1792 classes and 301 folders.
[2015.10.08-15.05.11:046][  0]LogContentBrowser: Native class hierarchy updated for 'WidgetCarousel' in 0.0003 seconds. Added 0 classes and 0 folders.
[2015.10.08-15.05.11:297][  0]LogContentBrowser: Native class hierarchy updated for 'AddContentDialog' in 0.0003 seconds. Added 0 classes and 0 folders.
[2015.10.08-15.05.11:453][  0]LogContentBrowser: Native class hierarchy updated for 'SceneOutliner' in 0.0005 seconds. Added 1 classes and 2 folders.
[2015.10.08-15.05.11:627][  0]LogCrashTracker: Crashtracker disabled due to settings.
[2015.10.08-15.05.11:628][  0]LogD3D11RHI: InitD3DDevice
[2015.10.08-15.05.11:650][  0]LogD3D11RHI: InitD3DDevice
[2015.10.08-15.05.11:686][  0]LogLoad: Full Startup: 95.98 seconds (BP compile: 0.03 seconds)
[2015.10.08-15.05.11:694][  0]LogWindowsTextInputMethodSystem:Display: IME system now deactivated.
[2015.10.08-15.05.11:784][  0]LogContentStreaming: Texture pool size is 0.000000MB
[2015.10.08-15.05.11:811][  0]LogContentStreaming: Texture pool size now 1000 MB
[2015.10.08-15.05.12:010][  0]LogRenderer: Reallocating scene render targets to support 1208x576 (Frame:2).
[2015.10.08-15.05.12:208][  5]LogAssetRegistry: Asset discovery search completed in 69.1994 seconds
[2015.10.08-15.05.12:233][  6]LogD3D11RHI: InitD3DDevice
[2015.10.08-15.05.16:964][566]LogPlayLevel: PIE:  No blueprints needed recompiling
[2015.10.08-15.05.16:984][566]PIE: New page: PIE session: Untitled_1 (Oct 8, 2015, 7:05:16 AM)
[2015.10.08-15.05.16:984][566]LogPlayLevel: Creating play world package: /Temp/UEDPIE_0_Untitled_1
[2015.10.08-15.05.16:985][566]LogPlayLevel: PIE: StaticDuplicateObject took: (0.000550s)
[2015.10.08-15.05.16:985][566]LogAIModule: Creating AISystem for world NewWorld
[2015.10.08-15.05.16:986][566]LogPlayLevel: PIE: World Init took: (0.000958s)
[2015.10.08-15.05.16:986][566]LogPlayLevel: PIE: Created PIE world by copying editor world from /Temp/Untitled_1.NewWorld to /Temp/UEDPIE_0_Untitled_1.NewWorld (0.001689s)
[2015.10.08-15.05.17:023][566]LogInit: XAudio2 using 'Realtek Digital Output (Realtek High Definition Audio)' : 2 channels at 48 kHz using 16 bits per sample (channel mask 0x3)
[2015.10.08-15.05.17:034][566]LogInit: FAudioDevice initialized.
[2015.10.08-15.05.17:084][566]LogLinker:Warning: Asset 'D:/Users/cxg8590/GitHub/SpaceRace/MyProject3/Content/FlyingBP/Blueprints/FlyingGameMode.uasset' has been saved with empty engine version. The asset will be loaded but may be incompatible.
[2015.10.08-15.05.17:084][566]LogLinker:Warning: Unable to load package (D:/Users/cxg8590/GitHub/SpaceRace/MyProject3/Content/FlyingBP/Blueprints/FlyingGameMode.uasset) PackageVersion 482, MaxExpected 451 : LicenseePackageVersion 0, MaxExpected 0.
[2015.10.08-15.05.17:085][566]LogLinker:Warning: Asset 'D:/Users/cxg8590/GitHub/SpaceRace/MyProject3/Content/FlyingBP/Blueprints/FlyingGameMode.uasset' has been saved with empty engine version. The asset will be loaded but may be incompatible.
[2015.10.08-15.05.17:085][566]LogLinker:Warning: Unable to load package (D:/Users/cxg8590/GitHub/SpaceRace/MyProject3/Content/FlyingBP/Blueprints/FlyingGameMode.uasset) PackageVersion 482, MaxExpected 451 : LicenseePackageVersion 0, MaxExpected 0.
[2015.10.08-15.05.17:085][566]LogLinker:Warning: Asset 'D:/Users/cxg8590/GitHub/SpaceRace/MyProject3/Content/FlyingBP/Blueprints/FlyingGameMode.uasset' has been saved with empty engine version. The asset will be loaded but may be incompatible.
[2015.10.08-15.05.17:085][566]LogLinker:Warning: Unable to load package (D:/Users/cxg8590/GitHub/SpaceRace/MyProject3/Content/FlyingBP/Blueprints/FlyingGameMode.uasset) PackageVersion 482, MaxExpected 451 : LicenseePackageVersion 0, MaxExpected 0.
[2015.10.08-15.05.17:085][566]LogUObjectGlobals:Warning: Failed to find object 'Class /Game/FlyingBP/Blueprints/FlyingGameMode.FlyingGameMode_C'
[2015.10.08-15.05.17:085][566]LogWorld: Game class is 'GameMode'
[2015.10.08-15.05.17:091][566]LogWorld: Bringing World /Temp/UEDPIE_0_Untitled_1.NewWorld up for play (max tick rate 0) at 2015.10.08-11.05.17
[2015.10.08-15.05.17:091][566]LogActor:Warning: GameSession /Temp/UEDPIE_0_Untitled_1.NewWorld:PersistentLevel.GameSession_0 has natively added scene component(s), but none of them were set as the actor's RootComponent - picking one arbitrarily
[2015.10.08-15.05.17:092][566]LogActor:Warning: GameNetworkManager /Temp/UEDPIE_0_Untitled_1.NewWorld:PersistentLevel.GameNetworkManager_0 has natively added scene component(s), but none of them were set as the actor's RootComponent - picking one arbitrarily
[2015.10.08-15.05.17:092][566]LogWorld: Bringing up level for play took: 0.000992
[2015.10.08-15.05.17:097][566]PIE: Info Play in editor start time for /Temp/UEDPIE_0_Untitled_1 -0.692
[2015.10.08-15.05.26:463][679]LogParticles: Destroying 0 GPU particle simulations for FXSystem 0x0000007ED28DC860
[2015.10.08-15.05.27:508][801]LogPlayLevel: PIE:  No blueprints needed recompiling
[2015.10.08-15.05.27:508][801]PIE: New page: PIE session: Untitled_1 (Oct 8, 2015, 7:05:27 AM)
[2015.10.08-15.05.27:508][801]LogPlayLevel: Creating play world package: /Temp/UEDPIE_0_Untitled_1
[2015.10.08-15.05.27:509][801]LogPlayLevel: PIE: StaticDuplicateObject took: (0.000412s)
[2015.10.08-15.05.27:509][801]LogAIModule: Creating AISystem for world NewWorld
[2015.10.08-15.05.27:510][801]LogPlayLevel: PIE: World Init took: (0.001117s)
[2015.10.08-15.05.27:510][801]LogPlayLevel: PIE: Created PIE world by copying editor world from /Temp/Untitled_1.NewWorld to /Temp/UEDPIE_0_Untitled_1.NewWorld (0.001693s)
[2015.10.08-15.05.27:535][801]LogInit: XAudio2 using 'Realtek Digital Output (Realtek High Definition Audio)' : 2 channels at 48 kHz using 16 bits per sample (channel mask 0x3)
[2015.10.08-15.05.27:545][801]LogInit: FAudioDevice initialized.
[2015.10.08-15.05.27:578][801]LogLinker:Warning: Asset 'D:/Users/cxg8590/GitHub/SpaceRace/MyProject3/Content/FlyingBP/Blueprints/FlyingGameMode.uasset' has been saved with empty engine version. The asset will be loaded but may be incompatible.
[2015.10.08-15.05.27:578][801]LogLinker:Warning: Unable to load package (D:/Users/cxg8590/GitHub/SpaceRace/MyProject3/Content/FlyingBP/Blueprints/FlyingGameMode.uasset) PackageVersion 482, MaxExpected 451 : LicenseePackageVersion 0, MaxExpected 0.
[2015.10.08-15.05.27:579][801]LogLinker:Warning: Asset 'D:/Users/cxg8590/GitHub/SpaceRace/MyProject3/Content/FlyingBP/Blueprints/FlyingGameMode.uasset' has been saved with empty engine version. The asset will be loaded but may be incompatible.
[2015.10.08-15.05.27:579][801]LogLinker:Warning: Unable to load package (D:/Users/cxg8590/GitHub/SpaceRace/MyProject3/Content/FlyingBP/Blueprints/FlyingGameMode.uasset) PackageVersion 482, MaxExpected 451 : LicenseePackageVersion 0, MaxExpected 0.
[2015.10.08-15.05.27:579][801]LogLinker:Warning: Asset 'D:/Users/cxg8590/GitHub/SpaceRace/MyProject3/Content/FlyingBP/Blueprints/FlyingGameMode.uasset' has been saved with empty engine version. The asset will be loaded but may be incompatible.
[2015.10.08-15.05.27:579][801]LogLinker:Warning: Unable to load package (D:/Users/cxg8590/GitHub/SpaceRace/MyProject3/Content/FlyingBP/Blueprints/FlyingGameMode.uasset) PackageVersion 482, MaxExpected 451 : LicenseePackageVersion 0, MaxExpected 0.
[2015.10.08-15.05.27:579][801]LogUObjectGlobals:Warning: Failed to find object 'Class /Game/FlyingBP/Blueprints/FlyingGameMode.FlyingGameMode_C'
[2015.10.08-15.05.27:579][801]LogWorld: Game class is 'GameMode'
[2015.10.08-15.05.27:581][801]LogWorld: Bringing World /Temp/UEDPIE_0_Untitled_1.NewWorld up for play (max tick rate 0) at 2015.10.08-11.05.27
[2015.10.08-15.05.27:581][801]LogActor:Warning: GameSession /Temp/UEDPIE_0_Untitled_1.NewWorld:PersistentLevel.GameSession_1 has natively added scene component(s), but none of them were set as the actor's RootComponent - picking one arbitrarily
[2015.10.08-15.05.27:581][801]LogActor:Warning: GameNetworkManager /Temp/UEDPIE_0_Untitled_1.NewWorld:PersistentLevel.GameNetworkManager_1 has natively added scene component(s), but none of them were set as the actor's RootComponent - picking one arbitrarily
[2015.10.08-15.05.27:581][801]LogWorld: Bringing up level for play took: 0.000957
[2015.10.08-15.05.27:583][801]PIE: Info Play in editor start time for /Temp/UEDPIE_0_Untitled_1 -0.205
[2015.10.08-15.05.29:520][ 27]LogParticles: Destroying 0 GPU particle simulations for FXSystem 0x0000007EB5958D60
[2015.10.08-15.05.30:708][166]LogD3D11RHI: InitD3DDevice
[2015.10.08-15.05.33:644][166]LogWindowsTextInputMethodSystem:Display: IME system now deactivated.
[2015.10.08-15.05.33:872][167]Cmd: QUIT_EDITOR
[2015.10.08-15.05.34:879][167]LogExit: Preparing to exit.
[2015.10.08-15.05.35:195][167]LogExit: Editor shut down
[2015.10.08-15.05.35:195][167]LogParticles: Destroying 0 GPU particle simulations for FXSystem 0x0000007EB6715DA0
[2015.10.08-15.05.35:195][167]LogExit: Transaction tracking system shut down
[2015.10.08-15.05.35:196][167]LogParticles: Destroying 0 GPU particle simulations for FXSystem 0x0000007EBA8A25C0
[2015.10.08-15.05.35:304][167]LogExit: Object subsystem successfully closed.
[2015.10.08-15.05.35:317][167]LogD3D11RHI: Shutdown
[2015.10.08-15.05.35:317][167]LogD3D11RHI: CleanupD3DDevice
[2015.10.08-15.05.35:352][167]LogD3D11RHI: ~FD3D11DynamicRHI
[2015.10.08-15.05.35:375][167]LogModuleManager: Shutting down and abandoning module CrashTracker (188)
[2015.10.08-15.05.35:375][167]LogModuleManager: Shutting down and abandoning module SceneOutliner (187)
[2015.10.08-15.05.35:375][167]LogModuleManager: Shutting down and abandoning module SuperSearch (186)
[2015.10.08-15.05.35:376][167]LogModuleManager: Shutting down and abandoning module WidgetCarousel (185)
[2015.10.08-15.05.35:376][167]LogModuleManager: Shutting down and abandoning module AddContentDialog (184)
[2015.10.08-15.05.35:376][167]LogModuleManager: Shutting down and abandoning module EditorWidgets (183)
[2015.10.08-15.05.35:376][167]LogModuleManager: Shutting down and abandoning module CollectionManager (182)
[2015.10.08-15.05.35:376][167]LogModuleManager: Shutting down and abandoning module StatsViewer (181)
[2015.10.08-15.05.35:376][167]LogModuleManager: Shutting down and abandoning module FoliageEdit (180)
[2015.10.08-15.05.35:376][167]LogModuleManager: Shutting down and abandoning module LandscapeEditor (179)
[2015.10.08-15.05.35:377][167]LogModuleManager: Shutting down and abandoning module ActorPickerMode (178)
[2015.10.08-15.05.35:377][167]LogModuleManager: Shutting down and abandoning module GeometryMode (177)
[2015.10.08-15.05.35:377][167]LogModuleManager: Shutting down and abandoning module TextureAlignMode (176)
[2015.10.08-15.05.35:377][167]LogModuleManager: Shutting down and abandoning module BspMode (175)
[2015.10.08-15.05.35:377][167]LogModuleManager: Shutting down and abandoning module PlacementMode (174)
[2015.10.08-15.05.35:377][167]LogModuleManager: Shutting down and abandoning module AutomationWorker (173)
[2015.10.08-15.05.35:377][167]LogModuleManager: Shutting down and abandoning module CharacterAI (172)
[2015.10.08-15.05.35:377][167]LogModuleManager: Shutting down and abandoning module SmartSnapping (171)
[2015.10.08-15.05.35:377][167]LogModuleManager: Shutting down and abandoning module ViewportSnapping (170)
[2015.10.08-15.05.35:377][167]LogModuleManager: Shutting down and abandoning module LogVisualizer (169)
[2015.10.08-15.05.35:377][167]LogModuleManager: Shutting down and abandoning module GameProjectGeneration (168)
[2015.10.08-15.05.35:377][167]LogModuleManager: Shutting down and abandoning module IntroTutorials (167)
[2015.10.08-15.05.35:377][167]LogModuleManager: Shutting down and abandoning module EditorLiveStreaming (166)
[2015.10.08-15.05.35:377][167]LogModuleManager: Shutting down and abandoning module IOSPlatformEditor (165)
[2015.10.08-15.05.35:377][167]LogModuleManager: Shutting down and abandoning module HTML5PlatformEditor (164)
[2015.10.08-15.05.35:377][167]LogModuleManager: Shutting down and abandoning module AndroidDeviceDetection (163)
[2015.10.08-15.05.35:686][167]LogModuleManager: Shutting down and abandoning module AndroidPlatformEditor (162)
[2015.10.08-15.05.35:686][167]LogModuleManager: Shutting down and abandoning module IOSRuntimeSettings (161)
[2015.10.08-15.05.35:686][167]LogModuleManager: Shutting down and abandoning module AndroidRuntimeSettings (160)
[2015.10.08-15.05.35:686][167]LogModuleManager: Shutting down and abandoning module MergeActors (159)
[2015.10.08-15.05.35:686][167]LogModuleManager: Shutting down and abandoning module SizeMap (158)
[2015.10.08-15.05.35:686][167]LogModuleManager: Shutting down and abandoning module TreeMap (157)
[2015.10.08-15.05.35:686][167]LogModuleManager: Shutting down and abandoning module ReferenceViewer (156)
[2015.10.08-15.05.35:686][167]LogModuleManager: Shutting down and abandoning module LocalizationDashboard (155)
[2015.10.08-15.05.35:686][167]LogModuleManager: Shutting down and abandoning module HardwareTargeting (154)
[2015.10.08-15.05.35:686][167]LogModuleManager: Shutting down and abandoning module DeviceProfileEditor (153)
[2015.10.08-15.05.35:686][167]LogModuleManager: Shutting down and abandoning module UndoHistory (152)
[2015.10.08-15.05.35:686][167]LogModuleManager: Shutting down and abandoning module GameplayTagsEditor (151)
[2015.10.08-15.05.35:686][167]LogModuleManager: Shutting down and abandoning module UserFeedback (150)
[2015.10.08-15.05.35:686][167]LogModuleManager: Shutting down and abandoning module XmlParser (149)
[2015.10.08-15.05.35:686][167]LogModuleManager: Shutting down and abandoning module Blutility (148)
[2015.10.08-15.05.35:686][167]LogModuleManager: Shutting down and abandoning module ProjectTargetPlatformEditor (147)
[2015.10.08-15.05.35:686][167]LogModuleManager: Shutting down and abandoning module ProjectSettingsViewer (146)
[2015.10.08-15.05.35:686][167]LogModuleManager: Shutting down and abandoning module InputBindingEditor (145)
[2015.10.08-15.05.35:686][167]LogModuleManager: Shutting down and abandoning module EditorSettingsViewer (144)
[2015.10.08-15.05.35:686][167]LogModuleManager: Shutting down and abandoning module SettingsEditor (143)
[2015.10.08-15.05.35:686][167]LogModuleManager: Shutting down and abandoning module ProjectLauncher (142)
[2015.10.08-15.05.35:686][167]LogModuleManager: Shutting down and abandoning module SessionFrontend (141)
[2015.10.08-15.05.35:686][167]LogModuleManager: Shutting down and abandoning module ProfilerClient (140)
[2015.10.08-15.05.35:686][167]LogModuleManager: Shutting down and abandoning module TargetDeviceServices (139)
[2015.10.08-15.05.35:686][167]LogModuleManager: Shutting down and abandoning module DeviceManager (138)
[2015.10.08-15.05.35:686][167]LogModuleManager: Shutting down and abandoning module AutomationController (137)
[2015.10.08-15.05.35:686][167]LogModuleManager: Shutting down and abandoning module AutomationWindow (136)
[2015.10.08-15.05.35:686][167]LogModuleManager: Shutting down and abandoning module Layers (135)
[2015.10.08-15.05.35:687][167]LogModuleManager: Shutting down and abandoning module ComponentVisualizers (134)
[2015.10.08-15.05.35:687][167]LogModuleManager: Shutting down and abandoning module DetailCustomizations (133)
[2015.10.08-15.05.35:687][167]LogModuleManager: Shutting down and abandoning module PackagesDialog (132)
[2015.10.08-15.05.35:687][167]LogModuleManager: Shutting down and abandoning module AssetRegistry (131)
[2015.10.08-15.05.35:803][167]LogModuleManager: Shutting down and abandoning module Persona (130)
[2015.10.08-15.05.35:803][167]LogModuleManager: Shutting down and abandoning module Kismet (129)
[2015.10.08-15.05.35:803][167]LogModuleManager: Shutting down and abandoning module GraphEditor (128)
[2015.10.08-15.05.35:803][167]LogModuleManager: Shutting down and abandoning module ClassViewer (127)
[2015.10.08-15.05.35:803][167]LogModuleManager: Shutting down and abandoning module Toolbox (126)
[2015.10.08-15.05.35:803][167]LogModuleManager: Shutting down and abandoning module ModuleUI (125)
[2015.10.08-15.05.35:803][167]LogModuleManager: Shutting down and abandoning module MovieSceneTools (124)
[2015.10.08-15.05.35:803][167]LogModuleManager: Shutting down and abandoning module OutputLog (123)
[2015.10.08-15.05.35:803][167]LogModuleManager: Shutting down and abandoning module GammaUI (122)
[2015.10.08-15.05.35:803][167]LogModuleManager: Shutting down and abandoning module Documentation (121)
[2015.10.08-15.05.35:803][167]LogModuleManager: Shutting down and abandoning module GameLiveStreaming (120)
[2015.10.08-15.05.35:803][167]LogModuleManager: Shutting down and abandoning module StreamingPauseRendering (119)
[2015.10.08-15.05.35:803][167]LogModuleManager: Shutting down and abandoning module AnalyticsET (118)
[2015.10.08-15.05.35:803][167]LogModuleManager: Shutting down and abandoning module Analytics (117)
[2015.10.08-15.05.35:803][167]LogModuleManager: Shutting down and abandoning module AITestSuite (116)
[2015.10.08-15.05.35:803][167]LogModuleManager: Shutting down and abandoning module GameplayDebugger (115)
[2015.10.08-15.05.35:803][167]LogModuleManager: Shutting down and abandoning module AIModule (114)
[2015.10.08-15.05.35:803][167]LogModuleManager: Shutting down and abandoning module ProfilerService (113)
[2015.10.08-15.05.36:033][167]LogModuleManager: Shutting down and abandoning module TaskGraph (112)
[2015.10.08-15.05.36:033][167]LogModuleManager: Shutting down and abandoning module SlateRemote (111)
[2015.10.08-15.05.36:033][167]LogModuleManager: Shutting down and abandoning module SteamVRController (110)
[2015.10.08-15.05.36:033][167]LogModuleManager: Shutting down and abandoning module SteamVR (109)
[2015.10.08-15.05.36:033][167]LogModuleManager: Shutting down and abandoning module ProceduralMeshComponent (108)
[2015.10.08-15.05.36:033][167]LogModuleManager: Shutting down and abandoning module OculusRift (107)
[2015.10.08-15.05.36:033][167]LogModuleManager: Shutting down and abandoning module LeapMotionController (106)
[2015.10.08-15.05.36:042][167]LogModuleManager: Shutting down and abandoning module CustomMeshComponent (105)
[2015.10.08-15.05.36:042][167]LogModuleManager: Shutting down and abandoning module CableComponent (104)
[2015.10.08-15.05.36:042][167]LogModuleManager: Shutting down and abandoning module MessagingDebugger (103)
[2015.10.08-15.05.36:042][167]LogModuleManager: Shutting down and abandoning module MediaPlayerEditor (102)
[2015.10.08-15.05.36:042][167]LogModuleManager: Shutting down and abandoning module SpeedTreeImporter (101)
[2015.10.08-15.05.36:042][167]LogModuleManager: Shutting down and abandoning module PluginBrowser (100)
[2015.10.08-15.05.36:042][167]LogModuleManager: Shutting down and abandoning module EpicSurvey (99)
[2015.10.08-15.05.36:042][167]LogModuleManager: Shutting down and abandoning module DesktopPlatform (98)
[2015.10.08-15.05.36:042][167]LogModuleManager: Shutting down and abandoning module VisualStudioSourceCodeAccess (97)
[2015.10.08-15.05.36:042][167]LogModuleManager: Shutting down and abandoning module UObjectPlugin (96)
[2015.10.08-15.05.36:042][167]LogModuleManager: Shutting down and abandoning module SubversionSourceControl (95)
[2015.10.08-15.05.36:042][167]LogModuleManager: Shutting down and abandoning module PerforceSourceControl (94)
[2015.10.08-15.05.36:042][167]LogModuleManager: Shutting down and abandoning module SourceControl (93)
[2015.10.08-15.05.36:042][167]LogModuleManager: Shutting down and abandoning module GitSourceControl (92)
[2015.10.08-15.05.36:042][167]LogModuleManager: Shutting down and abandoning module BlankPlugin (91)
[2015.10.08-15.05.36:042][167]LogModuleManager: Shutting down and abandoning module PaperTiledImporter (90)
[2015.10.08-15.05.36:042][167]LogModuleManager: Shutting down and abandoning module PaperSpriteSheetImporter (89)
[2015.10.08-15.05.36:042][167]LogModuleManager: Shutting down and abandoning module MeshPaint (88)
[2015.10.08-15.05.36:042][167]LogModuleManager: Shutting down and abandoning module SlateReflector (87)
[2015.10.08-15.05.36:042][167]LogModuleManager: Shutting down and abandoning module DirectoryWatcher (86)
[2015.10.08-15.05.36:043][167]LogModuleManager: Shutting down and abandoning module HotReload (85)
[2015.10.08-15.05.36:043][167]LogModuleManager: Shutting down and abandoning module MainFrame (84)
[2015.10.08-15.05.36:043][167]LogModuleManager: Shutting down and abandoning module LevelEditor (83)
[2015.10.08-15.05.36:044][167]LogModuleManager: Shutting down and abandoning module ContentBrowser (82)
[2015.10.08-15.05.36:044][167]LogModuleManager: Shutting down and abandoning module Paper2DEditor (81)
[2015.10.08-15.05.36:044][167]LogModuleManager: Shutting down and abandoning module UdpMessaging (80)
[2015.10.08-15.05.36:145][167]LogModuleManager: Shutting down and abandoning module Paper2D (79)
[2015.10.08-15.05.36:145][167]LogModuleManager: Shutting down and abandoning module WindowsMoviePlayer (78)
[2015.10.08-15.05.36:146][167]LogModuleManager: Shutting down and abandoning module Media (77)
[2015.10.08-15.05.36:146][167]LogModuleManager: Shutting down and abandoning module WmfMedia (76)
[2015.10.08-15.05.36:147][167]LogModuleManager: Shutting down and abandoning module OnlineBlueprintSupport (75)
[2015.10.08-15.05.36:147][167]LogModuleManager: Shutting down and abandoning module PropertyEditor (74)
[2015.10.08-15.05.36:147][167]LogModuleManager: Shutting down and abandoning module BehaviorTreeEditor (73)
[2015.10.08-15.05.36:147][167]LogModuleManager: Shutting down and abandoning module FunctionalTesting (72)
[2015.10.08-15.05.36:147][167]LogModuleManager: Shutting down and abandoning module CollisionAnalyzer (71)
[2015.10.08-15.05.36:147][167]LogModuleManager: Shutting down and abandoning module WorkspaceMenuStructure (70)
[2015.10.08-15.05.36:147][167]LogModuleManager: Shutting down and abandoning module MessageLog (69)
[2015.10.08-15.05.36:147][167]LogModuleManager: Shutting down and abandoning module Sequencer (68)
[2015.10.08-15.05.36:147][167]LogModuleManager: Shutting down and abandoning module AssetTools (67)
[2015.10.08-15.05.36:147][167]LogModuleManager: Shutting down and abandoning module UMGEditor (66)
[2015.10.08-15.05.36:147][167]LogModuleManager: Shutting down and abandoning module UMG (65)
[2015.10.08-15.05.36:147][167]LogModuleManager: Shutting down and abandoning module Slate (64)
[2015.10.08-15.05.36:147][167]LogModuleManager: Shutting down and abandoning module EditorStyle (63)
[2015.10.08-15.05.36:149][167]LogModuleManager: Shutting down and abandoning module SessionServices (62)
[2015.10.08-15.05.36:149][167]LogModuleManager: Shutting down and abandoning module SourceCodeAccess (61)
[2015.10.08-15.05.36:149][167]LogModuleManager: Shutting down and abandoning module HeadMountedDisplay (60)
[2015.10.08-15.05.36:149][167]LogModuleManager: Shutting down and abandoning module XAudio2 (59)
[2015.10.08-15.05.36:149][167]LogModuleManager: Shutting down and abandoning module Networking (57)
[2015.10.08-15.05.36:149][167]LogModuleManager: Shutting down and abandoning module Core (56)
[2015.10.08-15.05.36:149][167]LogModuleManager: Shutting down and abandoning module KismetCompiler (55)
[2015.10.08-15.05.36:149][167]LogModuleManager: Shutting down and abandoning module PhysXFormats (54)
[2015.10.08-15.05.36:149][167]LogModuleManager: Shutting down and abandoning module MeshUtilities (53)
[2015.10.08-15.05.36:150][167]LogModuleManager: Shutting down and abandoning module DerivedDataCache (52)
[2015.10.08-15.05.36:356][167]LogDerivedDataCache: Shutdown
[2015.10.08-15.05.36:356][167]LogModuleManager: Shutting down and abandoning module ShaderFormatOpenGL (51)
[2015.10.08-15.05.36:356][167]LogModuleManager: Shutting down and abandoning module ShaderFormatD3D (50)
[2015.10.08-15.05.36:356][167]LogModuleManager: Shutting down and abandoning module MetalShaderFormat (49)
[2015.10.08-15.05.36:356][167]LogModuleManager: Shutting down and abandoning module TextureFormatUncompressed (48)
[2015.10.08-15.05.36:356][167]LogModuleManager: Shutting down and abandoning module TextureFormatPVR (47)
[2015.10.08-15.05.36:356][167]LogModuleManager: Shutting down and abandoning module TextureFormatIntelISPCTexComp (46)
[2015.10.08-15.05.36:356][167]LogModuleManager: Shutting down and abandoning module TextureFormatDXT (45)
[2015.10.08-15.05.36:356][167]LogModuleManager: Shutting down and abandoning module ImageWrapper (44)
[2015.10.08-15.05.36:356][167]LogModuleManager: Shutting down and abandoning module TextureFormatASTC (43)
[2015.10.08-15.05.36:356][167]LogModuleManager: Shutting down and abandoning module TextureFormatAndroid (42)
[2015.10.08-15.05.36:356][167]LogModuleManager: Shutting down and abandoning module AudioFormatOpus (41)
[2015.10.08-15.05.36:356][167]LogModuleManager: Shutting down and abandoning module AudioFormatOgg (40)
[2015.10.08-15.05.36:356][167]LogModuleManager: Shutting down and abandoning module AudioFormatADPCM (39)
[2015.10.08-15.05.36:356][167]LogModuleManager: Shutting down and abandoning module LinuxTargetPlatform (38)
[2015.10.08-15.05.36:356][167]LogModuleManager: Shutting down and abandoning module LinuxServerTargetPlatform (37)
[2015.10.08-15.05.36:356][167]LogModuleManager: Shutting down and abandoning module LinuxNoEditorTargetPlatform (36)
[2015.10.08-15.05.36:356][167]LogModuleManager: Shutting down and abandoning module Messaging (35)
[2015.10.08-15.05.36:356][167]LogModuleManager: Shutting down and abandoning module IOSTargetPlatform (34)
[2015.10.08-15.05.36:356][167]LogModuleManager: Shutting down and abandoning module HTML5TargetPlatform (33)
[2015.10.08-15.05.36:356][167]LogModuleManager: Shutting down and abandoning module Android_PVRTCTargetPlatform (32)
[2015.10.08-15.05.36:356][167]LogModuleManager: Shutting down and abandoning module Android_ETC2TargetPlatform (31)
[2015.10.08-15.05.36:356][167]LogModuleManager: Shutting down and abandoning module Android_ETC1TargetPlatform (30)
[2015.10.08-15.05.36:356][167]LogModuleManager: Shutting down and abandoning module Android_DXTTargetPlatform (29)
[2015.10.08-15.05.36:356][167]LogModuleManager: Shutting down and abandoning module Android_ATCTargetPlatform (28)
[2015.10.08-15.05.36:356][167]LogModuleManager: Shutting down and abandoning module Android_ASTCTargetPlatform (27)
[2015.10.08-15.05.36:356][167]LogModuleManager: Shutting down and abandoning module AndroidTargetPlatform (26)
[2015.10.08-15.05.36:356][167]LogModuleManager: Shutting down and abandoning module WindowsTargetPlatform (25)
[2015.10.08-15.05.36:356][167]LogModuleManager: Shutting down and abandoning module WindowsServerTargetPlatform (24)
[2015.10.08-15.05.36:356][167]LogModuleManager: Shutting down and abandoning module WindowsNoEditorTargetPlatform (23)
[2015.10.08-15.05.36:356][167]LogModuleManager: Shutting down and abandoning module WindowsClientTargetPlatform (22)
[2015.10.08-15.05.36:356][167]LogModuleManager: Shutting down and abandoning module DesktopTargetPlatform (21)
[2015.10.08-15.05.36:356][167]LogModuleManager: Shutting down and abandoning module TargetPlatform (20)
[2015.10.08-15.05.36:356][167]LogModuleManager: Shutting down and abandoning module InputCore (19)
[2015.10.08-15.05.36:356][167]LogModuleManager: Shutting down and abandoning module Settings (18)
[2015.10.08-15.05.36:356][167]LogModuleManager: Shutting down and abandoning module OnlineSubsystem (16)
[2015.10.08-15.05.36:356][167]LogModuleManager: Shutting down and abandoning module HTTP (15)
[2015.10.08-15.05.36:357][167]LogModuleManager: Shutting down and abandoning module ExampleDeviceProfileSelector (14)
[2015.10.08-15.05.36:357][167]LogModuleManager: Shutting down and abandoning module TextureCompressor (13)
[2015.10.08-15.05.36:357][167]LogModuleManager: Shutting down and abandoning module ShaderCore (12)
[2015.10.08-15.05.36:357][167]LogModuleManager: Shutting down and abandoning module Landscape (11)
[2015.10.08-15.05.36:357][167]LogModuleManager: Shutting down and abandoning module SlateRHIRenderer (10)
[2015.10.08-15.05.36:358][167]LogModuleManager: Shutting down and abandoning module OpenGLDrv (9)
[2015.10.08-15.05.36:358][167]LogModuleManager: Shutting down and abandoning module D3D11RHI (8)
[2015.10.08-15.05.36:358][167]LogModuleManager: Shutting down and abandoning module Renderer (7)
[2015.10.08-15.05.36:358][167]LogModuleManager: Shutting down and abandoning module Engine (6)
[2015.10.08-15.05.36:358][167]LogModuleManager: Shutting down and abandoning module CoreUObject (5)
[2015.10.08-15.05.36:358][167]LogModuleManager: Shutting down and abandoning module NetworkFile (4)
[2015.10.08-15.05.36:358][167]LogModuleManager: Shutting down and abandoning module StreamingFile (3)
[2015.10.08-15.05.36:358][167]LogModuleManager: Shutting down and abandoning module SandboxFile (2)
[2015.10.08-15.05.36:358][167]LogModuleManager: Shutting down and abandoning module PakFile (1)
[2015.10.08-15.05.36:359][167]LogExit: Exiting.
[2015.10.08-15.05.36:360][167]Log file closed, 10/08/15 11:05:36
