[2015.10.15-15.22.49:144][  0]Log file open, 10/15/15 11:22:49
[2015.10.15-15.22.49:144][  0]LogInit:Display: Running engine for game: MyProject3
[2015.10.15-15.22.49:144][  0]LogInit:Display: RandInit(1276930088) SRandInit(1276930088).
[2015.10.15-15.22.49:144][  0]LogTaskGraph: Started task graph with 4 named threads and 5 total threads.
[2015.10.15-15.22.49:144][  0]LogStats: Stats thread started
[2015.10.15-15.22.49:144][  0]LogInit: Version: 4.8.3-2634408+++depot+UE4-Releases+4.8
[2015.10.15-15.22.49:144][  0]LogInit: API Version: 2579680
[2015.10.15-15.22.49:144][  0]LogInit: Compiled (64-bit): Jul 27 2015 16:24:33
[2015.10.15-15.22.49:144][  0]LogInit: Compiled with Visual C++: 18.00.21005.01
[2015.10.15-15.22.49:144][  0]LogInit: Build Configuration: Development
[2015.10.15-15.22.49:144][  0]LogInit: Branch Name: ++depot+UE4-Releases+4.8
[2015.10.15-15.22.49:144][  0]LogInit: Command line:  
[2015.10.15-15.22.49:144][  0]LogInit: Base directory: C:/Program Files/Epic Games/4.8/Engine/Binaries/Win64/
[2015.10.15-15.22.49:144][  0]LogInit: Rocket: 1
[2015.10.15-15.22.49:301][  0]LogInit: Using libcurl 7.41.0
[2015.10.15-15.22.49:301][  0]LogInit:  - built for x86_64-pc-win32
[2015.10.15-15.22.49:301][  0]LogInit:  - supports SSL with WinSSL
[2015.10.15-15.22.49:301][  0]LogInit:  - other features:
[2015.10.15-15.22.49:301][  0]LogInit:      CURL_VERSION_SSL
[2015.10.15-15.22.49:301][  0]LogInit:      CURL_VERSION_IPV6
[2015.10.15-15.22.49:301][  0]LogInit:      CURL_VERSION_ASYNCHDNS
[2015.10.15-15.22.49:301][  0]LogInit:      CURL_VERSION_LARGEFILE
[2015.10.15-15.22.49:301][  0]LogInit:      CURL_VERSION_IDN
[2015.10.15-15.22.49:302][  0]LogInit:  CurlRequestOptions (configurable via config and command line):
[2015.10.15-15.22.49:303][  0]LogInit:  - bVerifyPeer = true  - Libcurl will verify peer certificate
[2015.10.15-15.22.49:303][  0]LogInit:  - bUseHttpProxy = false  - Libcurl will NOT use HTTP proxy
[2015.10.15-15.22.49:303][  0]LogInit:  - bDontReuseConnections = false  - Libcurl will reuse connections
[2015.10.15-15.22.49:303][  0]LogInit:  - CertBundlePath = nullptr  - Libcurl will use whatever was configured at build time.
[2015.10.15-15.22.49:449][  0]LogOnline:Warning: No default platform service specified for OnlineSubsystem
[2015.10.15-15.22.49:635][  0]LogInit: Presizing for 0 objects not considered by GC, pre-allocating 0 bytes.
[2015.10.15-15.22.49:652][  0]LogInit: Object subsystem initialized
[2015.10.15-15.22.49:661][  0]LogConsoleResponse:Warning: Skipping Unknown console variable: 'TranslucentSortAxis = (X=0.000000,Y=-1.000000,Z=0.000000)'
[2015.10.15-15.22.49:661][  0]LogConsoleResponse:Warning:   Found in ini file 'D:/Users/cxg8590/GitHub/SpaceRace/MyProject3/Saved/Config/Windows/Engine.ini', in section '[/Script/Engine.RendererSettings]'
[2015.10.15-15.22.49:661][  0]LogConsoleResponse:Warning: Skipping Unknown console variable: 'UIScaleRule = ShortestSide'
[2015.10.15-15.22.49:661][  0]LogConsoleResponse:Warning:   Found in ini file 'D:/Users/cxg8590/GitHub/SpaceRace/MyProject3/Saved/Config/Windows/Engine.ini', in section '[/Script/Engine.RendererSettings]'
[2015.10.15-15.22.49:661][  0]LogConsoleResponse:Warning: Skipping Unknown console variable: 'UIScaleCurve = (EditorCurveData=(Keys=),ExternalCurve=None)'
[2015.10.15-15.22.49:661][  0]LogConsoleResponse:Warning:   Found in ini file 'D:/Users/cxg8590/GitHub/SpaceRace/MyProject3/Saved/Config/Windows/Engine.ini', in section '[/Script/Engine.RendererSettings]'
[2015.10.15-15.22.49:667][  0]LogInit: Selected Device Profile: [Windows]
[2015.10.15-15.22.49:668][  0]LogInit: Applying CVar settings loaded from the selected device profile: [Windows]
[2015.10.15-15.22.49:686][  0]LogInit: Computer: OH1380-11
[2015.10.15-15.22.49:686][  0]LogInit: User: cxg8590
[2015.10.15-15.22.49:686][  0]LogInit: CPU Page size=4096, Cores=2
[2015.10.15-15.22.49:686][  0]LogInit: High frequency timer resolution =3.515625 MHz
[2015.10.15-15.22.49:686][  0]LogMemory: Memory total: Physical=15.9GB (16GB approx)
[2015.10.15-15.22.49:686][  0]LogMemory: Platform Memory Stats for Windows
[2015.10.15-15.22.49:686][  0]LogMemory: Process Physical Memory: 50.18 MB used, 50.18 MB peak
[2015.10.15-15.22.49:686][  0]LogMemory: Process Virtual Memory: 22.30 MB used, 22.30 MB peak
[2015.10.15-15.22.49:686][  0]LogMemory: Physical Memory: 3733.37 MB used, 16302.15 MB total
[2015.10.15-15.22.49:686][  0]LogMemory: Virtual Memory: 309.11 MB used, 134217728.00 MB total
[2015.10.15-15.22.49:971][  0]LogTextLocalizationManager: The requested culture ('en_US') has no localization data; parent culture's ('en') localization data will be used.
[2015.10.15-15.22.50:187][  0]LogTextLocalizationManager:Warning: Loaded localization resources contain conflicting entries for (Namespace:ContentBrowser, Key:ImportAssetToolTip):
Localization Resource: (C:/Program Files/Epic Games/4.8/Engine/Content/Localization/Editor/en/Editor.locres) Source String Hash: (-630476809) Localized String: (Import to {0}...)
Localization Resource: (C:/Program Files/Epic Games/4.8/Engine/Content/Localization/Editor/en/Editor.locres) Source String Hash: (1271782899) Localized String: (Imports an asset from file to this folder.)
[2015.10.15-15.22.50:946][  0]LogD3D11RHI: Found D3D11 adapter 0: NVIDIA GeForce GTX 680 (Feature Level 11_0)
[2015.10.15-15.22.50:946][  0]LogD3D11RHI: Adapter has 1989MB of dedicated video memory, 0MB of dedicated system memory, and 8151MB of shared system memory, 2 output[s]
[2015.10.15-15.22.50:954][  0]LogD3D11RHI: Found D3D11 adapter 1: Microsoft Basic Render Driver (Feature Level 11_0)
[2015.10.15-15.22.50:954][  0]LogD3D11RHI: Adapter has 0MB of dedicated video memory, 0MB of dedicated system memory, and 8151MB of shared system memory, 0 output[s]
[2015.10.15-15.22.50:954][  0]LogD3D11RHI: Chosen D3D11 Adapter Id = 0
[2015.10.15-15.22.50:957][  0]LogD3D11RHI: InitD3DDevice
[2015.10.15-15.22.50:957][  0]LogD3D11RHI: !Direct3DDevice
[2015.10.15-15.22.50:957][  0]LogRHI: Texture pool is 1361 MB (70% of 1945 MB)
[2015.10.15-15.22.50:968][  0]LogD3D11RHI: Async texture creation enabled
[2015.10.15-15.22.51:002][  0]LogShaderCompilers:Display: Using Local Shader Compiler.
[2015.10.15-15.22.52:886][  0]LogTemp:Display: Loaded TP DesktopTargetPlatform
[2015.10.15-15.22.53:040][  0]LogTemp:Display: Loaded TP WindowsClientTargetPlatform
[2015.10.15-15.22.53:197][  0]LogTemp:Display: Loaded TP WindowsNoEditorTargetPlatform
[2015.10.15-15.22.53:359][  0]LogTemp:Display: Loaded TP WindowsServerTargetPlatform
[2015.10.15-15.22.53:513][  0]LogTemp:Display: Loaded TP WindowsTargetPlatform
[2015.10.15-15.22.53:625][  0]LogTemp:Display: Loaded TP AndroidTargetPlatform
[2015.10.15-15.22.53:744][  0]LogTemp:Display: Loaded TP Android_ASTCTargetPlatform
[2015.10.15-15.22.53:867][  0]LogTemp:Display: Loaded TP Android_ATCTargetPlatform
[2015.10.15-15.22.53:995][  0]LogTemp:Display: Loaded TP Android_DXTTargetPlatform
[2015.10.15-15.22.54:116][  0]LogTemp:Display: Loaded TP Android_ETC1TargetPlatform
[2015.10.15-15.22.54:225][  0]LogTemp:Display: Loaded TP Android_ETC2TargetPlatform
[2015.10.15-15.22.54:336][  0]LogTemp:Display: Loaded TP Android_PVRTCTargetPlatform
[2015.10.15-15.22.54:771][  0]LogTemp:Display: Loaded TP IOSTargetPlatform
[2015.10.15-15.22.54:893][  0]LogTemp:Display: Loaded TP LinuxNoEditorTargetPlatform
[2015.10.15-15.22.55:004][  0]LogTemp:Display: Loaded TP LinuxServerTargetPlatform
[2015.10.15-15.22.55:159][  0]LogTemp:Display: Loaded TP LinuxTargetPlatform
[2015.10.15-15.22.55:159][  0]LogTargetPlatformManager:Display: Building Assets For Windows
[2015.10.15-15.22.58:111][  0]LogDerivedDataCache:Display: Max Cache Size: 512 MB
[2015.10.15-15.22.58:260][  0]LogDerivedDataCache: Loaded boot cache 0.15s 53MB D:/Users/cxg8590/AppData/Local/UnrealEngine/4.8/DerivedDataCache/Boot.ddc.
[2015.10.15-15.22.58:260][  0]LogDerivedDataCache:Display: Loaded Boot cache: D:/Users/cxg8590/AppData/Local/UnrealEngine/4.8/DerivedDataCache/Boot.ddc
[2015.10.15-15.22.58:260][  0]LogDerivedDataCache: FDerivedDataBackendGraph:  Pak pak cache file D:/Users/cxg8590/GitHub/SpaceRace/MyProject3/DerivedDataCache/DDC.ddp not found, will not use a pak cache.
[2015.10.15-15.22.58:260][  0]LogDerivedDataCache: Unable to find inner node Pak for hierarchical cache Hierarchy.
[2015.10.15-15.22.58:260][  0]LogDerivedDataCache: FDerivedDataBackendGraph:  CompressedPak pak cache file D:/Users/cxg8590/GitHub/SpaceRace/MyProject3/DerivedDataCache/Compressed.ddp not found, will not use a pak cache.
[2015.10.15-15.22.58:260][  0]LogDerivedDataCache: Unable to find inner node CompressedPak for hierarchical cache Hierarchy.
[2015.10.15-15.22.58:433][  0]LogDerivedDataCache:Display: Pak cache opened for reading ../../../Engine/DerivedDataCache/Compressed.ddp.
[2015.10.15-15.22.58:445][  0]LogDerivedDataCache: Using Local data cache path D:/Users/cxg8590/AppData/Local/UnrealEngine/Common/DerivedDataCache: Writable
[2015.10.15-15.23.03:138][  0]LogInit: Selected Device Profile: [Windows]
[2015.10.15-15.23.03:348][  0]ImportText (ComponentSweepMultiTests): Missing closing parenthesis: (RootShapeAsset="/Engine/BasicShapes/Cube.Cube",ShapeType="TriggerCapsule",HitResult=(Time=0.50,Location=(X=-100.000015,Y=0.0,Z=100.000015),ImpactPoint=(X=-50.0,Y=0.0,Z=50.0),Normal=(X=-1.0,Y=-0.0,Z=0.0),ImpactNormal=(X=0.0,Y=0.0,Z=1.0),TraceStart=(X=-200.0,Y=0.0,Z=200.0),TraceEnd=(X=0.0,Y=0.0,Z=0.0))
[2015.10.15-15.23.03:348][  0]ImportText (LineTraceSingleByChannelTests): Missing closing parenthesis: (RootShapeAsset="/Engine/BasicShapes/Cube.Cube",HitResult=(Time=0.50,Location=(X=-100.000015,Y=0.0,Z=100.000015),ImpactPoint=(X=-50.0,Y=0.0,Z=50.0),Normal=(X=-1.0,Y=-0.0,Z=0.0),ImpactNormal=(X=0.0,Y=0.0,Z=1.0),TraceStart=(X=-200.0,Y=0.0,Z=200.0),TraceEnd=(X=0.0,Y=0.0,Z=0.0))
[2015.10.15-15.23.03:774][  0]LogMeshUtilities: No automatic mesh reduction module available
[2015.10.15-15.23.03:774][  0]LogMeshUtilities: No automatic mesh merging module available
[2015.10.15-15.23.05:656][  0]LogInit: WinSock: version 1.1 (2.2), MaxSocks=32767, MaxUdp=65467
[2015.10.15-15.23.11:093][  0]UdpMessaging: Initializing bridge on interface 0.0.0.0:0 to multicast group 230.0.0.1:6666.
[2015.10.15-15.23.13:585][  0]SourceControl: Info Source control is disabled
[2015.10.15-15.23.13:597][  0]SourceControl: Info Source control is disabled
[2015.10.15-15.23.13:727][  0]SourceControl: Info Source control is disabled
[2015.10.15-15.23.13:850][  0]SourceControl: Info Source control is disabled
[2015.10.15-15.23.16:223][  0]LogObj: 26273 objects as part of root set at end of initial load.
[2015.10.15-15.23.16:223][  0]LogUObjectAllocator: 5409256 out of 0 bytes used by permanent object pool.
[2015.10.15-15.23.16:721][  0]LogEngine: Initializing Engine...
[2015.10.15-15.23.16:728][  0]LogHMD: Can't find Oculus library dev build: is proper Runtime installed? Version: 0.6.0.0
[2015.10.15-15.23.16:742][  0]LogHMD:Warning: SteamVR failed to initialize.  Error: 110
[2015.10.15-15.23.17:736][  0]LogAIModule: Creating AISystem for world NewWorld
[2015.10.15-15.23.17:763][  0]LogInit: XAudio2 using 'Realtek Digital Output (Realtek High Definition Audio)' : 2 channels at 48 kHz using 16 bits per sample (channel mask 0x3)
[2015.10.15-15.23.17:794][  0]LogInit: FAudioDevice initialized.
[2015.10.15-15.23.17:822][  0]LogDerivedDataCache: Saved boot cache 0.03s 53MB D:/Users/cxg8590/AppData/Local/UnrealEngine/4.8/DerivedDataCache/Boot.ddc.
[2015.10.15-15.23.17:836][  0]LogInit: Texture streaming: Disabled
[2015.10.15-15.23.18:273][  0]LogAnalytics: Creating configured Analytics provider AnalyticsET
[2015.10.15-15.23.18:274][  0]LogAnalytics: [UEEditor.Rocket.Release] APIServer = http://et2.epicgames.com/ET2/. AppVersion = 4.8.3-2634408+++depot+UE4-Releases+4.8
[2015.10.15-15.23.18:274][  0]LogAnalytics: [UEEditor.Rocket.Release] SetUserId 6721c715418f028d01111e9f71eedd7f|39bbfafc28194e10b27aeb0be1d3faae|28f313b4-5acb-499d-8f9f-e1729882657c
[2015.10.15-15.23.18:274][  0]LogAnalytics: [UEEditor.Rocket.Release] AnalyticsET::StartSession
[2015.10.15-15.23.18:584][  0]LogInit: Transaction tracking system initializ