[2015.10.15-15.06.53:214][  0]Log file open, 10/15/15 11:06:53
[2015.10.15-15.06.53:214][  0]LogInit:Display: Running engine for game: MyProject3
[2015.10.15-15.06.53:214][  0]LogInit:Display: RandInit(-2083074265) SRandInit(-2083074265).
[2015.10.15-15.06.53:214][  0]LogTaskGraph: Started task graph with 4 named threads and 5 total threads.
[2015.10.15-15.06.53:214][  0]LogStats: Stats thread started
[2015.10.15-15.06.53:214][  0]LogInit: Version: 4.8.3-2634408+++depot+UE4-Releases+4.8
[2015.10.15-15.06.53:214][  0]LogInit: API Version: 2579680
[2015.10.15-15.06.53:214][  0]LogInit: Compiled (64-bit): Jul 27 2015 16:24:33
[2015.10.15-15.06.53:214][  0]LogInit: Compiled with Visual C++: 18.00.21005.01
[2015.10.15-15.06.53:214][  0]LogInit: Build Configuration: Development
[2015.10.15-15.06.53:214][  0]LogInit: Branch Name: ++depot+UE4-Releases+4.8
[2015.10.15-15.06.53:214][  0]LogInit: Command line:  
[2015.10.15-15.06.53:214][  0]LogInit: Base directory: C:/Program Files/Epic Games/4.8/Engine/Binaries/Win64/
[2015.10.15-15.06.53:214][  0]LogInit: Rocket: 1
[2015.10.15-15.06.53:364][  0]LogInit: Using libcurl 7.41.0
[2015.10.15-15.06.53:364][  0]LogInit:  - built for x86_64-pc-win32
[2015.10.15-15.06.53:364][  0]LogInit:  - supports SSL with WinSSL
[2015.10.15-15.06.53:364][  0]LogInit:  - other features:
[2015.10.15-15.06.53:364][  0]LogInit:      CURL_VERSION_SSL
[2015.10.15-15.06.53:364][  0]LogInit:      CURL_VERSION_IPV6
[2015.10.15-15.06.53:364][  0]LogInit:      CURL_VERSION_ASYNCHDNS
[2015.10.15-15.06.53:364][  0]LogInit:      CURL_VERSION_LARGEFILE
[2015.10.15-15.06.53:364][  0]LogInit:      CURL_VERSION_IDN
[2015.10.15-15.06.53:365][  0]LogInit:  CurlRequestOptions (configurable via config and command line):
[2015.10.15-15.06.53:366][  0]LogInit:  - bVerifyPeer = true  - Libcurl will verify peer certificate
[2015.10.15-15.06.53:366][  0]LogInit:  - bUseHttpProxy = false  - Libcurl will NOT use HTTP proxy
[2015.10.15-15.06.53:366][  0]LogInit:  - bDontReuseConnections = false  - Libcurl will reuse connections
[2015.10.15-15.06.53:366][  0]LogInit:  - CertBundlePath = nullptr  - Libcurl will use whatever was configured at build time.
[2015.10.15-15.06.53:510][  0]LogOnline:Warning: No default platform service specified for OnlineSubsystem
[2015.10.15-15.06.53:663][  0]LogInit: Presizing for 0 objects not considered by GC, pre-allocating 0 bytes.
[2015.10.15-15.06.53:676][  0]LogInit: Object subsystem initialized
[2015.10.15-15.06.53:684][  0]LogConsoleResponse:Warning: Skipping Unknown console variable: 'TranslucentSortAxis = (X=0.000000,Y=-1.000000,Z=0.000000)'
[2015.10.15-15.06.53:684][  0]LogConsoleResponse:Warning:   Found in ini file 'D:/Users/cxg8590/GitHub/SpaceRace/MyProject3/Saved/Config/Windows/Engine.ini', in section '[/Script/Engine.RendererSettings]'
[2015.10.15-15.06.53:684][  0]LogConsoleResponse:Warning: Skipping Unknown console variable: 'UIScaleRule = ShortestSide'
[2015.10.15-15.06.53:684][  0]LogConsoleResponse:Warning:   Found in ini file 'D:/Users/cxg8590/GitHub/SpaceRace/MyProject3/Saved/Config/Windows/Engine.ini', in section '[/Script/Engine.RendererSettings]'
[2015.10.15-15.06.53:684][  0]LogConsoleResponse:Warning: Skipping Unknown console variable: 'UIScaleCurve = (EditorCurveData=(Keys=),ExternalCurve=None)'
[2015.10.15-15.06.53:684][  0]LogConsoleResponse:Warning:   Found in ini file 'D:/Users/cxg8590/GitHub/SpaceRace/MyProject3/Saved/Config/Windows/Engine.ini', in section '[/Script/Engine.RendererSettings]'
[2015.10.15-15.06.53:690][  0]LogInit: Selected Device Profile: [Windows]
[2015.10.15-15.06.53:690][  0]LogInit: Applying CVar settings loaded from the selected device profile: [Windows]
[2015.10.15-15.06.53:706][  0]LogInit: Computer: OH1380-11
[2015.10.15-15.06.53:706][  0]LogInit: User: cxg8590
[2015.10.15-15.06.53:706][  0]LogInit: CPU Page size=4096, Cores=2
[2015.10.15-15.06.53:706][  0]LogInit: High frequency timer resolution =3.515625 MHz
[2015.10.15-15.06.53:706][  0]LogMemory: Memory total: Physical=15.9GB (16GB approx)
[2015.10.15-15.06.53:706][  0]LogMemory: Platform Memory Stats for Windows
[2015.10.15-15.06.53:706][  0]LogMemory: Process Physical Memory: 50.17 MB used, 50.17 MB peak
[2015.10.15-15.06.53:706][  0]LogMemory: Process Virtual Memory: 24.43 MB used, 24.43 MB peak
[2015.10.15-15.06.53:706][  0]LogMemory: Physical Memory: 2898.74 MB used, 16302.15 MB total
[2015.10.15-15.06.53:706][  0]LogMemory: Virtual Memory: 311.64 MB used, 134217728.00 MB total
[2015.10.15-15.06.53:957][  0]LogTextLocalizationManager: The requested culture ('en_US') has no localization data; parent culture's ('en') localization data will be used.
[2015.10.15-15.06.54:174][  0]LogTextLocalizationManager:Warning: Loaded localization resources contain conflicting entries for (Namespace:ContentBrowser, Key:ImportAssetToolTip):
Localization Resource: (C:/Program Files/Epic Games/4.8/Engine/Content/Localization/Editor/en/Editor.locres) Source String Hash: (-630476809) Localized String: (Import to {0}...)
Localization Resource: (C:/Program Files/Epic Games/4.8/Engine/Content/Localization/Editor/en/Editor.locres) Source String Hash: (1271782899) Localized String: (Imports an asset from file to this folder.)
[2015.10.15-15.06.54:891][  0]LogD3D11RHI: Found D3D11 adapter 0: NVIDIA GeForce GTX 680 (Feature Level 11_0)
[2015.10.15-15.06.54:891][  0]LogD3D11RHI: Adapter has 1989MB of dedicated video memory, 0MB of dedicated system memory, and 8151MB of shared system memory, 2 output[s]
[2015.10.15-15.06.54:898][  0]LogD3D11RHI: Found D3D11 adapter 1: Microsoft Basic Render Driver (Feature Level 11_0)
[2015.10.15-15.06.54:898][  0]LogD3D11RHI: Adapter has 0MB of dedicated video memory, 0MB of dedicated system memory, and 8151MB of shared system memory, 0 output[s]
[2015.10.15-15.06.54:898][  0]LogD3D11RHI: Chosen D3D11 Adapter Id = 0
[2015.10.15-15.06.54:901][  0]LogD3D11RHI: InitD3DDevice
[2015.10.15-15.06.54:901][  0]LogD3D11RHI: !Direct3DDevice
[2015.10.15-15.06.54:902][  0]LogRHI: Texture pool is 1361 MB (70% of 1945 MB)
[2015.10.15-15.06.54:913][  0]LogD3D11RHI: Async texture creation enabled
[2015.10.15-15.06.54:945][  0]LogShaderCompilers:Display: Using Local Shader Compiler.
[2015.10.15-15.06.56:667][  0]LogTemp:Display: Loaded TP DesktopTargetPlatform
[2015.10.15-15.06.56:830][  0]LogTemp:Display: Loaded TP WindowsClientTargetPlatform
[2015.10.15-15.06.56:980][  0]LogTemp:Display: Loaded TP WindowsNoEditorTargetPlatform
[2015.10.15-15.06.57:131][  0]LogTemp:Display: Loaded TP WindowsServerTargetPlatform
[2015.10.15-15.06.57:286][  0]LogTemp:Display: Loaded TP WindowsTargetPlatform
[2015.10.15-15.06.57:393][  0]LogTemp:Display: Loaded TP AndroidTargetPlatform
[2015.10.15-15.06.57:542][  0]LogTemp:Display: Loaded TP Android_ASTCTargetPlatform
[2015.10.15-15.06.57:693][  0]LogTemp:Display: Loaded TP Android_ATCTargetPlatform
[2015.10.15-15.06.57:797][  0]LogTemp:Display: Loaded TP Android_DXTTargetPlatform
[2015.10.15-15.06.57:899][  0]LogTemp:Display: Loaded TP Android_ETC1TargetPlatform
[2015.10.15-15.06.58:001][  0]LogTemp:Display: Loaded TP Android_ETC2TargetPlatform
[2015.10.15-15.06.58:105][  0]LogTemp:Display: Loaded TP Android_PVRTCTargetPlatform
[2015.10.15-15.06.58:468][  0]LogTemp:Display: Loaded TP IOSTargetPlatform
[2015.10.15-15.06.58:569][  0]LogTemp:Display: Loaded TP LinuxNoEditorTargetPlatform
[2015.10.15-15.06.58:671][  0]LogTemp:Display: Loaded TP LinuxServerTargetPlatform
[2015.10.15-15.06.58:776][  0]LogTemp:Display: Loaded TP LinuxTargetPlatform
[2015.10.15-15.06.58:776][  0]LogTargetPlatformManager:Display: Building Assets For Windows
[2015.10.15-15.07.01:160][  0]LogDerivedDataCache:Display: Max Cache Size: 512 MB
[2015.10.15-15.07.01:308][  0]LogDerivedDataCache: Loaded boot cache 0.15s 53MB D:/Users/cxg8590/AppData/Local/UnrealEngine/4.8/DerivedDataCache/Boot.ddc.
[2015.10.15-15.07.01:308][  0]LogDerivedDataCache:Display: Loaded Boot cache: D:/Users/cxg8590/AppData/Local/UnrealEngine/4.8/DerivedDataCache/Boot.ddc
[2015.10.15-15.07.01:308][  0]LogDerivedDataCache: FDerivedDataBackendGraph:  Pak pak cache file D:/Users/cxg8590/GitHub/SpaceRace/MyProject3/DerivedDataCache/DDC.ddp not found, will not use a pak cache.
[2015.10.15-15.07.01:308][  0]LogDerivedDataCache: Unable to find inner node Pak for hierarchical cache Hierarchy.
[2015.10.15-15.07.01:308][  0]LogDerivedDataCache: FDerivedDataBackendGraph:  CompressedPak pak cache file D:/Users/cxg8590/GitHub/SpaceRace/MyProject3/DerivedDataCache/Compressed.ddp not found, will not use a pak cache.
[2015.10.15-15.07.01:308][  0]LogDerivedDataCache: Unable to find inner node CompressedPak for hierarchical cache Hierarchy.
[2015.10.15-15.07.01:461][  0]LogDerivedDataCache:Display: Pak cache opened for reading ../../../Engine/DerivedDataCache/Compressed.ddp.
[2015.10.15-15.07.01:473][  0]LogDerivedDataCache: Using Local data cache path D:/Users/cxg8590/AppData/Local/UnrealEngine/Common/DerivedDataCache: Writable
[2015.10.15-15.07.02:622][  0]LogInit: Selected Device Profile: [Windows]
[2015.10.15-15.07.02:768][  0]ImportText (ComponentSweepMultiTests): Missing closing parenthesis: (RootShapeAsset="/Engine/BasicShapes/Cube.Cube",ShapeType="TriggerCapsule",HitResult=(Time=0.50,Location=(X=-100.000015,Y=0.0,Z=100.000015),ImpactPoint=(X=-50.0,Y=0.0,Z=50.0),Normal=(X=-1.0,Y=-0.0,Z=0.0),ImpactNormal=(X=0.0,Y=0.0,Z=1.0),TraceStart=(X=-200.0,Y=0.0,Z=200.0),TraceEnd=(X=0.0,Y=0.0,Z=0.0))
[2015.10.15-15.07.02:768][  0]ImportText (LineTraceSingleByChannelTests): Missing closing parenthesis: (RootShapeAsset="/Engine/BasicShapes/Cube.Cube",HitResult=(Time=0.50,Location=(X=-100.000015,Y=0.0,Z=100.000015),ImpactPoint=(X=-50.0,Y=0.0,Z=50.0),Normal=(X=-1.0,Y=-0.0,Z=0.0),ImpactNormal=(X=0.0,Y=0.0,Z=1.0),TraceStart=(X=-200.0,Y=0.0,Z=200.0),TraceEnd=(X=0.0,Y=0.0,Z=0.0))
[2015.10.15-15.07.03:033][  0]LogMeshUtilities: No automatic mesh reduction module available
[2015.10.15-15.07.03:033][  0]LogMeshUtilities: No automatic mesh merging module available
[2015.10.15-15.07.04:364][  0]LogInit: WinSock: version 1.1 (2.2), MaxSocks=32767, MaxUdp=65467
[2015.10.15-15.07.09:362][  0]UdpMessaging: Initializing bridge on interface 0.0.0.0:0 to multicast group 230.0.0.1:6666.
[2015.10.15-15.07.11:395][  0]SourceControl: Info Source control is disabled
[2015.10.15-15.07.11:403][  0]SourceControl: Info Source control is disabled
[2015.10.15-15.07.11:506][  0]SourceControl: Info Source control is disabled
[2015.10.15-15.07.11:607][  0]SourceControl: Info Source control is disabled
[2015.10.15-15.07.13:401][  0]LogObj: 26273 objects as part of root set at end of initial load.
[2015.10.15-15.07.13:401][  0]LogUObjectAllocator: 5409256 out of 0 bytes used by permanent object pool.
[2015.10.15-15.07.13:779][  0]LogEngine: Initializing Engine...
[2015.10.15-15.07.13:783][  0]LogHMD: Can't find Oculus library dev build: is proper Runtime installed? Version: 0.6.0.0
[2015.10.15-15.07.13:793][  0]LogHMD:Warning: SteamVR failed to initialize.  Error: 110
[2015.10.15-15.07.14:453][  0]LogAIModule: Creating AISystem for world NewWorld
[2015.10.15-15.07.14:467][  0]LogInit: XAudio2 using 'Realtek Digital Output (Realtek High Definition Audio)' : 2 channels at 48 kHz using 16 bits per sample (channel mask 0x3)
[2015.10.15-15.07.14:537][  0]LogInit: FAudioDevice initialized.
[2015.10.15-15.07.14:560][  0]LogDerivedDataCache: Saved boot cache 0.02s 53MB D:/Users/cxg8590/AppData/Local/UnrealEngine/4.8/DerivedDataCache/Boot.ddc.
[2015.10.15-15.07.14:567][  0]LogInit: Texture streaming: Disabled
[2015.10.15-15.07.14:872][  0]LogAnalytics: Creating configured Analytics provider AnalyticsET
[2015.10.15-15.07.14:873][  0]LogAnalytics: [UEEditor.Rocket.Release] APIServer = http://et2.epicgames.com/ET2/. AppVersion = 4.8.3-2634408+++depot+UE4-Releases+4.8
[2015.10.15-15.07.14:873][  0]LogAnalytics: [UEEditor.Rocket.Release] SetUserId 6721c715418f028d01111e9f71eedd7f|39bbfafc28194e10b27aeb0be1d3faae|28f313b4-5acb-499d-8f9f-e1729882657c
[2015.10.15-15.07.14:873][  0]LogAnalytics: [UEEditor.Rocket.Release] AnalyticsET::StartSession
[2015.10.15-15.07.15:071][  0]LogInit: Transaction tracking system initialized
[2015.10.15-15.07.17:025][  0]BlueprintLog: New page: Editor Load
[2015.10.15-15.07.17:433][  0]LogAssetRegistry: FAssetRegistry took 0.0126 seconds to start up
[2015.10.15-15.07.17:443][  0]LogDirectoryWatcher:Warning: Failed to begin reading directory changes for ../../../Engine/Plugins/Experimental/CharacterAI/Content/. Error: 0
[2015.10.15-15.07.24:180][  0]LogConsoleManager:Warning: Console variable 'r.VSync' wasn't set ('GameSetting' has a lower priority than 'SystemSettingsIni')
[2015.10.15-15.07.24:180][  0]LogConsoleResponse:Display: 
[2015.10.15-15.07.24:541][  0]LogCook:Display: Done creating registry. It took  0.00s.
[2015.10.15-15.07.26:080][  0]SourceControl: Info Source control is disabled
[2015.10.15-15.07.26:082][  0]Cmd: MAP LOAD FILE="D:/Users/cxg8590/GitHub/SpaceRace/MyProject3/Content/FlyingBP/Maps/FlyingExampleMap.umap" TEMPLATE=0 SHOWPROGRESS=1 FEATURELEVEL=3
[2015.10.15-15.07.26:110][  0]LogD3D11RHI: InitD3DDevice
[2015.10.15-15.07.53:001][  0]LogWindowsTextInputMethodSystem:Display: IME system now deactivated.
[2015.10.15-15.07.53:007][  0]LightingResults: New page: Lighting Build
[2015.10.15-15.07.53:159][  0]MapCheck: New page: Map Check
[2015.10.15-15.07.53:159][  0]LightingResults: New page: Lighting Build
[2015.10.15-15.07.53:177][  0]LogParticles: Destroying 0 GPU particle simulations for FXSystem 0x000000C5F7D09300
[2015.10.15-15.07.53:181][  0]LogAIModule: Creating AISystem for world NewWorld
[2015.10.15-15.07.53:185][  0]LoadErrors: New page: New Map
[2015.10.15-15.07.53:526][  0]LogCollectionManager: Loaded 0 collections in 0.046477 seconds
[2015.10.15-15.07.53:534][  0]LogContentBrowser: Native class hierarchy populated in 0.0076 seconds. Added 1792 classes and 301 folders.
[2015.10.15-15.07.53:995][  0]LogContentBrowser: Native class hierarchy updated for 'WidgetCarousel' in 0.0003 seconds. Added 0 classes and 0 folders.
[2015.10.15-15.07.54:241][  0]LogContentBrowser: Native class hierarchy updated for 'AddContentDialog' in 0.0003 seconds. Added 0 classes and 0 folders.
[2015.10.15-15.07.54:394][  0]LogContentBrowser: Native class hierarchy updated for 'SceneOutliner' in 0.0003 seconds. Added 1 classes and 2 folders.
[2015.10.15-15.07.54:616][  0]LogCrashTracker: Crashtracker disabled due to settings.
[2015.10.15-15.07.54:623][  0]LogD3D11RHI: InitD3DDevice
[2015.10.15-15.07.54:646][  0]LogD3D11RHI: InitD3DDevice
[2015.10.15-15.07.54:688][  0]LogLoad: Full Startup: 65.48 seconds (BP compile: 0.05 seconds)
[2015.10.15-15.07.54:696][  0]LogWindowsTextInputMethodSystem:Display: IME system now deactivated.
[2015.10.15-15.07.54:779][  0]LogContentStreaming: Texture pool size is 0.000000MB
[2015.10.15-15.07.54:808][  0]LogContentStreaming: Texture pool size now 1000 MB
[2015.10.15-15.07.55:024][  0]LogRenderer: Reallocating scene render targets to support 1208x576 (Frame:2).
[2015.10.15-15.07.55:220][  4]LogAssetRegistry: Asset discovery search completed in 37.7977 seconds
[2015.10.15-15.08.00:436][627]LogD3D11RHI: InitD3DDevice
[2015.10.15-15.08.02:521][875]LogPlayLevel: PIE:  No blueprints needed recompiling
[2015.10.15-15.08.02:539][875]PIE: New page: PIE session: Untitled_1 (Oct 15, 2015, 7:08:02 AM)
[2015.10.15-15.08.02:539][875]LogPlayLevel: Creating play world package: /Temp/UEDPIE_0_Untitled_1
[2015.10.15-15.08.02:539][875]LogPlayLevel: PIE: StaticDuplicateObject took: (0.000715s)
[2015.10.15-15.08.02:540][875]LogAIModule: Creating AISystem for world NewWorld
[2015.10.15-15.08.02:540][875]LogPlayLevel: PIE: World Init took: (0.001025s)
[2015.10.15-15.08.02:540][875]LogPlayLevel: PIE: Created PIE world by copying editor world from /Temp/Untitled_1.NewWorld to /Temp/UEDPIE_0_Untitled_1.NewWorld (0.002126s)
[2015.10.15-15.08.02:578][875]LogInit: XAudio2 using 'Realtek Digital Output (Realtek High Definition Audio)' : 2 channels at 48 kHz using 16 bits per sample (channel mask 0x3)
[2015.10.15-15.08.02:588][875]LogInit: FAudioDevice initialized.
[2015.10.15-15.08.02:639][875]LogLinker:Warning: Asset 'D:/Users/cxg8590/GitHub/SpaceRace/MyProject3/Content/FlyingBP/Blueprints/FlyingGameMode.uasset' has been saved with empty engine version. The asset will be loaded but may be incompatible.
[2015.10.15-15.08.02:639][875]LogLinker:Warning: Unable to load package (D:/Users/cxg8590/GitHub/SpaceRace/MyProject3/Content/FlyingBP/Blueprints/FlyingGameMode.uasset) PackageVersion 482, MaxExpected 451 : LicenseePackageVersion 0, MaxExpected 0.
[2015.10.15-15.08.02:639][875]LogLinker:Warning: Asset 'D:/Users/cxg8590/GitHub/SpaceRace/MyProject3/Content/FlyingBP/Blueprints/FlyingGameMode.uasset' has been saved with empty engine version. The asset will be loaded but may be incompatible.
[2015.10.15-15.08.02:639][875]LogLinker:Warning: Unable to load package (D:/Users/cxg8590/GitHub/SpaceRace/MyProject3/Content/FlyingBP/Blueprints/FlyingGameMode.uasset) PackageVersion 482, MaxExpected 451 : LicenseePackageVersion 0, MaxExpected 0.
[2015.10.15-15.08.02:640][875]LogLinker:Warning: Asset 'D:/Users/cxg8590/GitHub/SpaceRace/MyProject3/Content/FlyingBP/Blueprints/FlyingGameMode.uasset' has been saved with empty engine version. The asset will be loaded but may be incompatible.
[2015.10.15-15.08.02:640][875]LogLinker:Warning: Unable to load package (D:/Users/cxg8590/GitHub/SpaceRace/MyProject3/Content/FlyingBP/Blueprints/FlyingGameMode.uasset) PackageVersion 482, MaxExpected 451 : LicenseePackageVersion 0, MaxExpected 0.
[2015.10.15-15.08.02:640][875]LogUObjectGlobals:Warning: Failed to find object 'Class /Game/FlyingBP/Blueprints/FlyingGameMode.FlyingGameMode_C'
[2015.10.15-15.08.02:640][875]LogWorld: Game class is 'GameMode'
[2015.10.15-15.08.02:645][875]LogWorld: Bringing World /Temp/UEDPIE_0_Untitled_1.NewWorld up for play (max tick rate 0) at 2015.10.15-11.08.02
[2015.10.15-15.08.02:645][875]LogActor:Warning: GameSession /Temp/UEDPIE_0_Untitled_1.NewWorld:PersistentLevel.GameSession_0 has natively added scene component(s), but none of them were set as the actor's RootComponent - picking one arbitrarily
[2015.10.15-15.08.02:646][875]LogActor:Warning: GameNetworkManager /Temp/UEDPIE_0_Untitled_1.NewWorld:PersistentLevel.GameNetworkManager_0 has natively added scene component(s), but none of them were set as the actor's RootComponent - picking one arbitrarily
[2015.10.15-15.08.02:646][875]LogWorld: Bringing up level for play took: 0.001439
[2015.10.15-15.08.02:655][875]PIE: Info Play in editor start time for /Temp/UEDPIE_0_Untitled_1 0.113
[2015.10.15-15.08.05:982][266]LogParticles: Destroying 0 GPU particle simulations for FXSystem 0x000000C5EC0B7D80
[2015.10.15-15.08.23:842][570]LogD3D11RHI: InitD3DDevice
[2015.10.15-15.08.25:729][570]LogWindowsTextInputMethodSystem:Display: IME system now deactivated.
[2015.10.15-15.08.25:971][571]Cmd: QUIT_EDITOR
[2015.10.15-15.08.26:897][571]LogExit: Preparing to exit.
[2015.10.15-15.08.27:510][571]LogExit: Editor shut down
[2015.10.15-15.08.27:511][571]LogParticles: Destroying 0 GPU particle simulations for FXSystem 0x000000C5EEF59A80
[2015.10.15-15.08.27:511][571]LogExit: Transaction tracking system shut down
[2015.10.15-15.08.27:511][571]LogParticles: Destroying 0 GPU particle simulations for FXSystem 0x000000C5EF8FF420
[2015.10.15-15.08.27:630][571]LogExit: Object subsystem successfully closed.
[2015.10.15-15.08.27:646][571]LogD3D11RHI: Shutdown
[2015.10.15-15.08.27:646][571]LogD3D11RHI: CleanupD3DDevice
[2015.10.15-15.08.27:680][571]LogD3D11RHI: ~FD3D11DynamicRHI
[2015.10.15-15.08.27:704][571]LogModuleManager: Shutting down and abandoning module CrashTracker (188)
[2015.10.15-15.08.27:704][571]LogModuleManager: Shutting down and abandoning module SceneOutliner (187)
[2015.10.15-15.08.27:704][571]LogModuleManager: Shutting down and abandoning module SuperSearch (186)
[2015.10.15-15.08.27:704][571]LogModuleManager: Shutting down and abandoning module WidgetCarousel (185)
[2015.10.15-15.08.27:704][571]LogModuleManager: Shutting down and abandoning module AddContentDialog (184)
[2015.10.15-15.08.27:705][571]LogModuleManager: Shutting down and abandoning module EditorWidgets (183)
[2015.10.15-15.08.27:705][571]LogModuleManager: Shutting down and abandoning module CollectionManager (182)
[2015.10.15-15.08.27:705][571]LogModuleManager: Shutting down and abandoning module StatsViewer (181)
[2015.10.15-15.08.27:705][571]LogModuleManager: Shutting down and abandoning module FoliageEdit (180)
[2015.10.15-15.08.27:705][571]LogModuleManager: Shutting down and abandoning module LandscapeEditor (179)
[2015.10.15-15.08.27:706][571]LogModuleManager: Shutting down and abandoning module ActorPickerMode (178)
[2015.10.15-15.08.27:706][571]LogModuleManager: Shutting down and abandoning module GeometryMode (177)
[2015.10.15-15.08.27:706][571]LogModuleManager: Shutting down and abandoning module TextureAlignMode (176)
[2015.10.15-15.08.27:706][571]LogModuleManager: Shutting down and abandoning module BspMode (175)
[2015.10.15-15.08.27:706][571]LogModuleManager: Shutting down and abandoning module PlacementMode (174)
[2015.10.15-15.08.27:706][571]LogModuleManager: Shutting down and abandoning module AutomationWorker (173)
[2015.10.15-15.08.27:706][571]LogModuleManager: Shutting down and abandoning module CharacterAI (172)
[2015.10.15-15.08.27:706][571]LogModuleManager: Shutting down and abandoning module SmartSnapping (171)
[2015.10.15-15.08.27:706][571]LogModuleManager: Shutting down and abandoning module ViewportSnapping (170)
[2015.10.15-15.08.27:706][571]LogModuleManager: Shutting down and abandoning module LogVisualizer (169)
[2015.10.15-15.08.27:706][571]LogModuleManager: Shutting down and abandoning module GameProjectGeneration (168)
[2015.10.15-15.08.27:706][571]LogModuleManager: Shutting down and abandoning module IntroTutorials (167)
[2015.10.15-15.08.27:707][571]LogModuleManager: Shutting down and abandoning module EditorLiveStreaming (166)
[2015.10.15-15.08.27:707][571]LogModuleManager: Shutting down and abandoning module IOSPlatformEditor (165)
[2015.10.15-15.08.27:707][571]LogModuleManager: Shutting down and abandoning module HTML5PlatformEditor (164)
[2015.10.15-15.08.27:707][571]LogModuleManager: Shutting down and abandoning module AndroidDeviceDetection (163)
[2015.10.15-15.08.28:191][571]LogModuleManager: Shutting down and abandoning module AndroidPlatformEditor (162)
[2015.10.15-15.08.28:191][571]LogModuleManager: Shutting down and abandoning module IOSRuntimeSettings (161)
[2015.10.15-15.08.28:191][571]LogModuleManager: Shutting down and abandoning module AndroidRuntimeSettings (160)
[2015.10.15-15.08.28:191][571]LogModuleManager: Shutting down and abandoning module MergeActors (159)
[2015.10.15-15.08.28:191][571]LogModuleManager: Shutting down and abandoning module SizeMap (158)
[2015.10.15-15.08.28:191][571]LogModuleManager: Shutting down and abandoning module TreeMap (157)
[2015.10.15-15.08.28:191][571]LogModuleManager: Shutting down and abandoning module ReferenceViewer (156)
[2015.10.15-15.08.28:191][571]LogModuleManager: Shutting down and abandoning module LocalizationDashboard (155)
[2015.10.15-15.08.28:191][571]LogModuleManager: Shutting down and abandoning module HardwareTargeting (154)
[2015.10.15-15.08.28:191][571]LogModuleManager: Shutting down and abandoning module DeviceProfileEditor (153)
[2015.10.15-15.08.28:191][571]LogModuleManager: Shutting down and abandoning module UndoHistory (152)
[2015.10.15-15.08.28:191][571]LogModuleManager: Shutting down and abandoning module GameplayTagsEditor (151)
[2015.10.15-15.08.28:191][571]LogModuleManager: Shutting down and abandoning module UserFeedback (150)
[2015.10.15-15.08.28:191][571]LogModuleManager: Shutting down and abandoning module XmlParser (149)
[2015.10.15-15.08.28:191][571]LogModuleManager: Shutting down and abandoning module Blutility (148)
[2015.10.15-15.08.28:191][571]LogModuleManager: Shutting down and abandoning module ProjectTargetPlatformEditor (147)
[2015.10.15-15.08.28:191][571]LogModuleManager: Shutting down and abandoning module ProjectSettingsViewer (146)
[2015.10.15-15.08.28:191][571]LogModuleManager: Shutting down and abandoning module InputBindingEditor (145)
[2015.10.15-15.08.28:191][571]LogModuleManager: Shutting down and abandoning module EditorSettingsViewer (144)
[2015.10.15-15.08.28:192][571]LogModuleManager: Shutting down and abandoning module SettingsEditor (143)
[2015.10.15-15.08.28:192][571]LogModuleManager: Shutting down and abandoning module ProjectLauncher (142)
[2015.10.15-15.08.28:192][571]LogModuleManager: Shutting down and abandoning module SessionFrontend (141)
[2015.10.15-15.08.28:192][571]LogModuleManager: Shutting down and abandoning module ProfilerClient (140)
[2015.10.15-15.08.28:192][571]LogModuleManager: Shutting down and abandoning module TargetDeviceServices (139)
[2015.10.15-15.08.28:192][571]LogModuleManager: Shutting down and abandoning module DeviceManager (138)
[2015.10.15-15.08.28:192][571]LogModuleManager: Shutting down and abandoning module AutomationController (137)
[2015.10.15-15.08.28:192][571]LogModuleManager: Shutting down and abandoning module AutomationWindow (136)
[2015.10.15-15.08.28:193][571]LogModuleManager: Shutting down and abandoning module Layers (135)
[2015.10.15-15.08.28:194][571]LogModuleManager: Shutting down and abandoning module ComponentVisualizers (134)
[2015.10.15-15.08.28:194][571]LogModuleManager: Shutting down and abandoning module DetailCustomizations (133)
[2015.10.15-15.08.28:195][571]LogModuleManager: Shutting down and abandoning module PackagesDialog (132)
[2015.10.15-15.08.28:195][571]LogModuleManager: Shutting down and abandoning module AssetRegistry (131)
[2015.10.15-15.08.28:306][571]LogModuleManager: Shutting down and abandoning module Persona (130)
[2015.10.15-15.08.28:306][571]LogModuleManager: Shutting down and abandoning module Kismet (129)
[2015.10.15-15.08.28:307][571]LogModuleManager: Shutting down and abandoning module GraphEditor (128)
[2015.10.15-15.08.28:308][571]LogModuleManager: Shutting down and abandoning module ClassViewer (127)
[2015.10.15-15.08.28:308][571]LogModuleManager: Shutting down and abandoning module Toolbox (126)
[2015.10.15-15.08.28:308][571]LogModuleManager: Shutting down and abandoning module ModuleUI (125)
[2015.10.15-15.08.28:309][571]LogModuleManager: Shutting down and abandoning module MovieSceneTools (124)
[2015.10.15-15.08.28:309][571]LogModuleManager: Shutting down and abandoning module OutputLog (123)
[2015.10.15-15.08.28:309][571]LogModuleManager: Shutting down and abandoning module GammaUI (122)
[2015.10.15-15.08.28:309][571]LogModuleManager: Shutting down and abandoning module Documentation (121)
[2015.10.15-15.08.28:309][571]LogModuleManager: Shutting down and abandoning module GameLiveStreaming (120)
[2015.10.15-15.08.28:309][571]LogModuleManager: Shutting down and abandoning module StreamingPauseRendering (119)
[2015.10.15-15.08.28:309][571]LogModuleManager: Shutting down and abandoning module AnalyticsET (118)
[2015.10.15-15.08.28:309][571]LogModuleManager: Shutting down and abandoning module Analytics (117)
[2015.10.15-15.08.28:309][571]LogModuleManager: Shutting down and abandoning module AITestSuite (116)
[2015.10.15-15.08.28:309][571]LogModuleManager: Shutting down and abandoning module GameplayDebugger (115)
[2015.10.15-15.08.28:309][571]LogModuleManager: Shutting down and abandoning module AIModule (114)
[2015.10.15-15.08.28:309][571]LogModuleManager: Shutting down and abandoning module ProfilerService (113)
[2015.10.15-15.08.28:314][571]LogModuleManager: Shutting down and abandoning module TaskGraph (112)
[2015.10.15-15.08.28:314][571]LogModuleManager: Shutting down and abandoning module SlateRemote (111)
[2015.10.15-15.08.28:314][571]LogModuleManager: Shutting down and abandoning module SteamVRController (110)
[2015.10.15-15.08.28:314][571]LogModuleManager: Shutting down and abandoning module SteamVR (109)
[2015.10.15-15.08.28:314][571]LogModuleManager: Shutting down and abandoning module ProceduralMeshComponent (108)
[2015.10.15-15.08.28:314][571]LogModuleManager: Shutting down and abandoning module OculusRift (107)
[2015.10.15-15.08.28:314][571]LogModuleManager: Shutting down and abandoning module LeapMotionController (106)
[2015.10.15-15.08.28:324][571]LogModuleManager: Shutting down and abandoning module CustomMeshComponent (105)
[2015.10.15-15.08.28:324][571]LogModuleManager: Shutting down and abandoning module CableComponent (104)
[2015.10.15-15.08.28:324][571]LogModuleManager: Shutting down and abandoning module MessagingDebugger (103)
[2015.10.15-15.08.28:325][571]LogModuleManager: Shutting down and abandoning module MediaPlayerEditor (102)
[2015.10.15-15.08.28:325][571]LogModuleManager: Shutting down and abandoning module SpeedTreeImporter (101)
[2015.10.15-15.08.28:325][571]LogModuleManager: Shutting down and abandoning module PluginBrowser (100)
[2015.10.15-15.08.28:325][571]LogModuleManager: Shutting down and abandoning module EpicSurvey (99)
[2015.10.15-15.08.28:325][571]LogModuleManager: Shutting down and abandoning module DesktopPlatform (98)
[2015.10.15-15.08.28:325][571]LogModuleManager: Shutting down and abandoning module VisualStudioSourceCodeAccess (97)
[2015.10.15-15.08.28:325][571]LogModuleManager: Shutting down and abandoning module UObjectPlugin (96)
[2015.10.15-15.08.28:325][571]LogModuleManager: Shutting down and abandoning module SubversionSourceControl (95)
[2015.10.15-15.08.28:325][571]LogModuleManager: Shutting down and abandoning module PerforceSourceControl (94)
[2015.10.15-15.08.28:325][571]LogModuleManager: Shutting down and abandoning module SourceControl (93)
[2015.10.15-15.08.28:325][571]LogModuleManager: Shutting down and abandoning module GitSourceControl (92)
[2015.10.15-15.08.28:325][571]LogModuleManager: Shutting down and abandoning module BlankPlugin (91)
[2015.10.15-15.08.28:325][571]LogModuleManager: Shutting down and abandoning module PaperTiledImporter (90)
[2015.10.15-15.08.28:325][571]LogModuleManager: Shutting down and abandoning module PaperSpriteSheetImporter (89)
[2015.10.15-15.08.28:325][571]LogModuleManager: Shutting down and abandoning module MeshPaint (88)
[2015.10.15-15.08.28:325][571]LogModuleManager: Shutting down and abandoning module SlateReflector (87)
[2015.10.15-15.08.28:325][571]LogModuleManager: Shutting down and abandoning module DirectoryWatcher (86)
[2015.10.15-15.08.28:326][571]LogModuleManager: Shutting down and abandoning module HotReload (85)
[2015.10.15-15.08.28:326][571]LogModuleManager: Shutting down and abandoning module MainFrame (84)
[2015.10.15-15.08.28:326][571]LogModuleManager: Shutting down and abandoning module LevelEditor (83)
[2015.10.15-15.08.28:327][571]LogModuleManager: Shutting down and abandoning module ContentBrowser (82)
[2015.10.15-15.08.28:328][571]LogModuleManager: Shutting down and abandoning module Paper2DEditor (81)
[2015.10.15-15.08.28:328][571]LogModuleManager: Shutting down and abandoning module UdpMessaging (80)
[2015.10.15-15.08.28:430][571]LogModuleManager: Shutting down and abandoning module Paper2D (79)
[2015.10.15-15.08.28:430][571]LogModuleManager: Shutting down and abandoning module WindowsMoviePlayer (78)
[2015.10.15-15.08.28:432][571]LogModuleManager: Shutting down and abandoning module Media (77)
[2015.10.15-15.08.28:432][571]LogModuleManager: Shutting down and abandoning module WmfMedia (76)
[2015.10.15-15.08.28:432][571]LogModuleManager: Shutting down and abandoning module OnlineBlueprintSupport (75)
[2015.10.15-15.08.28:432][571]LogModuleManager: Shutting down and abandoning module PropertyEditor (74)
[2015.10.15-15.08.28:432][571]LogModuleManager: Shutting down and abandoning module BehaviorTreeEditor (73)
[2015.10.15-15.08.28:433][571]LogModuleManager: Shutting down and abandoning module FunctionalTesting (72)
[2015.10.15-15.08.28:433][571]LogModuleManager: Shutting down and abandoning module CollisionAnalyzer (71)
[2015.10.15-15.08.28:433][571]LogModuleManager: Shutting down and abandoning module WorkspaceMenuStructure (70)
[2015.10.15-15.08.28:433][571]LogModuleManager: Shutting down and abandoning module MessageLog (69)
[2015.10.15-15.08.28:433][571]LogModuleManager: Shutting down and abandoning module Sequencer (68)
[2015.10.15-15.08.28:435][571]LogModuleManager: Shutting down and abandoning module AssetTools (67)
[2015.10.15-15.08.28:436][571]LogModuleManager: Shutting down and abandoning module UMGEditor (66)
[2015.10.15-15.08.28:436][571]LogModuleManager: Shutting down and abandoning module UMG (65)
[2015.10.15-15.08.28:437][571]LogModuleManager: Shutting down and abandoning module Slate (64)
[2015.10.15-15.08.28:437][571]LogModuleManager: Shutting down and abandoning module EditorStyle (63)
[2015.10.15-15.08.28:440][571]LogModuleManager: Shutting down and abandoning module SessionServices (62)
[2015.10.15-15.08.28:440][571]LogModuleManager: Shutting down and abandoning module SourceCodeAccess (61)
[2015.10.15-15.08.28:440][571]LogModuleManager: Shutting down and abandoning module HeadMountedDisplay (60)
[2015.10.15-15.08.28:440][571]LogModuleManager: Shutting down and abandoning module XAudio2 (59)
[2015.10.15-15.08.28:440][571]LogModuleManager: Shutting down and abandoning module Networking (57)
[2015.10.15-15.08.28:440][571]LogModuleManager: Shutting down and abandoning module Core (56)
[2015.10.15-15.08.28:440][571]LogModuleManager: Shutting down and abandoning module KismetCompiler (55)
[2015.10.15-15.08.28:440][571]LogModuleManager: Shutting down and abandoning module PhysXFormats (54)
[2015.10.15-15.08.28:440][571]LogModuleManager: Shutting down and abandoning module MeshUtilities (53)
[2015.10.15-15.08.28:440][571]LogModuleManager: Shutting down and abandoning module DerivedDataCache (52)
[2015.10.15-15.08.28:550][571]LogDerivedDataCache: Shutdown
[2015.10.15-15.08.28:550][571]LogModuleManager: Shutting down and abandoning module ShaderFormatOpenGL (51)
[2015.10.15-15.08.28:551][571]LogModuleManager: Shutting down and abandoning module ShaderFormatD3D (50)
[2015.10.15-15.08.28:551][571]LogModuleManager: Shutting down and abandoning module MetalShaderFormat (49)
[2015.10.15-15.08.28:551][571]LogModuleManager: Shutting down and abandoning module TextureFormatUncompressed (48)
[2015.10.15-15.08.28:551][571]LogModuleManager: Shutting down and abandoning module TextureFormatPVR (47)
[2015.10.15-15.08.28:551][571]LogModuleManager: Shutting down and abandoning module TextureFormatIntelISPCTexComp (46)
[2015.10.15-15.08.28:551][571]LogModuleManager: Shutting down and abandoning module TextureFormatDXT (45)
[2015.10.15-15.08.28:551][571]LogModuleManager: Shutting down and abandoning module ImageWrapper (44)
[2015.10.15-15.08.28:551][571]LogModuleManager: Shutting down and abandoning module TextureFormatASTC (43)
[2015.10.15-15.08.28:551][571]LogModuleManager: Shutting down and abandoning module TextureFormatAndroid (42)
[2015.10.15-15.08.28:551][571]LogModuleManager: Shutting down and abandoning module AudioFormatOpus (41)
[2015.10.15-15.08.28:551][571]LogModuleManager: Shutting down and abandoning module AudioFormatOgg (40)
[2015.10.15-15.08.28:551][571]LogModuleManager: Shutting down and abandoning module AudioFormatADPCM (39)
[2015.10.15-15.08.28:551][571]LogModuleManager: Shutting down and abandoning module LinuxTargetPlatform (38)
[2015.10.15-15.08.28:551][571]LogModuleManager: Shutting down and abandoning module LinuxServerTargetPlatform (37)
[2015.10.15-15.08.28:551][571]LogModuleManager: Shutting down and abandoning module LinuxNoEditorTargetPlatform (36)
[2015.10.15-15.08.28:551][571]LogModuleManager: Shutting down and abandoning module Messaging (35)
[2015.10.15-15.08.28:551][571]LogModuleManager: Shutting down and abandoning module IOSTargetPlatform (34)
[2015.10.15-15.08.28:551][571]LogModuleManager: Shutting down and abandoning module HTML5TargetPlatform (33)
[2015.10.15-15.08.28:551][571]LogModuleManager: Shutting down and abandoning module Android_PVRTCTargetPlatform (32)
[2015.10.15-15.08.28:551][571]LogModuleManager: Shutting down and abandoning module Android_ETC2TargetPlatform (31)
[2015.10.15-15.08.28:551][571]LogModuleManager: Shutting down and abandoning module Android_ETC1TargetPlatform (30)
[2015.10.15-15.08.28:551][571]LogModuleManager: Shutting down and abandoning module Android_DXTTargetPlatform (29)
[2015.10.15-15.08.28:551][571]LogModuleManager: Shutting down and abandoning module Android_ATCTargetPlatform (28)
[2015.10.15-15.08.28:551][571]LogModuleManager: Shutting down and abandoning module Android_ASTCTargetPlatform (27)
[2015.10.15-15.08.28:551][571]LogModuleManager: Shutting down and abandoning module AndroidTargetPlatform (26)
[2015.10.15-15.08.28:551][571]LogModuleManager: Shutting down and abandoning module WindowsTargetPlatform (25)
[2015.10.15-15.08.28:551][571]LogModuleManager: Shutting down and abandoning module WindowsServerTargetPlatform (24)
[2015.10.15-15.08.28:551][571]LogModuleManager: Shutting down and abandoning module WindowsNoEditorTargetPlatform (23)
[2015.10.15-15.08.28:551][571]LogModuleManager: Shutting down and abandoning module WindowsClientTargetPlatform (22)
[2015.10.15-15.08.28:551][571]LogModuleManager: Shutting down and abandoning module DesktopTargetPlatform (21)
[2015.10.15-15.08.28:551][571]LogModuleManager: Shutting down and abandoning module TargetPlatform (20)
[2015.10.15-15.08.28:552][571]LogModuleManager: Shutting down and abandoning module InputCore (19)
[2015.10.15-15.08.28:552][571]LogModuleManager: Shutting down and abandoning module Settings (18)
[2015.10.15-15.08.28:552][571]LogModuleManager: Shutting down and abandoning module OnlineSubsystem (16)
[2015.10.15-15.08.28:552][571]LogModuleManager: Shutting down and abandoning module HTTP (15)
[2015.10.15-15.08.28:552][571]LogModuleManager: Shutting down and abandoning module ExampleDeviceProfileSelector (14)
[2015.10.15-15.08.28:552][571]LogModuleManager: Shutting down and abandoning module TextureCompressor (13)
[2015.10.15-15.08.28:552][571]LogModuleManager: Shutting down and abandoning module ShaderCore (12)
[2015.10.15-15.08.28:552][571]LogModuleManager: Shutting down and abandoning module Landscape (11)
[2015.10.15-15.08.28:552][571]LogModuleManager: Shutting down and abandoning module SlateRHIRenderer (10)
[2015.10.15-15.08.28:553][571]LogModuleManager: Shutting down and abandoning module OpenGLDrv (9)
[2015.10.15-15.08.28:553][571]LogModuleManager: Shutting down and abandoning module D3D11RHI (8)
[2015.10.15-15.08.28:553][571]LogModuleManager: Shutting down and abandoning module Renderer (7)
[2015.10.15-15.08.28:553][571]LogModuleManager: Shutting down and abandoning module Engine (6)
[2015.10.15-15.08.28:554][571]LogModuleManager: Shutting down and abandoning module CoreUObject (5)
[2015.10.15-15.08.28:554][571]LogModuleManager: Shutting down and abandoning module NetworkFile (4)
[2015.10.15-15.08.28:554][571]LogModuleManager: Shutting down and abandoning module StreamingFile (3)
[2015.10.15-15.08.28:554][571]LogModuleManager: Shutting down and abandoning module SandboxFile (2)
[2015.10.15-15.08.28:554][571]LogModuleManager: Shutting down and abandoning module PakFile (1)
[2015.10.15-15.08.28:554][571]LogExit: Exiting.
[2015.10.15-15.08.28:555][571]Log file closed, 10/15/15 11:08:28
