[2015.10.03-17.20.10:779][  0]Log file open, 10/03/15 13:20:10
[2015.10.03-17.20.10:779][  0]LogInit:Display: Running engine for game: MyProject3
[2015.10.03-17.20.10:779][  0]LogInit:Display: RandInit(366867348) SRandInit(366867348).
[2015.10.03-17.20.10:779][  0]LogTaskGraph: Started task graph with 4 named threads and 7 total threads.
[2015.10.03-17.20.10:779][  0]LogStats: Stats thread started
[2015.10.03-17.20.10:780][  0]LogInit: Version: 4.8.3-2634408+++depot+UE4-Releases+4.8
[2015.10.03-17.20.10:780][  0]LogInit: API Version: 2579680
[2015.10.03-17.20.10:780][  0]LogInit: Compiled (64-bit): Jul 27 2015 16:24:33
[2015.10.03-17.20.10:780][  0]LogInit: Compiled with Visual C++: 18.00.21005.01
[2015.10.03-17.20.10:780][  0]LogInit: Build Configuration: Development
[2015.10.03-17.20.10:780][  0]LogInit: Branch Name: ++depot+UE4-Releases+4.8
[2015.10.03-17.20.10:780][  0]LogInit: Command line:  
[2015.10.03-17.20.10:780][  0]LogInit: Base directory: C:/Program Files/Epic Games/4.8/Engine/Binaries/Win64/
[2015.10.03-17.20.10:780][  0]LogInit: Rocket: 1
[2015.10.03-17.20.10:888][  0]LogInit: Using libcurl 7.41.0
[2015.10.03-17.20.10:888][  0]LogInit:  - built for x86_64-pc-win32
[2015.10.03-17.20.10:888][  0]LogInit:  - supports SSL with WinSSL
[2015.10.03-17.20.10:888][  0]LogInit:  - other features:
[2015.10.03-17.20.10:888][  0]LogInit:      CURL_VERSION_SSL
[2015.10.03-17.20.10:888][  0]LogInit:      CURL_VERSION_IPV6
[2015.10.03-17.20.10:888][  0]LogInit:      CURL_VERSION_ASYNCHDNS
[2015.10.03-17.20.10:888][  0]LogInit:      CURL_VERSION_LARGEFILE
[2015.10.03-17.20.10:888][  0]LogInit:      CURL_VERSION_IDN
[2015.10.03-17.20.10:888][  0]LogInit:  CurlRequestOptions (configurable via config and command line):
[2015.10.03-17.20.10:888][  0]LogInit:  - bVerifyPeer = true  - Libcurl will verify peer certificate
[2015.10.03-17.20.10:888][  0]LogInit:  - bUseHttpProxy = false  - Libcurl will NOT use HTTP proxy
[2015.10.03-17.20.10:888][  0]LogInit:  - bDontReuseConnections = false  - Libcurl will reuse connections
[2015.10.03-17.20.10:889][  0]LogInit:  - CertBundlePath = nullptr  - Libcurl will use whatever was configured at build time.
[2015.10.03-17.20.10:908][  0]LogOnline:Warning: No default platform service specified for OnlineSubsystem
[2015.10.03-17.20.11:316][  0]LogInit: Presizing for 0 objects not considered by GC, pre-allocating 0 bytes.
[2015.10.03-17.20.11:323][  0]LogInit: Object subsystem initialized
[2015.10.03-17.20.11:325][  0]LogConsoleResponse:Warning: Skipping Unknown console variable: 'TranslucentSortAxis = (X=0.000000,Y=-1.000000,Z=0.000000)'
[2015.10.03-17.20.11:325][  0]LogConsoleResponse:Warning:   Found in ini file 'C:/Users/Zane/Documents/Unreal Projects/MyProject3/Saved/Config/Windows/Engine.ini', in section '[/Script/Engine.RendererSettings]'
[2015.10.03-17.20.11:325][  0]LogConsoleResponse:Warning: Skipping Unknown console variable: 'UIScaleRule = ShortestSide'
[2015.10.03-17.20.11:325][  0]LogConsoleResponse:Warning:   Found in ini file 'C:/Users/Zane/Documents/Unreal Projects/MyProject3/Saved/Config/Windows/Engine.ini', in section '[/Script/Engine.RendererSettings]'
[2015.10.03-17.20.11:325][  0]LogConsoleResponse:Warning: Skipping Unknown console variable: 'UIScaleCurve = (EditorCurveData=(Keys=),ExternalCurve=None)'
[2015.10.03-17.20.11:325][  0]LogConsoleResponse:Warning:   Found in ini file 'C:/Users/Zane/Documents/Unreal Projects/MyProject3/Saved/Config/Windows/Engine.ini', in section '[/Script/Engine.RendererSettings]'
[2015.10.03-17.20.11:349][  0]LogInit: Selected Device Profile: [Windows]
[2015.10.03-17.20.11:349][  0]LogInit: Applying CVar settings loaded from the selected device profile: [Windows]
[2015.10.03-17.20.12:030][  0]LogInit: Computer: LOKI
[2015.10.03-17.20.12:030][  0]LogInit: User: Zane
[2015.10.03-17.20.12:030][  0]LogInit: CPU Page size=4096, Cores=4
[2015.10.03-17.20.12:030][  0]LogInit: High frequency timer resolution =2.338346 MHz
[2015.10.03-17.20.12:030][  0]LogMemory: Memory total: Physical=7.9GB (8GB approx)
[2015.10.03-17.20.12:030][  0]LogMemory: Platform Memory Stats for Windows
[2015.10.03-17.20.12:031][  0]LogMemory: Process Physical Memory: 48.30 MB used, 48.30 MB peak
[2015.10.03-17.20.12:031][  0]LogMemory: Process Virtual Memory: 24.33 MB used, 24.33 MB peak
[2015.10.03-17.20.12:031][  0]LogMemory: Physical Memory: 6632.85 MB used, 8100.97 MB total
[2015.10.03-17.20.12:031][  0]LogMemory: Virtual Memory: 294.02 MB used, 134217728.00 MB total
[2015.10.03-17.20.14:607][  0]LogTextLocalizationManager: The requested culture ('en_US') has no localization data; parent culture's ('en') localization data will be used.
[2015.10.03-17.20.16:386][  0]LogTextLocalizationManager:Warning: Loaded localization resources contain conflicting entries for (Namespace:ContentBrowser, Key:ImportAssetToolTip):
Localization Resource: (C:/Program Files/Epic Games/4.8/Engine/Content/Localization/Editor/en/Editor.locres) Source String Hash: (-630476809) Localized String: (Import to {0}...)
Localization Resource: (C:/Program Files/Epic Games/4.8/Engine/Content/Localization/Editor/en/Editor.locres) Source String Hash: (1271782899) Localized String: (Imports an asset from file to this folder.)
[2015.10.03-17.20.17:317][  0]LogD3D11RHI: Found D3D11 adapter 0: Intel(R) HD Graphics 4600 (Feature Level 11_0)
[2015.10.03-17.20.17:317][  0]LogD3D11RHI: Adapter has 0MB of dedicated video memory, 0MB of dedicated system memory, and 1792MB of shared system memory, 2 output[s]
[2015.10.03-17.20.17:372][  0]LogD3D11RHI: Found D3D11 adapter 1: NVIDIA GeForce GTX 765M  (Feature Level 11_0)
[2015.10.03-17.20.17:372][  0]LogD3D11RHI: Adapter has 1988MB of dedicated video memory, 0MB of dedicated system memory, and 2048MB of shared system memory, 0 output[s]
[2015.10.03-17.20.17:403][  0]LogD3D11RHI: Found D3D11 adapter 2: Microsoft Basic Render Driver (Feature Level 11_0)
[2015.10.03-17.20.17:403][  0]LogD3D11RHI: Adapter has 0MB of dedicated video memory, 0MB of dedicated system memory, and 256MB of shared system memory, 0 output[s]
[2015.10.03-17.20.17:403][  0]LogD3D11RHI: Chosen D3D11 Adapter Id = 0
[2015.10.03-17.20.17:460][  0]LogD3D11RHI: InitD3DDevice
[2015.10.03-17.20.17:460][  0]LogD3D11RHI: !Direct3DDevice
[2015.10.03-17.20.17:460][  0]LogRHI: Texture pool is 1361 MB (70% of 1945 MB)
[2015.10.03-17.20.17:473][  0]LogD3D11RHI: Async texture creation enabled
[2015.10.03-17.20.17:487][  0]LogShaderCompilers:Display: Using Local Shader Compiler.
[2015.10.03-17.20.31:079][  0]LogTemp:Display: Loaded TP DesktopTargetPlatform
[2015.10.03-17.20.31:113][  0]LogTemp:Display: Loaded TP WindowsClientTargetPlatform
[2015.10.03-17.20.31:169][  0]LogTemp:Display: Loaded TP WindowsNoEditorTargetPlatform
[2015.10.03-17.20.31:238][  0]LogTemp:Display: Loaded TP WindowsServerTargetPlatform
[2015.10.03-17.20.31:281][  0]LogTemp:Display: Loaded TP WindowsTargetPlatform
[2015.10.03-17.20.31:334][  0]LogTemp:Display: Loaded TP AndroidTargetPlatform
[2015.10.03-17.20.31:352][  0]LogTemp:Display: Loaded TP Android_ASTCTargetPlatform
[2015.10.03-17.20.31:412][  0]LogTemp:Display: Loaded TP Android_ATCTargetPlatform
[2015.10.03-17.20.31:484][  0]LogTemp:Display: Loaded TP Android_DXTTargetPlatform
[2015.10.03-17.20.31:536][  0]LogTemp:Display: Loaded TP Android_ETC1TargetPlatform
[2015.10.03-17.20.31:622][  0]LogTemp:Display: Loaded TP Android_ETC2TargetPlatform
[2015.10.03-17.20.31:684][  0]LogTemp:Display: Loaded TP Android_PVRTCTargetPlatform
[2015.10.03-17.20.31:874][  0]LogTemp:Display: Loaded TP IOSTargetPlatform
[2015.10.03-17.20.31:911][  0]LogTemp:Display: Loaded TP LinuxNoEditorTargetPlatform
[2015.10.03-17.20.31:972][  0]LogTemp:Display: Loaded TP LinuxServerTargetPlatform
[2015.10.03-17.20.32:025][  0]LogTemp:Display: Loaded TP LinuxTargetPlatform
[2015.10.03-17.20.32:025][  0]LogTargetPlatformManager:Display: Building Assets For Windows
[2015.10.03-17.20.33:991][  0]LogDerivedDataCache:Display: Max Cache Size: 512 MB
[2015.10.03-17.20.35:511][  0]LogDerivedDataCache: Loaded boot cache 1.50s 53MB C:/Users/Zane/AppData/Local/UnrealEngine/4.8/DerivedDataCache/Boot.ddc.
[2015.10.03-17.20.35:511][  0]LogDerivedDataCache:Display: Loaded Boot cache: C:/Users/Zane/AppData/Local/UnrealEngine/4.8/DerivedDataCache/Boot.ddc
[2015.10.03-17.20.35:511][  0]LogDerivedDataCache: FDerivedDataBackendGraph:  Pak pak cache file ../../../../../../Users/Zane/Documents/Unreal Projects/MyProject3/DerivedDataCache/DDC.ddp not found, will not use a pak cache.
[2015.10.03-17.20.35:511][  0]LogDerivedDataCache: Unable to find inner node Pak for hierarchical cache Hierarchy.
[2015.10.03-17.20.35:511][  0]LogDerivedDataCache: FDerivedDataBackendGraph:  CompressedPak pak cache file ../../../../../../Users/Zane/Documents/Unreal Projects/MyProject3/DerivedDataCache/Compressed.ddp not found, will not use a pak cache.
[2015.10.03-17.20.35:511][  0]LogDerivedDataCache: Unable to find inner node CompressedPak for hierarchical cache Hierarchy.
[2015.10.03-17.20.35:784][  0]LogDerivedDataCache:Display: Pak cache opened for reading ../../../Engine/DerivedDataCache/Compressed.ddp.
[2015.10.03-17.20.35:796][  0]LogDerivedDataCache: Using Local data cache path C:/Users/Zane/AppData/Local/UnrealEngine/Common/DerivedDataCache: Writable
[2015.10.03-17.20.54:006][  0]LogInit: Selected Device Profile: [Windows]
[2015.10.03-17.20.54:112][  0]ImportText (ComponentSweepMultiTests): Missing closing parenthesis: (RootShapeAsset="/Engine/BasicShapes/Cube.Cube",ShapeType="TriggerCapsule",HitResult=(Time=0.50,Location=(X=-100.000015,Y=0.0,Z=100.000015),ImpactPoint=(X=-50.0,Y=0.0,Z=50.0),Normal=(X=-1.0,Y=-0.0,Z=0.0),ImpactNormal=(X=0.0,Y=0.0,Z=1.0),TraceStart=(X=-200.0,Y=0.0,Z=200.0),TraceEnd=(X=0.0,Y=0.0,Z=0.0))
[2015.10.03-17.20.54:112][  0]ImportText (LineTraceSingleByChannelTests): Missing closing parenthesis: (RootShapeAsset="/Engine/BasicShapes/Cube.Cube",HitResult=(Time=0.50,Location=(X=-100.000015,Y=0.0,Z=100.000015),ImpactPoint=(X=-50.0,Y=0.0,Z=50.0),Normal=(X=-1.0,Y=-0.0,Z=0.0),ImpactNormal=(X=0.0,Y=0.0,Z=1.0),TraceStart=(X=-200.0,Y=0.0,Z=200.0),TraceEnd=(X=0.0,Y=0.0,Z=0.0))
[2015.10.03-17.20.54:203][  0]LogMeshUtilities: No automatic mesh reduction module available
[2015.10.03-17.20.54:203][  0]LogMeshUtilities: No automatic mesh merging module available
[2015.10.03-17.20.54:964][  0]LogInit: WinSock: version 1.1 (2.2), MaxSocks=32767, MaxUdp=65467
[2015.10.03-17.22.06:832][  0]UdpMessaging: Initializing bridge on interface 0.0.0.0:0 to multicast group 230.0.0.1:6666.
[2015.10.03-17.22.08:690][  0]SourceControl: Info Source control is disabled
[2015.10.03-17.22.09:036][  0]SourceControl: Info Source control is disabled
[2015.10.03-17.22.09:110][  0]SourceControl: Info Source control is disabled
[2015.10.03-17.22.09:221][  0]SourceControl: Info Source control is disabled
[2015.10.03-17.22.11:061][  0]LogObj: 26273 objects as part of root set at end of initial load.
[2015.10.03-17.22.11:061][  0]LogUObjectAllocator: 5409248 out of 0 bytes used by permanent object pool.
[2015.10.03-17.22.11:308][  0]LogEngine: Initializing Engine...
[2015.10.03-17.22.11:311][  0]LogHMD: Can't find Oculus library dev build: is proper Runtime installed? Version: 0.6.0.0
[2015.10.03-17.22.11:730][  0]LogHMD:Warning: SteamVR failed to initialize.  Error: 110
[2015.10.03-17.22.12:010][  0]LogAIModule: Creating AISystem for world NewWorld
[2015.10.03-17.22.12:055][  0]LogInit: XAudio2 using 'Speakers (Realtek High Definition Audio)' : 2 channels at 48 kHz using 32 bits per sample (channel mask 0x3)
[2015.10.03-17.22.12:063][  0]LogInit: FAudioDevice initialized.
[2015.10.03-17.22.12:101][  0]LogDerivedDataCache: Saved boot cache 0.04s 53MB C:/Users/Zane/AppData/Local/UnrealEngine/4.8/DerivedDataCache/Boot.ddc.
[2015.10.03-17.22.12:108][  0]LogInit: Texture streaming: Disabled
[2015.10.03-17.22.12:314][  0]LogAnalytics: Creating configured Analytics provider AnalyticsET
[2015.10.03-17.22.12:314][  0]LogAnalytics: [UEEditor.Rocket.Release] APIServer = http://et2.epicgames.com/ET2/. AppVersion = 4.8.3-2634408+++depot+UE4-Releases+4.8
[2015.10.03-17.22.12:314][  0]LogAnalytics: [UEEditor.Rocket.Release] SetUserId 9cb56b174d5077bbf1ceb38939ed46c4|1b7933b493ec4b32914f7af7f3cb99a8|ebeaf058-ca58-4938-a6da-10da74e1d320
[2015.10.03-17.22.12:314][  0]LogAnalytics: [UEEditor.Rocket.Release] AnalyticsET::StartSession
[2015.10.03-17.22.12:473][  0]LogInit: Transaction tracking system initialized
[2015.10.03-17.22.13:146][  0]BlueprintLog: New page: Editor Load
[2015.10.03-17.22.13:265][  0]LogAssetRegistry: FAssetRegistry took 0.0120 seconds to start up
[2015.10.03-17.22.13:266][  0]LogDirectoryWatcher:Warning: Failed to begin reading directory changes for ../../../Engine/Plugins/Experimental/CharacterAI/Content/. Error: 0
[2015.10.03-17.22.24:721][  0]LogConsoleManager:Warning: Console variable 'r.VSync' wasn't set ('GameSetting' has a lower priority than 'SystemSettingsIni')
[2015.10.03-17.22.24:722][  0]LogConsoleResponse:Display: 
[2015.10.03-17.22.25:828][  0]LogCook:Display: Done creating registry. It took  0.00s.
[2015.10.03-17.22.28:770][  0]SourceControl: Info Source control is disabled
[2015.10.03-17.22.28:770][  0]Cmd: MAP LOAD FILE="../../../../../../Users/Zane/Documents/Unreal Projects/MyProject3/Content/FlyingBP/Maps/FlyingExampleMap.umap" TEMPLATE=0 SHOWPROGRESS=1 FEATURELEVEL=3
[2015.10.03-17.22.28:924][  0]LightingResults: New page: Lighting Build
[2015.10.03-17.22.28:938][  0]MapCheck: New page: Map Check
[2015.10.03-17.22.28:938][  0]LightingResults: New page: Lighting Build
[2015.10.03-17.22.28:947][  0]LogParticles: Destroying 0 GPU particle simulations for FXSystem 0x00000084205149A0
[2015.10.03-17.22.42:565][  0]LogMaterial: Missing cached shader map for material M_explosion_subUV, compiling. 
[2015.10.03-17.22.43:033][  0]LogMaterial:Warning: Failed to compile Material /Game/StarterContent/Particles/Materials/M_explosion_subUV.M_explosion_subUV for platform PCD3D_SM5, Default Material will be used in game.
[2015.10.03-17.22.43:033][  0]LogMaterial:Warning: 	(Node ParticleSubUV) Missing ParticleSubUV input texture
[2015.10.03-17.22.43:122][  0]LogMaterial: Missing cached shader map for material M_Burst, compiling. 
[2015.10.03-17.22.43:122][  0]LogMaterial:Warning: Failed to compile Material /Game/StarterContent/Particles/Materials/M_Burst.M_Burst for platform PCD3D_SM5, Default Material will be used in game.
[2015.10.03-17.22.43:122][  0]LogMaterial:Warning: 	(Node TextureSample) TextureSample> Missing input texture
[2015.10.03-17.22.43:123][  0]LogMaterial: Missing cached shader map for material M_smoke_subUV, compiling. 
[2015.10.03-17.22.43:124][  0]LogMaterial:Warning: Failed to compile Material /Game/StarterContent/Particles/Materials/M_smoke_subUV.M_smoke_subUV for platform PCD3D_SM5, Default Material will be used in game.
[2015.10.03-17.22.43:124][  0]LogMaterial:Warning: 	(Node TextureSample) TextureSample> Missing input texture
[2015.10.03-17.22.43:124][  0]LogMaterial:Warning: 	(Node ParticleSubUV) Missing ParticleSubUV input texture
[2015.10.03-17.22.43:216][  0]LogMaterial: Missing cached shader map for material M_Brick_Cut_Stone, compiling. 
[2015.10.03-17.22.43:217][  0]LogMaterial:Warning: Failed to compile Material /Game/StarterContent/Materials/M_Brick_Cut_Stone.M_Brick_Cut_Stone for platform PCD3D_SM5, Default Material will be used in game.
[2015.10.03-17.22.43:217][  0]LogMaterial:Warning: 	(Node TextureSample) TextureSample> Missing input texture
[2015.10.03-17.22.43:266][  0]LogMaterial: Missing cached shader map for material M_Concrete_Grime, compiling. 
[2015.10.03-17.22.43:266][  0]LogMaterial:Warning: Failed to compile Material /Game/StarterContent/Materials/M_Concrete_Grime.M_Concrete_Grime for platform PCD3D_SM5, Default Material will be used in game.
[2015.10.03-17.22.43:266][  0]LogMaterial:Warning: 	(Node TextureSample) TextureSample> Missing input texture
[2015.10.03-17.22.43:270][  0]LogMaterial: Missing cached shader map for material M_Tech_Hex_Tile_Pulse, compiling. 
[2015.10.03-17.22.43:270][  0]LogMaterial:Warning: Failed to compile Material /Game/StarterContent/Materials/M_Tech_Hex_Tile_Pulse.M_Tech_Hex_Tile_Pulse for plat